Using pre-set license
Built from '2020.3/staging' branch; Version is '2020.3.0f1 (c7b5465681fb) revision 13088070'; Using compiler version '192528614'; Build Type 'Release'
OS: 'Windows 10 Home; OS build 19042.1165; Version 2009; 64bit' Language: 'sv' Physical Memory: 8132 MB
BatchMode: 1, IsHumanControllingUs: 0, StartBugReporterOnCrash: 0, Is64bit: 1, IsPro: 0

 COMMAND LINE ARGUMENTS:
D:\Unity\Unity Engine\2020.3.0f1\Editor\Unity.exe
-adb2
-batchMode
-noUpm
-name
AssetImportWorker4
-projectPath
D:/GitHub/INCANTATION_GAME/INCANTATION
-logFile
Logs/AssetImportWorker4.log
-srvPort
63315
Successfully changed project path to: D:/GitHub/INCANTATION_GAME/INCANTATION
D:/GitHub/INCANTATION_GAME/INCANTATION
Using Asset Import Pipeline V2.
Refreshing native plugins compatible for Editor in 63.36 ms, found 1 plugins.
Preloading 0 native plugins for Editor in 0.00 ms.
Initialize engine version: 2020.3.0f1 (c7b5465681fb)
[Subsystems] Discovering subsystems at path D:/Unity/Unity Engine/2020.3.0f1/Editor/Data/Resources/UnitySubsystems
[Subsystems] Discovering subsystems at path D:/GitHub/INCANTATION_GAME/INCANTATION/Assets
GfxDevice: creating device client; threaded=0
Direct3D:
    Version:  Direct3D 11.0 [level 11.1]
    Renderer: NVIDIA GeForce GTX 970 (ID=0x13c2)
    Vendor:   
    VRAM:     4043 MB
    Driver:   27.21.14.6611
Shader 'Universal Render Pipeline/Particles/Lit': fallback shader 'Universal Render Pipeline/Particles/SimpleLit' not found
Initialize mono
Mono path[0] = 'D:/Unity/Unity Engine/2020.3.0f1/Editor/Data/Managed'
Mono path[1] = 'D:/Unity/Unity Engine/2020.3.0f1/Editor/Data/MonoBleedingEdge/lib/mono/unityjit'
Mono config path = 'D:/Unity/Unity Engine/2020.3.0f1/Editor/Data/MonoBleedingEdge/etc'
Using monoOptions --debugger-agent=transport=dt_socket,embedding=1,server=y,suspend=n,address=127.0.0.1:56940
Begin MonoManager ReloadAssembly
Registering precompiled unity dll's ...
Register platform support module: D:/Unity/Unity Engine/2020.3.0f1/Editor/Data/PlaybackEngines/WebGLSupport/UnityEditor.WebGL.Extensions.dll
Register platform support module: D:/Unity/Unity Engine/2020.3.0f1/Editor/Data/PlaybackEngines/WindowsStandaloneSupport/UnityEditor.WindowsStandalone.Extensions.dll
Registered in 0.001198 seconds.
Native extension for WindowsStandalone target not found
Native extension for WebGL target not found
Refreshing native plugins compatible for Editor in 59.22 ms, found 1 plugins.
Preloading 0 native plugins for Editor in 0.00 ms.
Invoked RoslynAnalysisRunner static constructor.
RoslynAnalysisRunner will not be running.
RoslynAnalysisRunner has terminated.
Mono: successfully reloaded assembly
- Completed reload, in  1.647 seconds
Platform modules already initialized, skipping
Registering precompiled user dll's ...
Registered in 0.002086 seconds.
Begin MonoManager ReloadAssembly
Native extension for WindowsStandalone target not found
Native extension for WebGL target not found
Refreshing native plugins compatible for Editor in 61.08 ms, found 1 plugins.
Preloading 0 native plugins for Editor in 0.00 ms.
Invoked RoslynAnalysisRunner static constructor.
RoslynAnalysisRunner will not be running.
RoslynAnalysisRunner has terminated.
Mono: successfully reloaded assembly
- Completed reload, in  1.160 seconds
Platform modules already initialized, skipping
========================================================================
Worker process is ready to serve import requests
Shader 'Universal Render Pipeline/Particles/Lit': fallback shader 'Universal Render Pipeline/Particles/SimpleLit' not found
Launched and connected shader compiler UnityShaderCompiler.exe after 0.17 seconds
Refreshing native plugins compatible for Editor in 0.72 ms, found 1 plugins.
Preloading 0 native plugins for Editor in 0.00 ms.
Unloading 3148 Unused Serialized files (Serialized files now loaded: 0)
System memory in use before: 139.4 MB.
System memory in use after: 139.6 MB.

Unloading 20 unused Assets to reduce memory usage. Loaded Objects now: 3601.
Total: 3.147500 ms (FindLiveObjects: 0.428600 ms CreateObjectMapping: 0.269200 ms MarkObjects: 2.387900 ms  DeleteObjects: 0.060900 ms)

========================================================================
Received Import Request.
  path: Assets/Scripts/Player/PlayerMovement.cs
  artifactKey: Guid(2b96202d2c9b3a347b0aa600c170c1fd) Importer(815301076,1909f56bfc062723c751e8b465ee728b)
Start importing Assets/Scripts/Player/PlayerMovement.cs using Guid(2b96202d2c9b3a347b0aa600c170c1fd) Importer(815301076,1909f56bfc062723c751e8b465ee728b)  -> (artifact id: '7885719f498f2f988a381c5e1e7c1deb') in 0.117092 seconds
  Import took 0.135864 seconds .

========================================================================
Received Prepare
Registering precompiled user dll's ...
Registered in 0.001716 seconds.
Begin MonoManager ReloadAssembly
Native extension for WindowsStandalone target not found
Native extension for WebGL target not found
Refreshing native plugins compatible for Editor in 0.66 ms, found 1 plugins.
Preloading 0 native plugins for Editor in 0.00 ms.
Invoked RoslynAnalysisRunner static constructor.
RoslynAnalysisRunner will not be running.
RoslynAnalysisRunner has terminated.
Mono: successfully reloaded assembly
- Completed reload, in  1.048 seconds
Platform modules already initialized, skipping
Shader 'Universal Render Pipeline/Particles/Lit': fallback shader 'Universal Render Pipeline/Particles/SimpleLit' not found
Refreshing native plugins compatible for Editor in 0.69 ms, found 1 plugins.
Preloading 0 native plugins for Editor in 0.00 ms.
Unloading 3027 Unused Serialized files (Serialized files now loaded: 0)
System memory in use before: 132.6 MB.
System memory in use after: 132.9 MB.

Unloading 9 unused Assets to reduce memory usage. Loaded Objects now: 3605.
Total: 3.348500 ms (FindLiveObjects: 0.453000 ms CreateObjectMapping: 0.339800 ms MarkObjects: 2.529100 ms  DeleteObjects: 0.025000 ms)

========================================================================
Received Prepare
Registering precompiled user dll's ...
Registered in 0.001829 seconds.
Begin MonoManager ReloadAssembly
Native extension for WindowsStandalone target not found
Native extension for WebGL target not found
Refreshing native plugins compatible for Editor in 0.69 ms, found 1 plugins.
Preloading 0 native plugins for Editor in 0.00 ms.
Invoked RoslynAnalysisRunner static constructor.
RoslynAnalysisRunner will not be running.
RoslynAnalysisRunner has terminated.
Mono: successfully reloaded assembly
- Completed reload, in  1.022 seconds
Platform modules already initialized, skipping
Shader 'Universal Render Pipeline/Particles/Lit': fallback shader 'Universal Render Pipeline/Particles/SimpleLit' not found
Refreshing native plugins compatible for Editor in 0.69 ms, found 1 plugins.
Preloading 0 native plugins for Editor in 0.00 ms.
Unloading 3027 Unused Serialized files (Serialized files now loaded: 0)
System memory in use before: 132.7 MB.
System memory in use after: 132.9 MB.

Unloading 9 unused Assets to reduce memory usage. Loaded Objects now: 3609.
Total: 3.108900 ms (FindLiveObjects: 0.428800 ms CreateObjectMapping: 0.338500 ms MarkObjects: 2.318400 ms  DeleteObjects: 0.021700 ms)

========================================================================
Received Prepare
Registering precompiled user dll's ...
Registered in 0.001638 seconds.
Begin MonoManager ReloadAssembly
Native extension for WindowsStandalone target not found
Native extension for WebGL target not found
Refreshing native plugins compatible for Editor in 0.70 ms, found 1 plugins.
Preloading 0 native plugins for Editor in 0.00 ms.
Invoked RoslynAnalysisRunner static constructor.
RoslynAnalysisRunner will not be running.
RoslynAnalysisRunner has terminated.
Mono: successfully reloaded assembly
- Completed reload, in  1.021 seconds
Platform modules already initialized, skipping
Shader 'Universal Render Pipeline/Particles/Lit': fallback shader 'Universal Render Pipeline/Particles/SimpleLit' not found
Refreshing native plugins compatible for Editor in 0.69 ms, found 1 plugins.
Preloading 0 native plugins for Editor in 0.00 ms.
Unloading 3027 Unused Serialized files (Serialized files now loaded: 0)
System memory in use before: 132.7 MB.
System memory in use after: 133.0 MB.

Unloading 9 unused Assets to reduce memory usage. Loaded Objects now: 3613.
Total: 4.028300 ms (FindLiveObjects: 0.650100 ms CreateObjectMapping: 0.385700 ms MarkObjects: 2.968300 ms  DeleteObjects: 0.022300 ms)

========================================================================
Received Prepare
Registering precompiled user dll's ...
Registered in 0.001671 seconds.
Begin MonoManager ReloadAssembly
Native extension for WindowsStandalone target not found
Native extension for WebGL target not found
Refreshing native plugins compatible for Editor in 0.69 ms, found 1 plugins.
Preloading 0 native plugins for Editor in 0.00 ms.
Invoked RoslynAnalysisRunner static constructor.
RoslynAnalysisRunner will not be running.
RoslynAnalysisRunner has terminated.
Mono: successfully reloaded assembly
- Completed reload, in  0.957 seconds
Platform modules already initialized, skipping
Shader 'Universal Render Pipeline/Particles/Lit': fallback shader 'Universal Render Pipeline/Particles/SimpleLit' not found
Refreshing native plugins compatible for Editor in 0.68 ms, found 1 plugins.
Preloading 0 native plugins for Editor in 0.00 ms.
Unloading 3027 Unused Serialized files (Serialized files now loaded: 0)
System memory in use before: 132.7 MB.
System memory in use after: 133.0 MB.

Unloading 9 unused Assets to reduce memory usage. Loaded Objects now: 3617.
Total: 3.379200 ms (FindLiveObjects: 0.455500 ms CreateObjectMapping: 0.327900 ms MarkObjects: 2.576100 ms  DeleteObjects: 0.018500 ms)

========================================================================
Received Prepare
Registering precompiled user dll's ...
Registered in 0.001904 seconds.
Begin MonoManager ReloadAssembly
Native extension for WindowsStandalone target not found
Native extension for WebGL target not found
Refreshing native plugins compatible for Editor in 0.65 ms, found 1 plugins.
Preloading 0 native plugins for Editor in 0.00 ms.
Invoked RoslynAnalysisRunner static constructor.
RoslynAnalysisRunner will not be running.
RoslynAnalysisRunner has terminated.
Mono: successfully reloaded assembly
- Completed reload, in  1.078 seconds
Platform modules already initialized, skipping
Shader 'Universal Render Pipeline/Particles/Lit': fallback shader 'Universal Render Pipeline/Particles/SimpleLit' not found
Refreshing native plugins compatible for Editor in 0.73 ms, found 1 plugins.
Preloading 0 native plugins for Editor in 0.00 ms.
Unloading 3027 Unused Serialized files (Serialized files now loaded: 0)
System memory in use before: 132.8 MB.
System memory in use after: 133.0 MB.

Unloading 9 unused Assets to reduce memory usage. Loaded Objects now: 3621.
Total: 3.362100 ms (FindLiveObjects: 0.399300 ms CreateObjectMapping: 0.400100 ms MarkObjects: 2.542600 ms  DeleteObjects: 0.018700 ms)

========================================================================
Received Prepare
Registering precompiled user dll's ...
Registered in 0.001962 seconds.
Begin MonoManager ReloadAssembly
Native extension for WindowsStandalone target not found
Native extension for WebGL target not found
Refreshing native plugins compatible for Editor in 0.67 ms, found 1 plugins.
Preloading 0 native plugins for Editor in 0.00 ms.
Invoked RoslynAnalysisRunner static constructor.
RoslynAnalysisRunner will not be running.
RoslynAnalysisRunner has terminated.
Mono: successfully reloaded assembly
- Completed reload, in  1.039 seconds
Platform modules already initialized, skipping
Shader 'Universal Render Pipeline/Particles/Lit': fallback shader 'Universal Render Pipeline/Particles/SimpleLit' not found
Refreshing native plugins compatible for Editor in 0.71 ms, found 1 plugins.
Preloading 0 native plugins for Editor in 0.00 ms.
Unloading 3027 Unused Serialized files (Serialized files now loaded: 0)
System memory in use before: 132.8 MB.
System memory in use after: 133.0 MB.

Unloading 9 unused Assets to reduce memory usage. Loaded Objects now: 3625.
Total: 7.849100 ms (FindLiveObjects: 0.415500 ms CreateObjectMapping: 1.365300 ms MarkObjects: 6.044600 ms  DeleteObjects: 0.022100 ms)

========================================================================
Received Prepare
Registering precompiled user dll's ...
Registered in 0.002205 seconds.
Begin MonoManager ReloadAssembly
Native extension for WindowsStandalone target not found
Native extension for WebGL target not found
Refreshing native plugins compatible for Editor in 0.67 ms, found 1 plugins.
Preloading 0 native plugins for Editor in 0.00 ms.
Invoked RoslynAnalysisRunner static constructor.
RoslynAnalysisRunner will not be running.
RoslynAnalysisRunner has terminated.
Mono: successfully reloaded assembly
- Completed reload, in  0.990 seconds
Platform modules already initialized, skipping
Shader 'Universal Render Pipeline/Particles/Lit': fallback shader 'Universal Render Pipeline/Particles/SimpleLit' not found
Refreshing native plugins compatible for Editor in 0.68 ms, found 1 plugins.
Preloading 0 native plugins for Editor in 0.00 ms.
Unloading 3027 Unused Serialized files (Serialized files now loaded: 0)
System memory in use before: 132.8 MB.
System memory in use after: 133.0 MB.

Unloading 9 unused Assets to reduce memory usage. Loaded Objects now: 3629.
Total: 3.000000 ms (FindLiveObjects: 0.386500 ms CreateObjectMapping: 0.309900 ms MarkObjects: 2.278400 ms  DeleteObjects: 0.024200 ms)

========================================================================
Received Prepare
Registering precompiled user dll's ...
Registered in 0.001716 seconds.
Begin MonoManager ReloadAssembly
Native extension for WindowsStandalone target not found
Native extension for WebGL target not found
Refreshing native plugins compatible for Editor in 0.66 ms, found 1 plugins.
Preloading 0 native plugins for Editor in 0.00 ms.
Invoked RoslynAnalysisRunner static constructor.
RoslynAnalysisRunner will not be running.
RoslynAnalysisRunner has terminated.
Mono: successfully reloaded assembly
- Completed reload, in  1.154 seconds
Platform modules already initialized, skipping
Shader 'Universal Render Pipeline/Particles/Lit': fallback shader 'Universal Render Pipeline/Particles/SimpleLit' not found
Refreshing native plugins compatible for Editor in 0.68 ms, found 1 plugins.
Preloading 0 native plugins for Editor in 0.00 ms.
Unloading 3027 Unused Serialized files (Serialized files now loaded: 0)
System memory in use before: 132.8 MB.
System memory in use after: 133.0 MB.

Unloading 9 unused Assets to reduce memory usage. Loaded Objects now: 3633.
Total: 2.862500 ms (FindLiveObjects: 0.325000 ms CreateObjectMapping: 0.150400 ms MarkObjects: 2.369100 ms  DeleteObjects: 0.016700 ms)

========================================================================
Received Import Request.
  Time since last request: 825.867067 seconds.
  path: Assets/Items/Spinning Weapon.asset
  artifactKey: Guid(1e976f900f06feb45afd2b4e0ca1903f) Importer(815301076,1909f56bfc062723c751e8b465ee728b)
Start importing Assets/Items/Spinning Weapon.asset using Guid(1e976f900f06feb45afd2b4e0ca1903f) Importer(815301076,1909f56bfc062723c751e8b465ee728b)  -> (artifact id: '1d6293450dff3a16495017242b04dedd') in 0.067834 seconds
  Import took 0.100268 seconds .

========================================================================
Received Prepare
Registering precompiled user dll's ...
Registered in 0.002166 seconds.
Begin MonoManager ReloadAssembly
Native extension for WindowsStandalone target not found
Native extension for WebGL target not found
Refreshing native plugins compatible for Editor in 0.85 ms, found 1 plugins.
Preloading 0 native plugins for Editor in 0.00 ms.
Invoked RoslynAnalysisRunner static constructor.
RoslynAnalysisRunner will not be running.
RoslynAnalysisRunner has terminated.
Mono: successfully reloaded assembly
- Completed reload, in  0.989 seconds
Platform modules already initialized, skipping
Shader 'Universal Render Pipeline/Particles/Lit': fallback shader 'Universal Render Pipeline/Particles/SimpleLit' not found
Refreshing native plugins compatible for Editor in 0.67 ms, found 1 plugins.
Preloading 0 native plugins for Editor in 0.00 ms.
Unloading 3027 Unused Serialized files (Serialized files now loaded: 0)
System memory in use before: 132.8 MB.
System memory in use after: 133.1 MB.

Unloading 11 unused Assets to reduce memory usage. Loaded Objects now: 3637.
Total: 3.320200 ms (FindLiveObjects: 0.485100 ms CreateObjectMapping: 0.285000 ms MarkObjects: 2.478600 ms  DeleteObjects: 0.070500 ms)

========================================================================
Received Import Request.
  Time since last request: 65.857232 seconds.
  path: Assets/Prefabs/Enemies/Boss01.prefab
  artifactKey: Guid(6333407546111cc428d42d1109c5d240) Importer(815301076,1909f56bfc062723c751e8b465ee728b)
Start importing Assets/Prefabs/Enemies/Boss01.prefab using Guid(6333407546111cc428d42d1109c5d240) Importer(815301076,1909f56bfc062723c751e8b465ee728b)  -> (artifact id: '44805893c6fab93b9a43dfd19565e405') in 0.648054 seconds
  Import took 0.677293 seconds .

========================================================================
Received Prepare
Registering precompiled user dll's ...
Registered in 0.001690 seconds.
Begin MonoManager ReloadAssembly
Native extension for WindowsStandalone target not found
Native extension for WebGL target not found
Refreshing native plugins compatible for Editor in 0.77 ms, found 1 plugins.
Preloading 0 native plugins for Editor in 0.00 ms.
Invoked RoslynAnalysisRunner static constructor.
RoslynAnalysisRunner will not be running.
RoslynAnalysisRunner has terminated.
Mono: successfully reloaded assembly
- Completed reload, in  1.118 seconds
Platform modules already initialized, skipping
Shader 'Universal Render Pipeline/Particles/Lit': fallback shader 'Universal Render Pipeline/Particles/SimpleLit' not found
Refreshing native plugins compatible for Editor in 0.76 ms, found 1 plugins.
Preloading 0 native plugins for Editor in 0.00 ms.
Unloading 3027 Unused Serialized files (Serialized files now loaded: 0)
System memory in use before: 138.0 MB.
System memory in use after: 138.2 MB.

Unloading 11 unused Assets to reduce memory usage. Loaded Objects now: 3687.
Total: 2.920600 ms (FindLiveObjects: 0.370200 ms CreateObjectMapping: 0.290100 ms MarkObjects: 2.233300 ms  DeleteObjects: 0.025900 ms)

========================================================================
Received Import Request.
  Time since last request: 15.912379 seconds.
  path: Assets/Prefabs/Enemies/Boss01.prefab
  artifactKey: Guid(6333407546111cc428d42d1109c5d240) Importer(815301076,1909f56bfc062723c751e8b465ee728b)
Start importing Assets/Prefabs/Enemies/Boss01.prefab using Guid(6333407546111cc428d42d1109c5d240) Importer(815301076,1909f56bfc062723c751e8b465ee728b)  -> (artifact id: 'febfc30349f8a9bbd333e984f49c0e4b') in 0.193608 seconds
  Import took 0.215844 seconds .

========================================================================
Received Prepare
Registering precompiled user dll's ...
Registered in 0.001762 seconds.
Begin MonoManager ReloadAssembly
Native extension for WindowsStandalone target not found
Native extension for WebGL target not found
Refreshing native plugins compatible for Editor in 0.68 ms, found 1 plugins.
Preloading 0 native plugins for Editor in 0.00 ms.
Invoked RoslynAnalysisRunner static constructor.
RoslynAnalysisRunner will not be running.
RoslynAnalysisRunner has terminated.
Mono: successfully reloaded assembly
- Completed reload, in  1.041 seconds
Platform modules already initialized, skipping
Shader 'Universal Render Pipeline/Particles/Lit': fallback shader 'Universal Render Pipeline/Particles/SimpleLit' not found
Refreshing native plugins compatible for Editor in 0.75 ms, found 1 plugins.
Preloading 0 native plugins for Editor in 0.00 ms.
Unloading 3027 Unused Serialized files (Serialized files now loaded: 0)
System memory in use before: 138.1 MB.
System memory in use after: 138.3 MB.

Unloading 11 unused Assets to reduce memory usage. Loaded Objects now: 3727.
Total: 3.319400 ms (FindLiveObjects: 0.562100 ms CreateObjectMapping: 0.271400 ms MarkObjects: 2.425800 ms  DeleteObjects: 0.059100 ms)

========================================================================
Received Import Request.
  Time since last request: 129.819295 seconds.
  path: Assets/Scripts/WeaponAttacks/SubAttacks/ColliderTriggerAttack.cs
  artifactKey: Guid(bd7aeb373b3077941a15a4e3dc440b8d) Importer(815301076,1909f56bfc062723c751e8b465ee728b)
Start importing Assets/Scripts/WeaponAttacks/SubAttacks/ColliderTriggerAttack.cs using Guid(bd7aeb373b3077941a15a4e3dc440b8d) Importer(815301076,1909f56bfc062723c751e8b465ee728b)  -> (artifact id: 'ce2a130ba65bc7bfc7d802c30afc674b') in 0.020200 seconds
  Import took 0.029449 seconds .

========================================================================
Received Import Request.
  Time since last request: 0.002906 seconds.
  path: Assets/Scripts/WeaponAttacks/SubAttacks/ColliderTriggerAttack.cs
  artifactKey: Guid(bd7aeb373b3077941a15a4e3dc440b8d) Importer(815301076,1909f56bfc062723c751e8b465ee728b)
Start importing Assets/Scripts/WeaponAttacks/SubAttacks/ColliderTriggerAttack.cs using Guid(bd7aeb373b3077941a15a4e3dc440b8d) Importer(815301076,1909f56bfc062723c751e8b465ee728b)  -> (artifact id: 'ce2a130ba65bc7bfc7d802c30afc674b') in 0.011909 seconds
  Import took 0.021614 seconds .

========================================================================
Received Import Request.
  Time since last request: 2.793084 seconds.
  path: Assets/Scripts/WeaponAttacks/Attack_Swing.cs
  artifactKey: Guid(83f1de72946687b48910b107cd8787b2) Importer(815301076,1909f56bfc062723c751e8b465ee728b)
Start importing Assets/Scripts/WeaponAttacks/Attack_Swing.cs using Guid(83f1de72946687b48910b107cd8787b2) Importer(815301076,1909f56bfc062723c751e8b465ee728b)  -> (artifact id: '90cdbf66712163100c2d2295bfd08ff1') in 0.028519 seconds
  Import took 0.053036 seconds .

========================================================================
Received Import Request.
  Time since last request: 33.721521 seconds.
  path: Assets/Scripts/WeaponAttacks/Attack_Spin.cs
  artifactKey: Guid(2197fb3711cc22c42a296816fec0cfc5) Importer(815301076,1909f56bfc062723c751e8b465ee728b)
Start importing Assets/Scripts/WeaponAttacks/Attack_Spin.cs using Guid(2197fb3711cc22c42a296816fec0cfc5) Importer(815301076,1909f56bfc062723c751e8b465ee728b)  -> (artifact id: 'ddb9492b141df7b2c4f96012b2a8b133') in 0.012209 seconds
  Import took 0.034519 seconds .

========================================================================
Received Prepare
Registering precompiled user dll's ...
Registered in 0.001738 seconds.
Begin MonoManager ReloadAssembly
Native extension for WindowsStandalone target not found
Native extension for WebGL target not found
Refreshing native plugins compatible for Editor in 0.66 ms, found 1 plugins.
Preloading 0 native plugins for Editor in 0.00 ms.
Invoked RoslynAnalysisRunner static constructor.
RoslynAnalysisRunner will not be running.
RoslynAnalysisRunner has terminated.
Mono: successfully reloaded assembly
- Completed reload, in  1.140 seconds
Platform modules already initialized, skipping
Shader 'Universal Render Pipeline/Particles/Lit': fallback shader 'Universal Render Pipeline/Particles/SimpleLit' not found
Refreshing native plugins compatible for Editor in 0.70 ms, found 1 plugins.
Preloading 0 native plugins for Editor in 0.00 ms.
Unloading 3027 Unused Serialized files (Serialized files now loaded: 0)
System memory in use before: 138.1 MB.
System memory in use after: 138.3 MB.

Unloading 9 unused Assets to reduce memory usage. Loaded Objects now: 3731.
Total: 3.264100 ms (FindLiveObjects: 0.412300 ms CreateObjectMapping: 0.286700 ms MarkObjects: 2.543500 ms  DeleteObjects: 0.019900 ms)

========================================================================
Received Import Request.
  Time since last request: 87.888310 seconds.
  path: Assets/Scripts/GameManagement/MouseManager.cs
  artifactKey: Guid(01ae5efd12664bf468c9e3a8857d2874) Importer(815301076,1909f56bfc062723c751e8b465ee728b)
Start importing Assets/Scripts/GameManagement/MouseManager.cs using Guid(01ae5efd12664bf468c9e3a8857d2874) Importer(815301076,1909f56bfc062723c751e8b465ee728b)  -> (artifact id: '89dc1142cae46d6a8df5f3be26c6ad10') in 0.021465 seconds
  Import took 0.028278 seconds .

========================================================================
Received Import Request.
  Time since last request: 61.105791 seconds.
  path: Assets/Scripts/GameManagement/EquipmentManager.cs
  artifactKey: Guid(68c8d8ee649031146a403895173209f4) Importer(815301076,1909f56bfc062723c751e8b465ee728b)
Start importing Assets/Scripts/GameManagement/EquipmentManager.cs using Guid(68c8d8ee649031146a403895173209f4) Importer(815301076,1909f56bfc062723c751e8b465ee728b)  -> (artifact id: '33eae53b03b4d745ed6e14eba3b33466') in 0.008075 seconds
  Import took 0.031751 seconds .

========================================================================
Received Prepare
Registering precompiled user dll's ...
Registered in 0.001698 seconds.
Begin MonoManager ReloadAssembly
Native extension for WindowsStandalone target not found
Native extension for WebGL target not found
Refreshing native plugins compatible for Editor in 0.67 ms, found 1 plugins.
Preloading 0 native plugins for Editor in 0.00 ms.
Invoked RoslynAnalysisRunner static constructor.
RoslynAnalysisRunner will not be running.
RoslynAnalysisRunner has terminated.
Mono: successfully reloaded assembly
- Completed reload, in  1.001 seconds
Platform modules already initialized, skipping
Shader 'Universal Render Pipeline/Particles/Lit': fallback shader 'Universal Render Pipeline/Particles/SimpleLit' not found
Refreshing native plugins compatible for Editor in 0.69 ms, found 1 plugins.
Preloading 0 native plugins for Editor in 0.00 ms.
Unloading 3027 Unused Serialized files (Serialized files now loaded: 0)
System memory in use before: 138.1 MB.
System memory in use after: 138.3 MB.

Unloading 9 unused Assets to reduce memory usage. Loaded Objects now: 3735.
Total: 3.463200 ms (FindLiveObjects: 0.408900 ms CreateObjectMapping: 0.303400 ms MarkObjects: 2.730600 ms  DeleteObjects: 0.019300 ms)

========================================================================
Received Prepare
Registering precompiled user dll's ...
Registered in 0.009161 seconds.
Begin MonoManager ReloadAssembly
Native extension for WindowsStandalone target not found
Native extension for WebGL target not found
Refreshing native plugins compatible for Editor in 0.67 ms, found 1 plugins.
Preloading 0 native plugins for Editor in 0.00 ms.
Invoked RoslynAnalysisRunner static constructor.
RoslynAnalysisRunner will not be running.
RoslynAnalysisRunner has terminated.
Mono: successfully reloaded assembly
- Completed reload, in  1.226 seconds
Platform modules already initialized, skipping
Shader 'Universal Render Pipeline/Particles/Lit': fallback shader 'Universal Render Pipeline/Particles/SimpleLit' not found
Refreshing native plugins compatible for Editor in 0.71 ms, found 1 plugins.
Preloading 0 native plugins for Editor in 0.00 ms.
Unloading 3028 Unused Serialized files (Serialized files now loaded: 0)
System memory in use before: 138.1 MB.
System memory in use after: 138.4 MB.

Unloading 9 unused Assets to reduce memory usage. Loaded Objects now: 3740.
Total: 3.246100 ms (FindLiveObjects: 0.317900 ms CreateObjectMapping: 0.130300 ms MarkObjects: 2.773900 ms  DeleteObjects: 0.022700 ms)

========================================================================
Received Import Request.
  Time since last request: 243.951628 seconds.
  path: Assets/Scripts/GameManagement/Loot/DropLoot.cs
  artifactKey: Guid(db5e694c221d99f4c98d8834d30aeb70) Importer(815301076,1909f56bfc062723c751e8b465ee728b)
Start importing Assets/Scripts/GameManagement/Loot/DropLoot.cs using Guid(db5e694c221d99f4c98d8834d30aeb70) Importer(815301076,1909f56bfc062723c751e8b465ee728b)  -> (artifact id: '91e3f32cc105e7ecf635a54639ca218e') in 0.010733 seconds
  Import took 0.048225 seconds .

========================================================================
Received Prepare
Registering precompiled user dll's ...
Registered in 0.001831 seconds.
Begin MonoManager ReloadAssembly
Native extension for WindowsStandalone target not found
Native extension for WebGL target not found
Refreshing native plugins compatible for Editor in 0.65 ms, found 1 plugins.
Preloading 0 native plugins for Editor in 0.00 ms.
Invoked RoslynAnalysisRunner static constructor.
RoslynAnalysisRunner will not be running.
RoslynAnalysisRunner has terminated.
Mono: successfully reloaded assembly
- Completed reload, in  1.240 seconds
Platform modules already initialized, skipping
Shader 'Universal Render Pipeline/Particles/Lit': fallback shader 'Universal Render Pipeline/Particles/SimpleLit' not found
Refreshing native plugins compatible for Editor in 0.70 ms, found 1 plugins.
Preloading 0 native plugins for Editor in 0.00 ms.
Unloading 3028 Unused Serialized files (Serialized files now loaded: 0)
System memory in use before: 138.1 MB.
System memory in use after: 138.4 MB.

Unloading 9 unused Assets to reduce memory usage. Loaded Objects now: 3744.
Total: 3.707900 ms (FindLiveObjects: 0.464600 ms CreateObjectMapping: 0.346600 ms MarkObjects: 2.868100 ms  DeleteObjects: 0.026500 ms)

========================================================================
Received Prepare
Registering precompiled user dll's ...
Registered in 0.001644 seconds.
Begin MonoManager ReloadAssembly
Native extension for WindowsStandalone target not found
Native extension for WebGL target not found
Refreshing native plugins compatible for Editor in 0.69 ms, found 1 plugins.
Preloading 0 native plugins for Editor in 0.00 ms.
Invoked RoslynAnalysisRunner static constructor.
RoslynAnalysisRunner will not be running.
RoslynAnalysisRunner has terminated.
Mono: successfully reloaded assembly
- Completed reload, in  1.048 seconds
Platform modules already initialized, skipping
Shader 'Universal Render Pipeline/Particles/Lit': fallback shader 'Universal Render Pipeline/Particles/SimpleLit' not found
Refreshing native plugins compatible for Editor in 1.10 ms, found 1 plugins.
Preloading 0 native plugins for Editor in 0.00 ms.
Unloading 3028 Unused Serialized files (Serialized files now loaded: 0)
System memory in use before: 138.1 MB.
System memory in use after: 138.4 MB.

Unloading 9 unused Assets to reduce memory usage. Loaded Objects now: 3748.
Total: 4.079800 ms (FindLiveObjects: 0.430900 ms CreateObjectMapping: 0.308100 ms MarkObjects: 3.316900 ms  DeleteObjects: 0.022300 ms)

========================================================================
Received Import Request.
  Time since last request: 206.158736 seconds.
  path: Assets/Scripts/GameManagement/Loot/DropLoot.cs
  artifactKey: Guid(db5e694c221d99f4c98d8834d30aeb70) Importer(815301076,1909f56bfc062723c751e8b465ee728b)
Start importing Assets/Scripts/GameManagement/Loot/DropLoot.cs using Guid(db5e694c221d99f4c98d8834d30aeb70) Importer(815301076,1909f56bfc062723c751e8b465ee728b)  -> (artifact id: 'c6e8bada563485a7d68ccdd188c98e6c') in 0.034476 seconds
  Import took 0.096563 seconds .

========================================================================
Received Import Request.
  Time since last request: 343.126024 seconds.
  path: Assets/Scripts/GameManagement/Loot/LootCalculator.cs
  artifactKey: Guid(4af8523a5a6393042b3cb0bcf81755ae) Importer(815301076,1909f56bfc062723c751e8b465ee728b)
Start importing Assets/Scripts/GameManagement/Loot/LootCalculator.cs using Guid(4af8523a5a6393042b3cb0bcf81755ae) Importer(815301076,1909f56bfc062723c751e8b465ee728b)  -> (artifact id: '412f12e6ba86ff9a797826a029fde77b') in 0.019793 seconds
  Import took 0.039459 seconds .

========================================================================
Received Prepare
Registering precompiled user dll's ...
Registered in 0.001802 seconds.
Begin MonoManager ReloadAssembly
Native extension for WindowsStandalone target not found
Native extension for WebGL target not found
Refreshing native plugins compatible for Editor in 0.67 ms, found 1 plugins.
Preloading 0 native plugins for Editor in 0.00 ms.
Invoked RoslynAnalysisRunner static constructor.
RoslynAnalysisRunner will not be running.
RoslynAnalysisRunner has terminated.
Mono: successfully reloaded assembly
- Completed reload, in  1.032 seconds
Platform modules already initialized, skipping
Shader 'Universal Render Pipeline/Particles/Lit': fallback shader 'Universal Render Pipeline/Particles/SimpleLit' not found
Refreshing native plugins compatible for Editor in 0.71 ms, found 1 plugins.
Preloading 0 native plugins for Editor in 0.00 ms.
Unloading 3028 Unused Serialized files (Serialized files now loaded: 0)
System memory in use before: 138.1 MB.
System memory in use after: 138.4 MB.

Unloading 9 unused Assets to reduce memory usage. Loaded Objects now: 3752.
Total: 3.444900 ms (FindLiveObjects: 0.384800 ms CreateObjectMapping: 0.288700 ms MarkObjects: 2.743200 ms  DeleteObjects: 0.027000 ms)

========================================================================
Received Prepare
Registering precompiled user dll's ...
Registered in 0.001667 seconds.
Begin MonoManager ReloadAssembly
Native extension for WindowsStandalone target not found
Native extension for WebGL target not found
Refreshing native plugins compatible for Editor in 0.73 ms, found 1 plugins.
Preloading 0 native plugins for Editor in 0.00 ms.
Invoked RoslynAnalysisRunner static constructor.
RoslynAnalysisRunner will not be running.
RoslynAnalysisRunner has terminated.
Mono: successfully reloaded assembly
- Completed reload, in  1.088 seconds
Platform modules already initialized, skipping
Shader 'Universal Render Pipeline/Particles/Lit': fallback shader 'Universal Render Pipeline/Particles/SimpleLit' not found
Refreshing native plugins compatible for Editor in 0.83 ms, found 1 plugins.
Preloading 0 native plugins for Editor in 0.00 ms.
Unloading 3028 Unused Serialized files (Serialized files now loaded: 0)
System memory in use before: 138.1 MB.
System memory in use after: 138.3 MB.

Unloading 9 unused Assets to reduce memory usage. Loaded Objects now: 3756.
Total: 3.201300 ms (FindLiveObjects: 0.436300 ms CreateObjectMapping: 0.316300 ms MarkObjects: 2.425400 ms  DeleteObjects: 0.021300 ms)

========================================================================
Received Import Request.
  Time since last request: 615.939442 seconds.
  path: Assets/Prefabs/Enemies/Boss01.prefab
  artifactKey: Guid(6333407546111cc428d42d1109c5d240) Importer(815301076,1909f56bfc062723c751e8b465ee728b)
Start importing Assets/Prefabs/Enemies/Boss01.prefab using Guid(6333407546111cc428d42d1109c5d240) Importer(815301076,1909f56bfc062723c751e8b465ee728b)  -> (artifact id: 'cc0e7938ed55fa3e060a7b574eb1e1b0') in 0.196554 seconds
  Import took 0.203624 seconds .

========================================================================
Received Import Request.
  Time since last request: 0.001003 seconds.
  path: Assets/Prefabs/Enemies/Boss01.prefab
  artifactKey: Guid(6333407546111cc428d42d1109c5d240) Importer(815301076,1909f56bfc062723c751e8b465ee728b)
Start importing Assets/Prefabs/Enemies/Boss01.prefab using Guid(6333407546111cc428d42d1109c5d240) Importer(815301076,1909f56bfc062723c751e8b465ee728b)  -> (artifact id: 'cc0e7938ed55fa3e060a7b574eb1e1b0') in 0.013609 seconds
  Import took 0.021164 seconds .

========================================================================
Received Import Request.
  Time since last request: 23.244688 seconds.
  path: Assets/Prefabs/Enemies/Boss01.prefab
  artifactKey: Guid(6333407546111cc428d42d1109c5d240) Importer(815301076,1909f56bfc062723c751e8b465ee728b)
Start importing Assets/Prefabs/Enemies/Boss01.prefab using Guid(6333407546111cc428d42d1109c5d240) Importer(815301076,1909f56bfc062723c751e8b465ee728b)  -> (artifact id: '3f92e8458afd53b83b0f96ae835f8e9f') in 0.018493 seconds
  Import took 0.039448 seconds .

========================================================================
Received Import Request.
  Time since last request: 0.008446 seconds.
  path: Assets/Prefabs/Enemies/Boss01.prefab
  artifactKey: Guid(6333407546111cc428d42d1109c5d240) Importer(815301076,1909f56bfc062723c751e8b465ee728b)
Start importing Assets/Prefabs/Enemies/Boss01.prefab using Guid(6333407546111cc428d42d1109c5d240) Importer(815301076,1909f56bfc062723c751e8b465ee728b)  -> (artifact id: '3f92e8458afd53b83b0f96ae835f8e9f') in 0.012768 seconds
  Import took 0.033809 seconds .

========================================================================
Received Prepare
Registering precompiled user dll's ...
Registered in 0.001697 seconds.
Begin MonoManager ReloadAssembly
Native extension for WindowsStandalone target not found
Native extension for WebGL target not found
Refreshing native plugins compatible for Editor in 0.73 ms, found 1 plugins.
Preloading 0 native plugins for Editor in 0.00 ms.
Invoked RoslynAnalysisRunner static constructor.
RoslynAnalysisRunner will not be running.
RoslynAnalysisRunner has terminated.
Mono: successfully reloaded assembly
- Completed reload, in  1.113 seconds
Platform modules already initialized, skipping
Shader 'Universal Render Pipeline/Particles/Lit': fallback shader 'Universal Render Pipeline/Particles/SimpleLit' not found
Refreshing native plugins compatible for Editor in 0.79 ms, found 1 plugins.
Preloading 0 native plugins for Editor in 0.00 ms.
Unloading 3028 Unused Serialized files (Serialized files now loaded: 0)
System memory in use before: 138.2 MB.
System memory in use after: 138.5 MB.

Unloading 11 unused Assets to reduce memory usage. Loaded Objects now: 3796.
Total: 3.954500 ms (FindLiveObjects: 0.393600 ms CreateObjectMapping: 0.344900 ms MarkObjects: 3.165000 ms  DeleteObjects: 0.049700 ms)

========================================================================
Received Import Request.
  Time since last request: 1012.910707 seconds.
  path: Assets/Scripts/Enemy/EnemyStats.cs
  artifactKey: Guid(4df78b8138dab474585ec98b498696cc) Importer(815301076,1909f56bfc062723c751e8b465ee728b)
Start importing Assets/Scripts/Enemy/EnemyStats.cs using Guid(4df78b8138dab474585ec98b498696cc) Importer(815301076,1909f56bfc062723c751e8b465ee728b)  -> (artifact id: 'f5b684774f3e1b25f29735eba0cee18a') in 0.011158 seconds
  Import took 0.161609 seconds .

========================================================================
Received Prepare
Registering precompiled user dll's ...
Registered in 0.007613 seconds.
Begin MonoManager ReloadAssembly
Native extension for WindowsStandalone target not found
Native extension for WebGL target not found
Refreshing native plugins compatible for Editor in 0.73 ms, found 1 plugins.
Preloading 0 native plugins for Editor in 0.00 ms.
Invoked RoslynAnalysisRunner static constructor.
RoslynAnalysisRunner will not be running.
RoslynAnalysisRunner has terminated.
Mono: successfully reloaded assembly
- Completed reload, in  1.063 seconds
Platform modules already initialized, skipping
Shader 'Universal Render Pipeline/Particles/Lit': fallback shader 'Universal Render Pipeline/Particles/SimpleLit' not found
Refreshing native plugins compatible for Editor in 0.68 ms, found 1 plugins.
Preloading 0 native plugins for Editor in 0.00 ms.
Unloading 3028 Unused Serialized files (Serialized files now loaded: 0)
System memory in use before: 138.2 MB.
System memory in use after: 138.5 MB.

Unloading 9 unused Assets to reduce memory usage. Loaded Objects now: 3800.
Total: 3.083000 ms (FindLiveObjects: 0.390500 ms CreateObjectMapping: 0.271000 ms MarkObjects: 2.403500 ms  DeleteObjects: 0.016700 ms)

========================================================================
Received Import Request.
  Time since last request: 66.362796 seconds.
  path: Assets/Scripts/Enemy/EnemyStats.cs
  artifactKey: Guid(4df78b8138dab474585ec98b498696cc) Importer(815301076,1909f56bfc062723c751e8b465ee728b)
Start importing Assets/Scripts/Enemy/EnemyStats.cs using Guid(4df78b8138dab474585ec98b498696cc) Importer(815301076,1909f56bfc062723c751e8b465ee728b)  -> (artifact id: '8a7e3b7d32048163904fbae5187c0a9c') in 0.007110 seconds
  Import took 0.013856 seconds .

========================================================================
Received Prepare
Registering precompiled user dll's ...
Registered in 0.001702 seconds.
Begin MonoManager ReloadAssembly
Native extension for WindowsStandalone target not found
Native extension for WebGL target not found
Refreshing native plugins compatible for Editor in 0.68 ms, found 1 plugins.
Preloading 0 native plugins for Editor in 0.00 ms.
Invoked RoslynAnalysisRunner static constructor.
RoslynAnalysisRunner will not be running.
RoslynAnalysisRunner has terminated.
Mono: successfully reloaded assembly
- Completed reload, in  1.026 seconds
Platform modules already initialized, skipping
Shader 'Universal Render Pipeline/Particles/Lit': fallback shader 'Universal Render Pipeline/Particles/SimpleLit' not found
Refreshing native plugins compatible for Editor in 0.66 ms, found 1 plugins.
Preloading 0 native plugins for Editor in 0.00 ms.
Unloading 3028 Unused Serialized files (Serialized files now loaded: 0)
System memory in use before: 138.2 MB.
System memory in use after: 138.5 MB.

Unloading 9 unused Assets to reduce memory usage. Loaded Objects now: 3804.
Total: 3.285900 ms (FindLiveObjects: 0.320300 ms CreateObjectMapping: 0.131300 ms MarkObjects: 2.666400 ms  DeleteObjects: 0.166500 ms)

========================================================================
Received Prepare
Registering precompiled user dll's ...
Registered in 0.001682 seconds.
Begin MonoManager ReloadAssembly
Native extension for WindowsStandalone target not found
Native extension for WebGL target not found
Refreshing native plugins compatible for Editor in 0.65 ms, found 1 plugins.
Preloading 0 native plugins for Editor in 0.00 ms.
Invoked RoslynAnalysisRunner static constructor.
RoslynAnalysisRunner will not be running.
RoslynAnalysisRunner has terminated.
Mono: successfully reloaded assembly
- Completed reload, in  1.022 seconds
Platform modules already initialized, skipping
Shader 'Universal Render Pipeline/Particles/Lit': fallback shader 'Universal Render Pipeline/Particles/SimpleLit' not found
Refreshing native plugins compatible for Editor in 0.69 ms, found 1 plugins.
Preloading 0 native plugins for Editor in 0.00 ms.
Unloading 3028 Unused Serialized files (Serialized files now loaded: 0)
System memory in use before: 138.2 MB.
System memory in use after: 138.5 MB.

Unloading 9 unused Assets to reduce memory usage. Loaded Objects now: 3808.
Total: 3.552600 ms (FindLiveObjects: 0.464700 ms CreateObjectMapping: 0.329300 ms MarkObjects: 2.738100 ms  DeleteObjects: 0.019000 ms)

========================================================================
Received Prepare
Registering precompiled user dll's ...
Registered in 0.001675 seconds.
Begin MonoManager ReloadAssembly
Native extension for WindowsStandalone target not found
Native extension for WebGL target not found
Refreshing native plugins compatible for Editor in 0.65 ms, found 1 plugins.
Preloading 0 native plugins for Editor in 0.00 ms.
Invoked RoslynAnalysisRunner static constructor.
RoslynAnalysisRunner will not be running.
RoslynAnalysisRunner has terminated.
Mono: successfully reloaded assembly
- Completed reload, in  1.049 seconds
Platform modules already initialized, skipping
Shader 'Universal Render Pipeline/Particles/Lit': fallback shader 'Universal Render Pipeline/Particles/SimpleLit' not found
Refreshing native plugins compatible for Editor in 0.72 ms, found 1 plugins.
Preloading 0 native plugins for Editor in 0.00 ms.
Unloading 3028 Unused Serialized files (Serialized files now loaded: 0)
System memory in use before: 138.3 MB.
System memory in use after: 138.5 MB.

Unloading 9 unused Assets to reduce memory usage. Loaded Objects now: 3812.
Total: 3.531900 ms (FindLiveObjects: 0.437800 ms CreateObjectMapping: 0.301700 ms MarkObjects: 2.771900 ms  DeleteObjects: 0.019600 ms)

========================================================================
Received Prepare
Registering precompiled user dll's ...
Registered in 0.001752 seconds.
Begin MonoManager ReloadAssembly
Native extension for WindowsStandalone target not found
Native extension for WebGL target not found
Refreshing native plugins compatible for Editor in 0.79 ms, found 1 plugins.
Preloading 0 native plugins for Editor in 0.00 ms.
Invoked RoslynAnalysisRunner static constructor.
RoslynAnalysisRunner will not be running.
RoslynAnalysisRunner has terminated.
Mono: successfully reloaded assembly
- Completed reload, in  1.009 seconds
Platform modules already initialized, skipping
Shader 'Universal Render Pipeline/Particles/Lit': fallback shader 'Universal Render Pipeline/Particles/SimpleLit' not found
Refreshing native plugins compatible for Editor in 0.68 ms, found 1 plugins.
Preloading 0 native plugins for Editor in 0.00 ms.
Unloading 3028 Unused Serialized files (Serialized files now loaded: 0)
System memory in use before: 138.2 MB.
System memory in use after: 138.5 MB.

Unloading 9 unused Assets to reduce memory usage. Loaded Objects now: 3816.
Total: 3.194800 ms (FindLiveObjects: 0.454900 ms CreateObjectMapping: 0.334800 ms MarkObjects: 2.382600 ms  DeleteObjects: 0.021000 ms)

========================================================================
Received Prepare
Registering precompiled user dll's ...
Registered in 0.001828 seconds.
Begin MonoManager ReloadAssembly
Native extension for WindowsStandalone target not found
Native extension for WebGL target not found
Refreshing native plugins compatible for Editor in 0.76 ms, found 1 plugins.
Preloading 0 native plugins for Editor in 0.00 ms.
Invoked RoslynAnalysisRunner static constructor.
RoslynAnalysisRunner will not be running.
RoslynAnalysisRunner has terminated.
Mono: successfully reloaded assembly
- Completed reload, in  1.009 seconds
Platform modules already initialized, skipping
Shader 'Universal Render Pipeline/Particles/Lit': fallback shader 'Universal Render Pipeline/Particles/SimpleLit' not found
Refreshing native plugins compatible for Editor in 0.67 ms, found 1 plugins.
Preloading 0 native plugins for Editor in 0.00 ms.
Unloading 3028 Unused Serialized files (Serialized files now loaded: 0)
System memory in use before: 138.3 MB.
System memory in use after: 138.5 MB.

Unloading 9 unused Assets to reduce memory usage. Loaded Objects now: 3820.
Total: 3.535100 ms (FindLiveObjects: 0.435200 ms CreateObjectMapping: 0.309100 ms MarkObjects: 2.768200 ms  DeleteObjects: 0.021400 ms)

========================================================================
Received Prepare
Registering precompiled user dll's ...
Registered in 0.002365 seconds.
Begin MonoManager ReloadAssembly
Native extension for WindowsStandalone target not found
Native extension for WebGL target not found
Refreshing native plugins compatible for Editor in 0.70 ms, found 1 plugins.
Preloading 0 native plugins for Editor in 0.00 ms.
Invoked RoslynAnalysisRunner static constructor.
RoslynAnalysisRunner will not be running.
RoslynAnalysisRunner has terminated.
Mono: successfully reloaded assembly
- Completed reload, in  1.056 seconds
Platform modules already initialized, skipping
Shader 'Universal Render Pipeline/Particles/Lit': fallback shader 'Universal Render Pipeline/Particles/SimpleLit' not found
Refreshing native plugins compatible for Editor in 1.19 ms, found 1 plugins.
Preloading 0 native plugins for Editor in 0.00 ms.
Unloading 3028 Unused Serialized files (Serialized files now loaded: 0)
System memory in use before: 138.3 MB.
System memory in use after: 138.5 MB.

Unloading 9 unused Assets to reduce memory usage. Loaded Objects now: 3824.
Total: 2.830400 ms (FindLiveObjects: 0.374400 ms CreateObjectMapping: 0.146500 ms MarkObjects: 2.292300 ms  DeleteObjects: 0.016100 ms)

========================================================================
Received Import Request.
  Time since last request: 393.527435 seconds.
  path: Assets/Scripts/Player/PlayerHeadHitbox.cs
  artifactKey: Guid(b1471d80627cebf4180319bd67eb382a) Importer(815301076,1909f56bfc062723c751e8b465ee728b)
Start importing Assets/Scripts/Player/PlayerHeadHitbox.cs using Guid(b1471d80627cebf4180319bd67eb382a) Importer(815301076,1909f56bfc062723c751e8b465ee728b)  -> (artifact id: '7f737fb247c691d986cedb18655b9139') in 0.020787 seconds
  Import took 0.027893 seconds .

========================================================================
Received Prepare
Registering precompiled user dll's ...
Registered in 0.002102 seconds.
Begin MonoManager ReloadAssembly
Native extension for WindowsStandalone target not found
Native extension for WebGL target not found
Refreshing native plugins compatible for Editor in 0.66 ms, found 1 plugins.
Preloading 0 native plugins for Editor in 0.00 ms.
Invoked RoslynAnalysisRunner static constructor.
RoslynAnalysisRunner will not be running.
RoslynAnalysisRunner has terminated.
Mono: successfully reloaded assembly
- Completed reload, in  1.027 seconds
Platform modules already initialized, skipping
Shader 'Universal Render Pipeline/Particles/Lit': fallback shader 'Universal Render Pipeline/Particles/SimpleLit' not found
Refreshing native plugins compatible for Editor in 0.67 ms, found 1 plugins.
Preloading 0 native plugins for Editor in 0.00 ms.
Unloading 3028 Unused Serialized files (Serialized files now loaded: 0)
System memory in use before: 138.3 MB.
System memory in use after: 138.5 MB.

Unloading 9 unused Assets to reduce memory usage. Loaded Objects now: 3828.
Total: 3.205400 ms (FindLiveObjects: 0.385500 ms CreateObjectMapping: 0.284100 ms MarkObjects: 2.516600 ms  DeleteObjects: 0.018000 ms)

========================================================================
Received Import Request.
  Time since last request: 52.456013 seconds.
  path: Assets/Scripts/Player/PlayerHeadHitbox.cs
  artifactKey: Guid(b1471d80627cebf4180319bd67eb382a) Importer(815301076,1909f56bfc062723c751e8b465ee728b)
Start importing Assets/Scripts/Player/PlayerHeadHitbox.cs using Guid(b1471d80627cebf4180319bd67eb382a) Importer(815301076,1909f56bfc062723c751e8b465ee728b)  -> (artifact id: 'd12d848504973572c8eac7900d5a6e78') in 0.006578 seconds
  Import took 0.012778 seconds .

========================================================================
Received Prepare
Registering precompiled user dll's ...
Registered in 0.001714 seconds.
Begin MonoManager ReloadAssembly
Native extension for WindowsStandalone target not found
Native extension for WebGL target not found
Refreshing native plugins compatible for Editor in 0.69 ms, found 1 plugins.
Preloading 0 native plugins for Editor in 0.00 ms.
Invoked RoslynAnalysisRunner static constructor.
RoslynAnalysisRunner will not be running.
RoslynAnalysisRunner has terminated.
Mono: successfully reloaded assembly
- Completed reload, in  1.032 seconds
Platform modules already initialized, skipping
Shader 'Universal Render Pipeline/Particles/Lit': fallback shader 'Universal Render Pipeline/Particles/SimpleLit' not found
Refreshing native plugins compatible for Editor in 0.68 ms, found 1 plugins.
Preloading 0 native plugins for Editor in 0.00 ms.
Unloading 3028 Unused Serialized files (Serialized files now loaded: 0)
System memory in use before: 138.3 MB.
System memory in use after: 138.5 MB.

Unloading 9 unused Assets to reduce memory usage. Loaded Objects now: 3832.
Total: 3.483100 ms (FindLiveObjects: 0.423700 ms CreateObjectMapping: 0.312400 ms MarkObjects: 2.725300 ms  DeleteObjects: 0.020500 ms)

========================================================================
Received Prepare
Registering precompiled user dll's ...
Registered in 0.001662 seconds.
Begin MonoManager ReloadAssembly
Native extension for WindowsStandalone target not found
Native extension for WebGL target not found
Refreshing native plugins compatible for Editor in 0.65 ms, found 1 plugins.
Preloading 0 native plugins for Editor in 0.00 ms.
Invoked RoslynAnalysisRunner static constructor.
RoslynAnalysisRunner will not be running.
RoslynAnalysisRunner has terminated.
Mono: successfully reloaded assembly
- Completed reload, in  1.014 seconds
Platform modules already initialized, skipping
Shader 'Universal Render Pipeline/Particles/Lit': fallback shader 'Universal Render Pipeline/Particles/SimpleLit' not found
Refreshing native plugins compatible for Editor in 0.66 ms, found 1 plugins.
Preloading 0 native plugins for Editor in 0.00 ms.
Unloading 3028 Unused Serialized files (Serialized files now loaded: 0)
System memory in use before: 138.3 MB.
System memory in use after: 138.5 MB.

Unloading 9 unused Assets to reduce memory usage. Loaded Objects now: 3836.
Total: 2.876600 ms (FindLiveObjects: 0.359100 ms CreateObjectMapping: 0.224600 ms MarkObjects: 2.272000 ms  DeleteObjects: 0.019900 ms)

========================================================================
Received Prepare
Registering precompiled user dll's ...
Registered in 0.001826 seconds.
Begin MonoManager ReloadAssembly
Native extension for WindowsStandalone target not found
Native extension for WebGL target not found
Refreshing native plugins compatible for Editor in 0.83 ms, found 1 plugins.
Preloading 0 native plugins for Editor in 0.00 ms.
Invoked RoslynAnalysisRunner static constructor.
RoslynAnalysisRunner will not be running.
RoslynAnalysisRunner has terminated.
Mono: successfully reloaded assembly
- Completed reload, in  1.090 seconds
Platform modules already initialized, skipping
Shader 'Universal Render Pipeline/Particles/Lit': fallback shader 'Universal Render Pipeline/Particles/SimpleLit' not found
Refreshing native plugins compatible for Editor in 0.65 ms, found 1 plugins.
Preloading 0 native plugins for Editor in 0.00 ms.
Unloading 3028 Unused Serialized files (Serialized files now loaded: 0)
System memory in use before: 138.3 MB.
System memory in use after: 138.5 MB.

Unloading 9 unused Assets to reduce memory usage. Loaded Objects now: 3840.
Total: 4.418200 ms (FindLiveObjects: 0.527000 ms CreateObjectMapping: 1.108300 ms MarkObjects: 2.758900 ms  DeleteObjects: 0.022200 ms)

========================================================================
Received Prepare
Registering precompiled user dll's ...
Registered in 0.001665 seconds.
Begin MonoManager ReloadAssembly
Native extension for WindowsStandalone target not found
Native extension for WebGL target not found
Refreshing native plugins compatible for Editor in 0.72 ms, found 1 plugins.
Preloading 0 native plugins for Editor in 0.00 ms.
Invoked RoslynAnalysisRunner static constructor.
RoslynAnalysisRunner will not be running.
RoslynAnalysisRunner has terminated.
Mono: successfully reloaded assembly
- Completed reload, in  1.030 seconds
Platform modules already initialized, skipping
Shader 'Universal Render Pipeline/Particles/Lit': fallback shader 'Universal Render Pipeline/Particles/SimpleLit' not found
Refreshing native plugins compatible for Editor in 0.76 ms, found 1 plugins.
Preloading 0 native plugins for Editor in 0.00 ms.
Unloading 3028 Unused Serialized files (Serialized files now loaded: 0)
System memory in use before: 138.3 MB.
System memory in use after: 138.5 MB.

Unloading 9 unused Assets to reduce memory usage. Loaded Objects now: 3844.
Total: 3.116500 ms (FindLiveObjects: 0.400400 ms CreateObjectMapping: 0.177500 ms MarkObjects: 2.514500 ms  DeleteObjects: 0.022400 ms)

========================================================================
Received Prepare
Registering precompiled user dll's ...
Registered in 0.001569 seconds.
Begin MonoManager ReloadAssembly
Native extension for WindowsStandalone target not found
Native extension for WebGL target not found
Refreshing native plugins compatible for Editor in 0.69 ms, found 1 plugins.
Preloading 0 native plugins for Editor in 0.00 ms.
Invoked RoslynAnalysisRunner static constructor.
RoslynAnalysisRunner will not be running.
RoslynAnalysisRunner has terminated.
Mono: successfully reloaded assembly
- Completed reload, in  1.042 seconds
Platform modules already initialized, skipping
Shader 'Universal Render Pipeline/Particles/Lit': fallback shader 'Universal Render Pipeline/Particles/SimpleLit' not found
Refreshing native plugins compatible for Editor in 0.67 ms, found 1 plugins.
Preloading 0 native plugins for Editor in 0.00 ms.
Unloading 3028 Unused Serialized files (Serialized files now loaded: 0)
System memory in use before: 138.3 MB.
System memory in use after: 138.6 MB.

Unloading 9 unused Assets to reduce memory usage. Loaded Objects now: 3848.
Total: 3.307700 ms (FindLiveObjects: 0.341000 ms CreateObjectMapping: 0.137000 ms MarkObjects: 2.806700 ms  DeleteObjects: 0.021000 ms)

========================================================================
Received Prepare
Registering precompiled user dll's ...
Registered in 0.001682 seconds.
Begin MonoManager ReloadAssembly
Native extension for WindowsStandalone target not found
Native extension for WebGL target not found
Refreshing native plugins compatible for Editor in 1.22 ms, found 1 plugins.
Preloading 0 native plugins for Editor in 0.00 ms.
Invoked RoslynAnalysisRunner static constructor.
RoslynAnalysisRunner will not be running.
RoslynAnalysisRunner has terminated.
Mono: successfully reloaded assembly
- Completed reload, in  1.031 seconds
Platform modules already initialized, skipping
Shader 'Universal Render Pipeline/Particles/Lit': fallback shader 'Universal Render Pipeline/Particles/SimpleLit' not found
Refreshing native plugins compatible for Editor in 0.85 ms, found 1 plugins.
Preloading 0 native plugins for Editor in 0.00 ms.
Unloading 3028 Unused Serialized files (Serialized files now loaded: 0)
System memory in use before: 138.3 MB.
System memory in use after: 138.6 MB.

Unloading 9 unused Assets to reduce memory usage. Loaded Objects now: 3852.
Total: 2.884800 ms (FindLiveObjects: 0.337800 ms CreateObjectMapping: 0.156300 ms MarkObjects: 2.372800 ms  DeleteObjects: 0.017000 ms)

========================================================================
Received Prepare
Registering precompiled user dll's ...
Registered in 0.002023 seconds.
Begin MonoManager ReloadAssembly
Native extension for WindowsStandalone target not found
Native extension for WebGL target not found
Refreshing native plugins compatible for Editor in 0.80 ms, found 1 plugins.
Preloading 0 native plugins for Editor in 0.00 ms.
Invoked RoslynAnalysisRunner static constructor.
RoslynAnalysisRunner will not be running.
RoslynAnalysisRunner has terminated.
Mono: successfully reloaded assembly
- Completed reload, in  1.348 seconds
Platform modules already initialized, skipping
Shader 'Universal Render Pipeline/Particles/Lit': fallback shader 'Universal Render Pipeline/Particles/SimpleLit' not found
Refreshing native plugins compatible for Editor in 1.49 ms, found 1 plugins.
Preloading 0 native plugins for Editor in 0.00 ms.
Unloading 3028 Unused Serialized files (Serialized files now loaded: 0)
System memory in use before: 138.3 MB.
System memory in use after: 138.6 MB.

Unloading 9 unused Assets to reduce memory usage. Loaded Objects now: 3856.
Total: 3.660400 ms (FindLiveObjects: 0.343900 ms CreateObjectMapping: 0.428700 ms MarkObjects: 2.868200 ms  DeleteObjects: 0.018400 ms)

========================================================================
Received Import Request.
  Time since last request: 600.164347 seconds.
  path: Assets/Prefabs/InventorySlot.prefab
  artifactKey: Guid(aaa8337f2aebd6048bf7494d4aa2badb) Importer(815301076,1909f56bfc062723c751e8b465ee728b)
Start importing Assets/Prefabs/InventorySlot.prefab using Guid(aaa8337f2aebd6048bf7494d4aa2badb) Importer(815301076,1909f56bfc062723c751e8b465ee728b)  -> (artifact id: 'a897325f1aee2c2935b215ad9cf69c4f') in 0.110567 seconds
  Import took 0.117606 seconds .

========================================================================
Received Import Request.
  Time since last request: 17.017207 seconds.
  path: Assets/Prefabs/Items/Attack_Swing.prefab
  artifactKey: Guid(e6048153955b4a742af989722e72b340) Importer(815301076,1909f56bfc062723c751e8b465ee728b)
Start importing Assets/Prefabs/Items/Attack_Swing.prefab using Guid(e6048153955b4a742af989722e72b340) Importer(815301076,1909f56bfc062723c751e8b465ee728b)  -> (artifact id: '62b26e808d1405271af26ff72f853e1f') in 0.169765 seconds
  Import took 0.177761 seconds .

========================================================================
Received Import Request.
  Time since last request: 36.985446 seconds.
  path: Assets/Prefabs/Items/Attack_Swing.prefab
  artifactKey: Guid(e6048153955b4a742af989722e72b340) Importer(815301076,1909f56bfc062723c751e8b465ee728b)
Start importing Assets/Prefabs/Items/Attack_Swing.prefab using Guid(e6048153955b4a742af989722e72b340) Importer(815301076,1909f56bfc062723c751e8b465ee728b)  -> (artifact id: '87a5019d4af1918da86fe40c6ab1f84b') in 0.013787 seconds
  Import took 0.026184 seconds .

========================================================================
Received Import Request.
  Time since last request: 0.072809 seconds.
  path: Assets/Prefabs/Items/Attack_Swing.prefab
  artifactKey: Guid(e6048153955b4a742af989722e72b340) Importer(815301076,1909f56bfc062723c751e8b465ee728b)
Start importing Assets/Prefabs/Items/Attack_Swing.prefab using Guid(e6048153955b4a742af989722e72b340) Importer(815301076,1909f56bfc062723c751e8b465ee728b)  -> (artifact id: '87a5019d4af1918da86fe40c6ab1f84b') in 0.013344 seconds
  Import took 0.020356 seconds .

========================================================================
Received Prepare
Registering precompiled user dll's ...
Registered in 0.001897 seconds.
Begin MonoManager ReloadAssembly
Native extension for WindowsStandalone target not found
Native extension for WebGL target not found
Refreshing native plugins compatible for Editor in 0.69 ms, found 1 plugins.
Preloading 0 native plugins for Editor in 0.00 ms.
Invoked RoslynAnalysisRunner static constructor.
RoslynAnalysisRunner will not be running.
RoslynAnalysisRunner has terminated.
Mono: successfully reloaded assembly
- Completed reload, in  1.028 seconds
Platform modules already initialized, skipping
Shader 'Universal Render Pipeline/Particles/Lit': fallback shader 'Universal Render Pipeline/Particles/SimpleLit' not found
Refreshing native plugins compatible for Editor in 0.74 ms, found 1 plugins.
Preloading 0 native plugins for Editor in 0.00 ms.
Unloading 3028 Unused Serialized files (Serialized files now loaded: 0)
System memory in use before: 138.5 MB.
System memory in use after: 138.7 MB.

Unloading 9 unused Assets to reduce memory usage. Loaded Objects now: 3896.
Total: 3.510900 ms (FindLiveObjects: 0.425300 ms CreateObjectMapping: 0.295800 ms MarkObjects: 2.749600 ms  DeleteObjects: 0.039200 ms)

========================================================================
Received Prepare
Registering precompiled user dll's ...
Registered in 0.001909 seconds.
Begin MonoManager ReloadAssembly
Native extension for WindowsStandalone target not found
Native extension for WebGL target not found
Refreshing native plugins compatible for Editor in 0.79 ms, found 1 plugins.
Preloading 0 native plugins for Editor in 0.00 ms.
Invoked RoslynAnalysisRunner static constructor.
RoslynAnalysisRunner will not be running.
RoslynAnalysisRunner has terminated.
Mono: successfully reloaded assembly
- Completed reload, in  1.079 seconds
Platform modules already initialized, skipping
Shader 'Universal Render Pipeline/Particles/Lit': fallback shader 'Universal Render Pipeline/Particles/SimpleLit' not found
Refreshing native plugins compatible for Editor in 0.73 ms, found 1 plugins.
Preloading 0 native plugins for Editor in 0.00 ms.
Unloading 3028 Unused Serialized files (Serialized files now loaded: 0)
System memory in use before: 138.5 MB.
System memory in use after: 138.7 MB.

Unloading 9 unused Assets to reduce memory usage. Loaded Objects now: 3900.
Total: 4.149300 ms (FindLiveObjects: 0.424000 ms CreateObjectMapping: 0.305200 ms MarkObjects: 3.393700 ms  DeleteObjects: 0.025200 ms)

========================================================================
Received Import Request.
  Time since last request: 81.938416 seconds.
  path: Assets/Prefabs/Items/Attack_Spin.prefab
  artifactKey: Guid(09c5bfb1b9723634ebe33fb1ef0cc841) Importer(815301076,1909f56bfc062723c751e8b465ee728b)
Start importing Assets/Prefabs/Items/Attack_Spin.prefab using Guid(09c5bfb1b9723634ebe33fb1ef0cc841) Importer(815301076,1909f56bfc062723c751e8b465ee728b)  -> (artifact id: '4a221815b2d8ac902bb661534ea1b064') in 0.171863 seconds
  Import took 0.203243 seconds .

========================================================================
Received Prepare
Registering precompiled user dll's ...
Registered in 0.002250 seconds.
Begin MonoManager ReloadAssembly
Native extension for WindowsStandalone target not found
Native extension for WebGL target not found
Refreshing native plugins compatible for Editor in 0.81 ms, found 1 plugins.
Preloading 0 native plugins for Editor in 0.00 ms.
Invoked RoslynAnalysisRunner static constructor.
RoslynAnalysisRunner will not be running.
RoslynAnalysisRunner has terminated.
Mono: successfully reloaded assembly
- Completed reload, in  1.096 seconds
Platform modules already initialized, skipping
Shader 'Universal Render Pipeline/Particles/Lit': fallback shader 'Universal Render Pipeline/Particles/SimpleLit' not found
Refreshing native plugins compatible for Editor in 1.00 ms, found 1 plugins.
Preloading 0 native plugins for Editor in 0.00 ms.
Unloading 3028 Unused Serialized files (Serialized files now loaded: 0)
System memory in use before: 138.6 MB.
System memory in use after: 138.9 MB.

Unloading 11 unused Assets to reduce memory usage. Loaded Objects now: 3940.
Total: 3.984700 ms (FindLiveObjects: 0.418100 ms CreateObjectMapping: 0.300000 ms MarkObjects: 3.101700 ms  DeleteObjects: 0.164000 ms)

AssetImportWorkerClient::OnTransportError - code=2 error=End of file
