Using pre-set license
Built from '2020.3/staging' branch; Version is '2020.3.0f1 (c7b5465681fb) revision 13088070'; Using compiler version '192528614'; Build Type 'Release'
OS: 'Windows 10 Home; OS build 19042.1165; Version 2009; 64bit' Language: 'sv' Physical Memory: 8132 MB
BatchMode: 1, IsHumanControllingUs: 0, StartBugReporterOnCrash: 0, Is64bit: 1, IsPro: 0

 COMMAND LINE ARGUMENTS:
D:\Unity\Unity Engine\2020.3.0f1\Editor\Unity.exe
-adb2
-batchMode
-noUpm
-name
AssetImportWorker1
-projectPath
D:/GitHub/INCANTATION_GAME/INCANTATION
-logFile
Logs/AssetImportWorker1.log
-srvPort
63591
Successfully changed project path to: D:/GitHub/INCANTATION_GAME/INCANTATION
D:/GitHub/INCANTATION_GAME/INCANTATION
Using Asset Import Pipeline V2.
Refreshing native plugins compatible for Editor in 69.22 ms, found 1 plugins.
Preloading 0 native plugins for Editor in 0.00 ms.
Initialize engine version: 2020.3.0f1 (c7b5465681fb)
[Subsystems] Discovering subsystems at path D:/Unity/Unity Engine/2020.3.0f1/Editor/Data/Resources/UnitySubsystems
[Subsystems] Discovering subsystems at path D:/GitHub/INCANTATION_GAME/INCANTATION/Assets
GfxDevice: creating device client; threaded=0
Direct3D:
    Version:  Direct3D 11.0 [level 11.1]
    Renderer: NVIDIA GeForce GTX 970 (ID=0x13c2)
    Vendor:   
    VRAM:     4043 MB
    Driver:   27.21.14.6611
Shader 'Universal Render Pipeline/Particles/Lit': fallback shader 'Universal Render Pipeline/Particles/SimpleLit' not found
Initialize mono
Mono path[0] = 'D:/Unity/Unity Engine/2020.3.0f1/Editor/Data/Managed'
Mono path[1] = 'D:/Unity/Unity Engine/2020.3.0f1/Editor/Data/MonoBleedingEdge/lib/mono/unityjit'
Mono config path = 'D:/Unity/Unity Engine/2020.3.0f1/Editor/Data/MonoBleedingEdge/etc'
Using monoOptions --debugger-agent=transport=dt_socket,embedding=1,server=y,suspend=n,address=127.0.0.1:56476
Begin MonoManager ReloadAssembly
Registering precompiled unity dll's ...
Register platform support module: D:/Unity/Unity Engine/2020.3.0f1/Editor/Data/PlaybackEngines/WebGLSupport/UnityEditor.WebGL.Extensions.dll
Register platform support module: D:/Unity/Unity Engine/2020.3.0f1/Editor/Data/PlaybackEngines/WindowsStandaloneSupport/UnityEditor.WindowsStandalone.Extensions.dll
Registered in 0.001258 seconds.
Native extension for WindowsStandalone target not found
Native extension for WebGL target not found
Refreshing native plugins compatible for Editor in 58.42 ms, found 1 plugins.
Preloading 0 native plugins for Editor in 0.00 ms.
Invoked RoslynAnalysisRunner static constructor.
RoslynAnalysisRunner will not be running.
RoslynAnalysisRunner has terminated.
Mono: successfully reloaded assembly
- Completed reload, in 24.419 seconds
Platform modules already initialized, skipping
Registering precompiled user dll's ...
Registered in 0.001861 seconds.
Begin MonoManager ReloadAssembly
Native extension for WindowsStandalone target not found
Native extension for WebGL target not found
Refreshing native plugins compatible for Editor in 60.95 ms, found 1 plugins.
Preloading 0 native plugins for Editor in 0.00 ms.
Invoked RoslynAnalysisRunner static constructor.
RoslynAnalysisRunner will not be running.
RoslynAnalysisRunner has terminated.
Mono: successfully reloaded assembly
- Completed reload, in  1.041 seconds
Platform modules already initialized, skipping
========================================================================
Worker process is ready to serve import requests
Shader 'Universal Render Pipeline/Particles/Lit': fallback shader 'Universal Render Pipeline/Particles/SimpleLit' not found
Launched and connected shader compiler UnityShaderCompiler.exe after 0.09 seconds
Refreshing native plugins compatible for Editor in 0.72 ms, found 1 plugins.
Preloading 0 native plugins for Editor in 0.00 ms.
Unloading 3139 Unused Serialized files (Serialized files now loaded: 0)
System memory in use before: 138.9 MB.
System memory in use after: 139.1 MB.

Unloading 20 unused Assets to reduce memory usage. Loaded Objects now: 3592.
Total: 3.803900 ms (FindLiveObjects: 0.802600 ms CreateObjectMapping: 0.370800 ms MarkObjects: 2.580500 ms  DeleteObjects: 0.048600 ms)

========================================================================
Received Import Request.
  path: Assets/Prefabs/Items/Attack_Bow.prefab
  artifactKey: Guid(b6e84066a2379eb42a14149954e40bc9) Importer(815301076,1909f56bfc062723c751e8b465ee728b)
Start importing Assets/Prefabs/Items/Attack_Bow.prefab using Guid(b6e84066a2379eb42a14149954e40bc9) Importer(815301076,1909f56bfc062723c751e8b465ee728b)  -> (artifact id: '043d4b1c93a83a9bd3e85e9485684e05') in 0.113304 seconds
  Import took 0.133341 seconds .

========================================================================
Received Prepare
Shader 'Universal Render Pipeline/Particles/Lit': fallback shader 'Universal Render Pipeline/Particles/SimpleLit' not found
Refreshing native plugins compatible for Editor in 1.99 ms, found 1 plugins.
Preloading 0 native plugins for Editor in 0.00 ms.
Unloading 7 Unused Serialized files (Serialized files now loaded: 0)
System memory in use before: 72.7 MB.
System memory in use after: 72.9 MB.

Unloading 7 unused Assets to reduce memory usage. Loaded Objects now: 3592.
Total: 3.772200 ms (FindLiveObjects: 0.397700 ms CreateObjectMapping: 0.308100 ms MarkObjects: 3.044100 ms  DeleteObjects: 0.021100 ms)

========================================================================
Received Prepare
Registering precompiled user dll's ...
Registered in 0.002111 seconds.
Begin MonoManager ReloadAssembly
Native extension for WindowsStandalone target not found
Native extension for WebGL target not found
Refreshing native plugins compatible for Editor in 0.93 ms, found 1 plugins.
Preloading 0 native plugins for Editor in 0.00 ms.
Invoked RoslynAnalysisRunner static constructor.
RoslynAnalysisRunner will not be running.
RoslynAnalysisRunner has terminated.
Mono: successfully reloaded assembly
- Completed reload, in  1.028 seconds
Platform modules already initialized, skipping
Shader 'Universal Render Pipeline/Particles/Lit': fallback shader 'Universal Render Pipeline/Particles/SimpleLit' not found
Refreshing native plugins compatible for Editor in 0.63 ms, found 1 plugins.
Preloading 0 native plugins for Editor in 0.00 ms.
Unloading 3018 Unused Serialized files (Serialized files now loaded: 0)
System memory in use before: 132.2 MB.
System memory in use after: 132.4 MB.

Unloading 9 unused Assets to reduce memory usage. Loaded Objects now: 3596.
Total: 3.651600 ms (FindLiveObjects: 0.491700 ms CreateObjectMapping: 0.353600 ms MarkObjects: 2.757000 ms  DeleteObjects: 0.048200 ms)

========================================================================
Received Prepare
Registering precompiled user dll's ...
Registered in 0.001732 seconds.
Begin MonoManager ReloadAssembly
Native extension for WindowsStandalone target not found
Native extension for WebGL target not found
Refreshing native plugins compatible for Editor in 0.65 ms, found 1 plugins.
Preloading 0 native plugins for Editor in 0.00 ms.
Invoked RoslynAnalysisRunner static constructor.
RoslynAnalysisRunner will not be running.
RoslynAnalysisRunner has terminated.
Mono: successfully reloaded assembly
- Completed reload, in  1.009 seconds
Platform modules already initialized, skipping
Shader 'Universal Render Pipeline/Particles/Lit': fallback shader 'Universal Render Pipeline/Particles/SimpleLit' not found
Refreshing native plugins compatible for Editor in 0.61 ms, found 1 plugins.
Preloading 0 native plugins for Editor in 0.00 ms.
Unloading 3018 Unused Serialized files (Serialized files now loaded: 0)
System memory in use before: 132.2 MB.
System memory in use after: 132.4 MB.

Unloading 9 unused Assets to reduce memory usage. Loaded Objects now: 3600.
Total: 2.984200 ms (FindLiveObjects: 0.362400 ms CreateObjectMapping: 0.300000 ms MarkObjects: 2.300000 ms  DeleteObjects: 0.020800 ms)

========================================================================
Received Prepare
Registering precompiled user dll's ...
Registered in 0.001753 seconds.
Begin MonoManager ReloadAssembly
Native extension for WindowsStandalone target not found
Native extension for WebGL target not found
Refreshing native plugins compatible for Editor in 0.71 ms, found 1 plugins.
Preloading 0 native plugins for Editor in 0.00 ms.
Invoked RoslynAnalysisRunner static constructor.
RoslynAnalysisRunner will not be running.
RoslynAnalysisRunner has terminated.
Mono: successfully reloaded assembly
- Completed reload, in  1.017 seconds
Platform modules already initialized, skipping
Shader 'Universal Render Pipeline/Particles/Lit': fallback shader 'Universal Render Pipeline/Particles/SimpleLit' not found
Refreshing native plugins compatible for Editor in 0.65 ms, found 1 plugins.
Preloading 0 native plugins for Editor in 0.00 ms.
Unloading 3018 Unused Serialized files (Serialized files now loaded: 0)
System memory in use before: 132.2 MB.
System memory in use after: 132.5 MB.

Unloading 9 unused Assets to reduce memory usage. Loaded Objects now: 3604.
Total: 2.785800 ms (FindLiveObjects: 0.337500 ms CreateObjectMapping: 0.124700 ms MarkObjects: 2.284500 ms  DeleteObjects: 0.038100 ms)

========================================================================
Received Prepare
Registering precompiled user dll's ...
Registered in 0.001614 seconds.
Begin MonoManager ReloadAssembly
Native extension for WindowsStandalone target not found
Native extension for WebGL target not found
Refreshing native plugins compatible for Editor in 0.70 ms, found 1 plugins.
Preloading 0 native plugins for Editor in 0.00 ms.
Invoked RoslynAnalysisRunner static constructor.
RoslynAnalysisRunner will not be running.
RoslynAnalysisRunner has terminated.
Mono: successfully reloaded assembly
- Completed reload, in  1.031 seconds
Platform modules already initialized, skipping
Shader 'Universal Render Pipeline/Particles/Lit': fallback shader 'Universal Render Pipeline/Particles/SimpleLit' not found
Refreshing native plugins compatible for Editor in 0.68 ms, found 1 plugins.
Preloading 0 native plugins for Editor in 0.00 ms.
Unloading 3018 Unused Serialized files (Serialized files now loaded: 0)
System memory in use before: 132.3 MB.
System memory in use after: 132.5 MB.

Unloading 9 unused Assets to reduce memory usage. Loaded Objects now: 3608.
Total: 3.099900 ms (FindLiveObjects: 0.430800 ms CreateObjectMapping: 0.264500 ms MarkObjects: 2.384700 ms  DeleteObjects: 0.019100 ms)

========================================================================
Received Prepare
Registering precompiled user dll's ...
Registered in 0.002380 seconds.
Begin MonoManager ReloadAssembly
Native extension for WindowsStandalone target not found
Native extension for WebGL target not found
Refreshing native plugins compatible for Editor in 0.61 ms, found 1 plugins.
Preloading 0 native plugins for Editor in 0.00 ms.
Invoked RoslynAnalysisRunner static constructor.
RoslynAnalysisRunner will not be running.
RoslynAnalysisRunner has terminated.
Mono: successfully reloaded assembly
- Completed reload, in  1.072 seconds
Platform modules already initialized, skipping
Shader 'Universal Render Pipeline/Particles/Lit': fallback shader 'Universal Render Pipeline/Particles/SimpleLit' not found
Refreshing native plugins compatible for Editor in 0.64 ms, found 1 plugins.
Preloading 0 native plugins for Editor in 0.00 ms.
Unloading 3018 Unused Serialized files (Serialized files now loaded: 0)
System memory in use before: 132.3 MB.
System memory in use after: 132.5 MB.

Unloading 9 unused Assets to reduce memory usage. Loaded Objects now: 3612.
Total: 3.305700 ms (FindLiveObjects: 0.389300 ms CreateObjectMapping: 0.296700 ms MarkObjects: 2.595900 ms  DeleteObjects: 0.022800 ms)

========================================================================
Received Prepare
Registering precompiled user dll's ...
Registered in 0.002041 seconds.
Begin MonoManager ReloadAssembly
Native extension for WindowsStandalone target not found
Native extension for WebGL target not found
Refreshing native plugins compatible for Editor in 0.61 ms, found 1 plugins.
Preloading 0 native plugins for Editor in 0.00 ms.
Invoked RoslynAnalysisRunner static constructor.
RoslynAnalysisRunner will not be running.
RoslynAnalysisRunner has terminated.
Mono: successfully reloaded assembly
- Completed reload, in  1.001 seconds
Platform modules already initialized, skipping
Shader 'Universal Render Pipeline/Particles/Lit': fallback shader 'Universal Render Pipeline/Particles/SimpleLit' not found
Refreshing native plugins compatible for Editor in 0.72 ms, found 1 plugins.
Preloading 0 native plugins for Editor in 0.00 ms.
Unloading 3018 Unused Serialized files (Serialized files now loaded: 0)
System memory in use before: 132.3 MB.
System memory in use after: 132.5 MB.

Unloading 9 unused Assets to reduce memory usage. Loaded Objects now: 3616.
Total: 3.675700 ms (FindLiveObjects: 0.425400 ms CreateObjectMapping: 0.233500 ms MarkObjects: 2.993500 ms  DeleteObjects: 0.021600 ms)

========================================================================
Received Prepare
Registering precompiled user dll's ...
Registered in 0.001708 seconds.
Begin MonoManager ReloadAssembly
Native extension for WindowsStandalone target not found
Native extension for WebGL target not found
Refreshing native plugins compatible for Editor in 0.71 ms, found 1 plugins.
Preloading 0 native plugins for Editor in 0.00 ms.
Invoked RoslynAnalysisRunner static constructor.
RoslynAnalysisRunner will not be running.
RoslynAnalysisRunner has terminated.
Mono: successfully reloaded assembly
- Completed reload, in  0.996 seconds
Platform modules already initialized, skipping
Shader 'Universal Render Pipeline/Particles/Lit': fallback shader 'Universal Render Pipeline/Particles/SimpleLit' not found
Refreshing native plugins compatible for Editor in 0.76 ms, found 1 plugins.
Preloading 0 native plugins for Editor in 0.00 ms.
Unloading 3018 Unused Serialized files (Serialized files now loaded: 0)
System memory in use before: 132.3 MB.
System memory in use after: 132.5 MB.

Unloading 9 unused Assets to reduce memory usage. Loaded Objects now: 3620.
Total: 3.328500 ms (FindLiveObjects: 0.401700 ms CreateObjectMapping: 0.303900 ms MarkObjects: 2.602800 ms  DeleteObjects: 0.019400 ms)

========================================================================
Received Prepare
Registering precompiled user dll's ...
Registered in 0.001691 seconds.
Begin MonoManager ReloadAssembly
Native extension for WindowsStandalone target not found
Native extension for WebGL target not found
Refreshing native plugins compatible for Editor in 1.85 ms, found 1 plugins.
Preloading 0 native plugins for Editor in 0.00 ms.
Invoked RoslynAnalysisRunner static constructor.
RoslynAnalysisRunner will not be running.
RoslynAnalysisRunner has terminated.
Mono: successfully reloaded assembly
- Completed reload, in  1.005 seconds
Platform modules already initialized, skipping
Shader 'Universal Render Pipeline/Particles/Lit': fallback shader 'Universal Render Pipeline/Particles/SimpleLit' not found
Refreshing native plugins compatible for Editor in 0.62 ms, found 1 plugins.
Preloading 0 native plugins for Editor in 0.00 ms.
Unloading 3018 Unused Serialized files (Serialized files now loaded: 0)
System memory in use before: 132.3 MB.
System memory in use after: 132.5 MB.

Unloading 9 unused Assets to reduce memory usage. Loaded Objects now: 3624.
Total: 3.300600 ms (FindLiveObjects: 0.434000 ms CreateObjectMapping: 0.302500 ms MarkObjects: 2.540000 ms  DeleteObjects: 0.022700 ms)

========================================================================
Received Prepare
Registering precompiled user dll's ...
Registered in 0.001591 seconds.
Begin MonoManager ReloadAssembly
Native extension for WindowsStandalone target not found
Native extension for WebGL target not found
Refreshing native plugins compatible for Editor in 0.94 ms, found 1 plugins.
Preloading 0 native plugins for Editor in 0.00 ms.
Invoked RoslynAnalysisRunner static constructor.
RoslynAnalysisRunner will not be running.
RoslynAnalysisRunner has terminated.
Mono: successfully reloaded assembly
- Completed reload, in  1.013 seconds
Platform modules already initialized, skipping
Shader 'Universal Render Pipeline/Particles/Lit': fallback shader 'Universal Render Pipeline/Particles/SimpleLit' not found
Refreshing native plugins compatible for Editor in 0.81 ms, found 1 plugins.
Preloading 0 native plugins for Editor in 0.00 ms.
Unloading 3018 Unused Serialized files (Serialized files now loaded: 0)
System memory in use before: 132.3 MB.
System memory in use after: 132.5 MB.

Unloading 9 unused Assets to reduce memory usage. Loaded Objects now: 3628.
Total: 3.651000 ms (FindLiveObjects: 0.398200 ms CreateObjectMapping: 0.350300 ms MarkObjects: 2.878600 ms  DeleteObjects: 0.023000 ms)

========================================================================
Received Prepare
Registering precompiled user dll's ...
Registered in 0.001952 seconds.
Begin MonoManager ReloadAssembly
Native extension for WindowsStandalone target not found
Native extension for WebGL target not found
Refreshing native plugins compatible for Editor in 0.76 ms, found 1 plugins.
Preloading 0 native plugins for Editor in 0.00 ms.
Invoked RoslynAnalysisRunner static constructor.
RoslynAnalysisRunner will not be running.
RoslynAnalysisRunner has terminated.
Mono: successfully reloaded assembly
- Completed reload, in  1.026 seconds
Platform modules already initialized, skipping
Shader 'Universal Render Pipeline/Particles/Lit': fallback shader 'Universal Render Pipeline/Particles/SimpleLit' not found
Refreshing native plugins compatible for Editor in 0.82 ms, found 1 plugins.
Preloading 0 native plugins for Editor in 0.00 ms.
Unloading 3018 Unused Serialized files (Serialized files now loaded: 0)
System memory in use before: 132.3 MB.
System memory in use after: 132.6 MB.

Unloading 9 unused Assets to reduce memory usage. Loaded Objects now: 3632.
Total: 3.245500 ms (FindLiveObjects: 0.420200 ms CreateObjectMapping: 0.295900 ms MarkObjects: 2.487900 ms  DeleteObjects: 0.040300 ms)

========================================================================
Received Prepare
Registering precompiled user dll's ...
Registered in 0.001968 seconds.
Begin MonoManager ReloadAssembly
Native extension for WindowsStandalone target not found
Native extension for WebGL target not found
Refreshing native plugins compatible for Editor in 0.83 ms, found 1 plugins.
Preloading 0 native plugins for Editor in 0.00 ms.
Invoked RoslynAnalysisRunner static constructor.
RoslynAnalysisRunner will not be running.
RoslynAnalysisRunner has terminated.
Mono: successfully reloaded assembly
- Completed reload, in  0.993 seconds
Platform modules already initialized, skipping
Shader 'Universal Render Pipeline/Particles/Lit': fallback shader 'Universal Render Pipeline/Particles/SimpleLit' not found
Refreshing native plugins compatible for Editor in 0.66 ms, found 1 plugins.
Preloading 0 native plugins for Editor in 0.00 ms.
Unloading 3018 Unused Serialized files (Serialized files now loaded: 0)
System memory in use before: 132.3 MB.
System memory in use after: 132.6 MB.

Unloading 9 unused Assets to reduce memory usage. Loaded Objects now: 3636.
Total: 3.010300 ms (FindLiveObjects: 0.369500 ms CreateObjectMapping: 0.265800 ms MarkObjects: 2.352400 ms  DeleteObjects: 0.021300 ms)

========================================================================
Received Prepare
Registering precompiled user dll's ...
Registered in 0.001657 seconds.
Begin MonoManager ReloadAssembly
Native extension for WindowsStandalone target not found
Native extension for WebGL target not found
Refreshing native plugins compatible for Editor in 0.63 ms, found 1 plugins.
Preloading 0 native plugins for Editor in 0.00 ms.
Invoked RoslynAnalysisRunner static constructor.
RoslynAnalysisRunner will not be running.
RoslynAnalysisRunner has terminated.
Mono: successfully reloaded assembly
- Completed reload, in  1.033 seconds
Platform modules already initialized, skipping
Shader 'Universal Render Pipeline/Particles/Lit': fallback shader 'Universal Render Pipeline/Particles/SimpleLit' not found
Refreshing native plugins compatible for Editor in 0.63 ms, found 1 plugins.
Preloading 0 native plugins for Editor in 0.00 ms.
Unloading 3018 Unused Serialized files (Serialized files now loaded: 0)
System memory in use before: 132.3 MB.
System memory in use after: 132.6 MB.

Unloading 9 unused Assets to reduce memory usage. Loaded Objects now: 3640.
Total: 3.538500 ms (FindLiveObjects: 0.480700 ms CreateObjectMapping: 0.298400 ms MarkObjects: 2.732100 ms  DeleteObjects: 0.026500 ms)

========================================================================
Received Prepare
Registering precompiled user dll's ...
Registered in 0.001678 seconds.
Begin MonoManager ReloadAssembly
Native extension for WindowsStandalone target not found
Native extension for WebGL target not found
Refreshing native plugins compatible for Editor in 0.64 ms, found 1 plugins.
Preloading 0 native plugins for Editor in 0.00 ms.
Invoked RoslynAnalysisRunner static constructor.
RoslynAnalysisRunner will not be running.
RoslynAnalysisRunner has terminated.
Mono: successfully reloaded assembly
- Completed reload, in  1.043 seconds
Platform modules already initialized, skipping
Shader 'Universal Render Pipeline/Particles/Lit': fallback shader 'Universal Render Pipeline/Particles/SimpleLit' not found
Refreshing native plugins compatible for Editor in 0.63 ms, found 1 plugins.
Preloading 0 native plugins for Editor in 0.00 ms.
Unloading 3018 Unused Serialized files (Serialized files now loaded: 0)
System memory in use before: 132.3 MB.
System memory in use after: 132.6 MB.

Unloading 9 unused Assets to reduce memory usage. Loaded Objects now: 3644.
Total: 3.403800 ms (FindLiveObjects: 0.398600 ms CreateObjectMapping: 0.336000 ms MarkObjects: 2.650000 ms  DeleteObjects: 0.018400 ms)

========================================================================
Received Prepare
Registering precompiled user dll's ...
Registered in 0.001792 seconds.
Begin MonoManager ReloadAssembly
Native extension for WindowsStandalone target not found
Native extension for WebGL target not found
Refreshing native plugins compatible for Editor in 0.67 ms, found 1 plugins.
Preloading 0 native plugins for Editor in 0.00 ms.
Invoked RoslynAnalysisRunner static constructor.
RoslynAnalysisRunner will not be running.
RoslynAnalysisRunner has terminated.
Mono: successfully reloaded assembly
- Completed reload, in  0.965 seconds
Platform modules already initialized, skipping
Shader 'Universal Render Pipeline/Particles/Lit': fallback shader 'Universal Render Pipeline/Particles/SimpleLit' not found
Refreshing native plugins compatible for Editor in 0.69 ms, found 1 plugins.
Preloading 0 native plugins for Editor in 0.00 ms.
Unloading 3018 Unused Serialized files (Serialized files now loaded: 0)
System memory in use before: 132.4 MB.
System memory in use after: 132.6 MB.

Unloading 9 unused Assets to reduce memory usage. Loaded Objects now: 3648.
Total: 3.077400 ms (FindLiveObjects: 0.374200 ms CreateObjectMapping: 0.289100 ms MarkObjects: 2.386900 ms  DeleteObjects: 0.025700 ms)

========================================================================
Received Import Request.
  Time since last request: 2516.944625 seconds.
  path: Assets/Animation/DefaultControllers/Player.controller
  artifactKey: Guid(e1379637738ac784eb88b86459fc6d5d) Importer(815301076,1909f56bfc062723c751e8b465ee728b)
Start importing Assets/Animation/DefaultControllers/Player.controller using Guid(e1379637738ac784eb88b86459fc6d5d) Importer(815301076,1909f56bfc062723c751e8b465ee728b)  -> (artifact id: '7a543d8df1c1ace60fc9d728f5e2f48b') in 0.149303 seconds
  Import took 0.168369 seconds .

========================================================================
Received Import Request.
  Time since last request: 102.750422 seconds.
  path: Assets/Animation/Animations/Weapon Animations/BasicStaffIdle.anim
  artifactKey: Guid(8ac275c524966154a86179307ffa9b40) Importer(815301076,1909f56bfc062723c751e8b465ee728b)
Start importing Assets/Animation/Animations/Weapon Animations/BasicStaffIdle.anim using Guid(8ac275c524966154a86179307ffa9b40) Importer(815301076,1909f56bfc062723c751e8b465ee728b)  -> (artifact id: 'cf8b98039ccabf51e21fee8f61d12c2b') in 0.010985 seconds
  Import took 0.019484 seconds .

========================================================================
Received Import Request.
  Time since last request: 0.086282 seconds.
  path: Assets/Animation/Animations/Weapon Animations/BasicStaffIdle.anim
  artifactKey: Guid(8ac275c524966154a86179307ffa9b40) Importer(815301076,1909f56bfc062723c751e8b465ee728b)
Start importing Assets/Animation/Animations/Weapon Animations/BasicStaffIdle.anim using Guid(8ac275c524966154a86179307ffa9b40) Importer(815301076,1909f56bfc062723c751e8b465ee728b)  -> (artifact id: 'cf8b98039ccabf51e21fee8f61d12c2b') in 0.005743 seconds
  Import took 0.011590 seconds .

========================================================================
Received Prepare
Registering precompiled user dll's ...
Registered in 0.001697 seconds.
Begin MonoManager ReloadAssembly
Native extension for WindowsStandalone target not found
Native extension for WebGL target not found
Refreshing native plugins compatible for Editor in 0.63 ms, found 1 plugins.
Preloading 0 native plugins for Editor in 0.00 ms.
Invoked RoslynAnalysisRunner static constructor.
RoslynAnalysisRunner will not be running.
RoslynAnalysisRunner has terminated.
Mono: successfully reloaded assembly
- Completed reload, in  0.970 seconds
Platform modules already initialized, skipping
Shader 'Universal Render Pipeline/Particles/Lit': fallback shader 'Universal Render Pipeline/Particles/SimpleLit' not found
Refreshing native plugins compatible for Editor in 0.64 ms, found 1 plugins.
Preloading 0 native plugins for Editor in 0.00 ms.
Unloading 3018 Unused Serialized files (Serialized files now loaded: 0)
System memory in use before: 132.4 MB.
System memory in use after: 132.6 MB.

Unloading 9 unused Assets to reduce memory usage. Loaded Objects now: 3652.
Total: 3.479900 ms (FindLiveObjects: 0.410200 ms CreateObjectMapping: 0.336700 ms MarkObjects: 2.699200 ms  DeleteObjects: 0.032700 ms)

========================================================================
Received Import Request.
  Time since last request: 135.244362 seconds.
  path: Assets/Animation/DefaultOverrides/DefaultBody.overrideController
  artifactKey: Guid(42b81627813e0ee409f6325da9fcdc42) Importer(815301076,1909f56bfc062723c751e8b465ee728b)
Start importing Assets/Animation/DefaultOverrides/DefaultBody.overrideController using Guid(42b81627813e0ee409f6325da9fcdc42) Importer(815301076,1909f56bfc062723c751e8b465ee728b)  -> (artifact id: 'e403e7ae37a9f93ede244def3485f953') in 0.170820 seconds
  Import took 0.177843 seconds .

========================================================================
Received Import Request.
  Time since last request: 15.830471 seconds.
  path: Assets/Animation/DefaultOverrides/DefaultHead.overrideController
  artifactKey: Guid(e55f3b211f6dd6c4690a7b24138c0242) Importer(815301076,1909f56bfc062723c751e8b465ee728b)
Start importing Assets/Animation/DefaultOverrides/DefaultHead.overrideController using Guid(e55f3b211f6dd6c4690a7b24138c0242) Importer(815301076,1909f56bfc062723c751e8b465ee728b)  -> (artifact id: 'f8986f2535beaf565ab4577241f9a89f') in 0.099348 seconds
  Import took 0.106237 seconds .

========================================================================
Received Import Request.
  Time since last request: 85.145367 seconds.
  path: Assets/Animation/DefaultControllers/Player.controller
  artifactKey: Guid(e1379637738ac784eb88b86459fc6d5d) Importer(815301076,1909f56bfc062723c751e8b465ee728b)
Start importing Assets/Animation/DefaultControllers/Player.controller using Guid(e1379637738ac784eb88b86459fc6d5d) Importer(815301076,1909f56bfc062723c751e8b465ee728b)  -> (artifact id: '0e785591deb29ef2eef6b1a6b7da072e') in 0.007798 seconds
  Import took 0.029282 seconds .

========================================================================
Received Prepare
Registering precompiled user dll's ...
Registered in 0.001653 seconds.
Begin MonoManager ReloadAssembly
Native extension for WindowsStandalone target not found
Native extension for WebGL target not found
Refreshing native plugins compatible for Editor in 0.64 ms, found 1 plugins.
Preloading 0 native plugins for Editor in 0.00 ms.
Invoked RoslynAnalysisRunner static constructor.
RoslynAnalysisRunner will not be running.
RoslynAnalysisRunner has terminated.
Mono: successfully reloaded assembly
- Completed reload, in  0.994 seconds
Platform modules already initialized, skipping
Shader 'Universal Render Pipeline/Particles/Lit': fallback shader 'Universal Render Pipeline/Particles/SimpleLit' not found
Refreshing native plugins compatible for Editor in 0.70 ms, found 1 plugins.
Preloading 0 native plugins for Editor in 0.00 ms.
Unloading 3018 Unused Serialized files (Serialized files now loaded: 0)
System memory in use before: 132.4 MB.
System memory in use after: 132.6 MB.

Unloading 9 unused Assets to reduce memory usage. Loaded Objects now: 3656.
Total: 3.349600 ms (FindLiveObjects: 0.413700 ms CreateObjectMapping: 0.303500 ms MarkObjects: 2.608600 ms  DeleteObjects: 0.022400 ms)

========================================================================
Received Prepare
Registering precompiled user dll's ...
Registered in 0.001814 seconds.
Begin MonoManager ReloadAssembly
Native extension for WindowsStandalone target not found
Native extension for WebGL target not found
Refreshing native plugins compatible for Editor in 0.64 ms, found 1 plugins.
Preloading 0 native plugins for Editor in 0.00 ms.
Invoked RoslynAnalysisRunner static constructor.
RoslynAnalysisRunner will not be running.
RoslynAnalysisRunner has terminated.
Mono: successfully reloaded assembly
- Completed reload, in  0.970 seconds
Platform modules already initialized, skipping
Shader 'Universal Render Pipeline/Particles/Lit': fallback shader 'Universal Render Pipeline/Particles/SimpleLit' not found
Refreshing native plugins compatible for Editor in 0.70 ms, found 1 plugins.
Preloading 0 native plugins for Editor in 0.00 ms.
Unloading 3018 Unused Serialized files (Serialized files now loaded: 0)
System memory in use before: 132.4 MB.
System memory in use after: 132.6 MB.

Unloading 9 unused Assets to reduce memory usage. Loaded Objects now: 3660.
Total: 3.152900 ms (FindLiveObjects: 0.393900 ms CreateObjectMapping: 0.275900 ms MarkObjects: 2.462400 ms  DeleteObjects: 0.019500 ms)

========================================================================
Received Prepare
Registering precompiled user dll's ...
Registered in 0.001703 seconds.
Begin MonoManager ReloadAssembly
Native extension for WindowsStandalone target not found
Native extension for WebGL target not found
Refreshing native plugins compatible for Editor in 0.62 ms, found 1 plugins.
Preloading 0 native plugins for Editor in 0.00 ms.
Invoked RoslynAnalysisRunner static constructor.
RoslynAnalysisRunner will not be running.
RoslynAnalysisRunner has terminated.
Mono: successfully reloaded assembly
- Completed reload, in  1.009 seconds
Platform modules already initialized, skipping
Shader 'Universal Render Pipeline/Particles/Lit': fallback shader 'Universal Render Pipeline/Particles/SimpleLit' not found
Refreshing native plugins compatible for Editor in 0.65 ms, found 1 plugins.
Preloading 0 native plugins for Editor in 0.00 ms.
Unloading 3018 Unused Serialized files (Serialized files now loaded: 0)
System memory in use before: 132.4 MB.
System memory in use after: 132.7 MB.

Unloading 9 unused Assets to reduce memory usage. Loaded Objects now: 3664.
Total: 4.184900 ms (FindLiveObjects: 0.431900 ms CreateObjectMapping: 0.318500 ms MarkObjects: 3.412400 ms  DeleteObjects: 0.020500 ms)

========================================================================
Received Import Request.
  Time since last request: 144.000314 seconds.
  path: Assets/Scripts/Player/PlayerStats.cs
  artifactKey: Guid(ad0717e19f044b041b70d9fe27dcf6c3) Importer(815301076,1909f56bfc062723c751e8b465ee728b)
Start importing Assets/Scripts/Player/PlayerStats.cs using Guid(ad0717e19f044b041b70d9fe27dcf6c3) Importer(815301076,1909f56bfc062723c751e8b465ee728b)  -> (artifact id: 'f579733df68c541bda3eddaf073bfcec') in 0.023930 seconds
  Import took 0.038850 seconds .

========================================================================
Received Import Request.
  Time since last request: 7.560247 seconds.
  path: Assets/Scripts/CharacterStats.cs
  artifactKey: Guid(5e72021f777e8c341b90a3f3f255fd62) Importer(815301076,1909f56bfc062723c751e8b465ee728b)
Start importing Assets/Scripts/CharacterStats.cs using Guid(5e72021f777e8c341b90a3f3f255fd62) Importer(815301076,1909f56bfc062723c751e8b465ee728b)  -> (artifact id: '219a737ff07a0109c3c6b00d650ade3e') in 0.019740 seconds
  Import took 0.025389 seconds .

========================================================================
Received Import Request.
  Time since last request: 8.944850 seconds.
  path: Assets/Scripts/Enemy/EnemyStats.cs
  artifactKey: Guid(4df78b8138dab474585ec98b498696cc) Importer(815301076,1909f56bfc062723c751e8b465ee728b)
Start importing Assets/Scripts/Enemy/EnemyStats.cs using Guid(4df78b8138dab474585ec98b498696cc) Importer(815301076,1909f56bfc062723c751e8b465ee728b)  -> (artifact id: '27c0c618f9f261bbfd298a621d720263') in 0.011496 seconds
  Import took 0.018170 seconds .

========================================================================
Received Prepare
Registering precompiled user dll's ...
Registered in 0.001809 seconds.
Begin MonoManager ReloadAssembly
Native extension for WindowsStandalone target not found
Native extension for WebGL target not found
Refreshing native plugins compatible for Editor in 0.61 ms, found 1 plugins.
Preloading 0 native plugins for Editor in 0.00 ms.
Invoked RoslynAnalysisRunner static constructor.
RoslynAnalysisRunner will not be running.
RoslynAnalysisRunner has terminated.
Mono: successfully reloaded assembly
- Completed reload, in  0.971 seconds
Platform modules already initialized, skipping
Shader 'Universal Render Pipeline/Particles/Lit': fallback shader 'Universal Render Pipeline/Particles/SimpleLit' not found
Refreshing native plugins compatible for Editor in 0.68 ms, found 1 plugins.
Preloading 0 native plugins for Editor in 0.00 ms.
Unloading 3018 Unused Serialized files (Serialized files now loaded: 0)
System memory in use before: 132.4 MB.
System memory in use after: 132.7 MB.

Unloading 9 unused Assets to reduce memory usage. Loaded Objects now: 3668.
Total: 3.818500 ms (FindLiveObjects: 0.517000 ms CreateObjectMapping: 0.419400 ms MarkObjects: 2.854300 ms  DeleteObjects: 0.026100 ms)

========================================================================
Received Import Request.
  Time since last request: 228.277415 seconds.
  path: Assets/Scripts/Enemy/EnemyStats.cs
  artifactKey: Guid(4df78b8138dab474585ec98b498696cc) Importer(815301076,1909f56bfc062723c751e8b465ee728b)
Start importing Assets/Scripts/Enemy/EnemyStats.cs using Guid(4df78b8138dab474585ec98b498696cc) Importer(815301076,1909f56bfc062723c751e8b465ee728b)  -> (artifact id: '34d8c4421a160db132c230ce9b9b2f6f') in 0.010154 seconds
  Import took 0.016194 seconds .

========================================================================
Received Prepare
Registering precompiled user dll's ...
Registered in 0.001536 seconds.
Begin MonoManager ReloadAssembly
Native extension for WindowsStandalone target not found
Native extension for WebGL target not found
Refreshing native plugins compatible for Editor in 0.67 ms, found 1 plugins.
Preloading 0 native plugins for Editor in 0.00 ms.
Invoked RoslynAnalysisRunner static constructor.
RoslynAnalysisRunner will not be running.
RoslynAnalysisRunner has terminated.
Mono: successfully reloaded assembly
- Completed reload, in  1.009 seconds
Platform modules already initialized, skipping
Shader 'Universal Render Pipeline/Particles/Lit': fallback shader 'Universal Render Pipeline/Particles/SimpleLit' not found
Refreshing native plugins compatible for Editor in 0.81 ms, found 1 plugins.
Preloading 0 native plugins for Editor in 0.00 ms.
Unloading 3018 Unused Serialized files (Serialized files now loaded: 0)
System memory in use before: 132.4 MB.
System memory in use after: 132.7 MB.

Unloading 9 unused Assets to reduce memory usage. Loaded Objects now: 3672.
Total: 2.982200 ms (FindLiveObjects: 0.373400 ms CreateObjectMapping: 0.266000 ms MarkObjects: 2.323800 ms  DeleteObjects: 0.017700 ms)

========================================================================
Received Import Request.
  Time since last request: 51.623281 seconds.
  path: Assets/Prefabs/EnemyTest.prefab
  artifactKey: Guid(b460a3d9319d19847a82050069735c78) Importer(815301076,1909f56bfc062723c751e8b465ee728b)
Start importing Assets/Prefabs/EnemyTest.prefab using Guid(b460a3d9319d19847a82050069735c78) Importer(815301076,1909f56bfc062723c751e8b465ee728b)  -> (artifact id: '8f66482f6fef405f6dc574b6ce73f72e') in 0.314633 seconds
  Import took 0.341814 seconds .

========================================================================
Received Import Request.
  Time since last request: 89.971324 seconds.
  path: Assets/Prefabs/DamagePopUp.prefab
  artifactKey: Guid(c0f87d3f1325d1d4ca8fae8b5338e708) Importer(815301076,1909f56bfc062723c751e8b465ee728b)
Start importing Assets/Prefabs/DamagePopUp.prefab using Guid(c0f87d3f1325d1d4ca8fae8b5338e708) Importer(815301076,1909f56bfc062723c751e8b465ee728b)  -> (artifact id: '939631cff68f985fafe7766783ab15ac') in 0.013990 seconds
  Import took 0.035097 seconds .

========================================================================
Received Import Request.
  Time since last request: 0.398794 seconds.
  path: Assets/Prefabs/EnemyTest.prefab
  artifactKey: Guid(b460a3d9319d19847a82050069735c78) Importer(815301076,1909f56bfc062723c751e8b465ee728b)
Start importing Assets/Prefabs/EnemyTest.prefab using Guid(b460a3d9319d19847a82050069735c78) Importer(815301076,1909f56bfc062723c751e8b465ee728b)  -> (artifact id: '4631364b3f6c1f863c1344e385cf8065') in 0.040935 seconds
  Import took 0.049219 seconds .

========================================================================
Received Import Request.
  Time since last request: 0.003619 seconds.
  path: Assets/Prefabs/EnemyTest.prefab
  artifactKey: Guid(b460a3d9319d19847a82050069735c78) Importer(815301076,1909f56bfc062723c751e8b465ee728b)
Start importing Assets/Prefabs/EnemyTest.prefab using Guid(b460a3d9319d19847a82050069735c78) Importer(815301076,1909f56bfc062723c751e8b465ee728b)  -> (artifact id: '4631364b3f6c1f863c1344e385cf8065') in 0.017106 seconds
  Import took 0.023553 seconds .

========================================================================
Received Prepare
Registering precompiled user dll's ...
Registered in 0.001709 seconds.
Begin MonoManager ReloadAssembly
Native extension for WindowsStandalone target not found
Native extension for WebGL target not found
Refreshing native plugins compatible for Editor in 0.63 ms, found 1 plugins.
Preloading 0 native plugins for Editor in 0.00 ms.
Invoked RoslynAnalysisRunner static constructor.
RoslynAnalysisRunner will not be running.
RoslynAnalysisRunner has terminated.
Mono: successfully reloaded assembly
- Completed reload, in  0.991 seconds
Platform modules already initialized, skipping
Shader 'Universal Render Pipeline/Particles/Lit': fallback shader 'Universal Render Pipeline/Particles/SimpleLit' not found
Refreshing native plugins compatible for Editor in 0.62 ms, found 1 plugins.
Preloading 0 native plugins for Editor in 0.00 ms.
Unloading 3018 Unused Serialized files (Serialized files now loaded: 0)
System memory in use before: 137.6 MB.
System memory in use after: 137.8 MB.

Unloading 12 unused Assets to reduce memory usage. Loaded Objects now: 3721.
Total: 3.035000 ms (FindLiveObjects: 0.345700 ms CreateObjectMapping: 0.249900 ms MarkObjects: 2.400400 ms  DeleteObjects: 0.038400 ms)

========================================================================
Received Prepare
Registering precompiled user dll's ...
Registered in 0.001669 seconds.
Begin MonoManager ReloadAssembly
Native extension for WindowsStandalone target not found
Native extension for WebGL target not found
Refreshing native plugins compatible for Editor in 0.69 ms, found 1 plugins.
Preloading 0 native plugins for Editor in 0.00 ms.
Invoked RoslynAnalysisRunner static constructor.
RoslynAnalysisRunner will not be running.
RoslynAnalysisRunner has terminated.
Mono: successfully reloaded assembly
- Completed reload, in  1.173 seconds
Platform modules already initialized, skipping
Shader 'Universal Render Pipeline/Particles/Lit': fallback shader 'Universal Render Pipeline/Particles/SimpleLit' not found
Refreshing native plugins compatible for Editor in 0.64 ms, found 1 plugins.
Preloading 0 native plugins for Editor in 0.00 ms.
Unloading 3019 Unused Serialized files (Serialized files now loaded: 0)
System memory in use before: 137.6 MB.
System memory in use after: 137.9 MB.

Unloading 9 unused Assets to reduce memory usage. Loaded Objects now: 3726.
Total: 3.111500 ms (FindLiveObjects: 0.438600 ms CreateObjectMapping: 0.270600 ms MarkObjects: 2.373000 ms  DeleteObjects: 0.028400 ms)

========================================================================
Received Import Request.
  Time since last request: 229.304469 seconds.
  path: Assets/Scripts/Healthbar.cs
  artifactKey: Guid(9b8d0b324c0577a4fac445d9e3b480a1) Importer(815301076,1909f56bfc062723c751e8b465ee728b)
Start importing Assets/Scripts/Healthbar.cs using Guid(9b8d0b324c0577a4fac445d9e3b480a1) Importer(815301076,1909f56bfc062723c751e8b465ee728b)  -> (artifact id: '7948c69e1fff491e1848f0f455f2459a') in 0.109806 seconds
  Import took 0.116481 seconds .

========================================================================
Received Prepare
Registering precompiled user dll's ...
Registered in 0.001675 seconds.
Begin MonoManager ReloadAssembly
Native extension for WindowsStandalone target not found
Native extension for WebGL target not found
Refreshing native plugins compatible for Editor in 0.73 ms, found 1 plugins.
Preloading 0 native plugins for Editor in 0.00 ms.
Invoked RoslynAnalysisRunner static constructor.
RoslynAnalysisRunner will not be running.
RoslynAnalysisRunner has terminated.
Mono: successfully reloaded assembly
- Completed reload, in  1.122 seconds
Platform modules already initialized, skipping
Shader 'Universal Render Pipeline/Particles/Lit': fallback shader 'Universal Render Pipeline/Particles/SimpleLit' not found
Refreshing native plugins compatible for Editor in 0.82 ms, found 1 plugins.
Preloading 0 native plugins for Editor in 0.00 ms.
Unloading 3019 Unused Serialized files (Serialized files now loaded: 0)
System memory in use before: 137.6 MB.
System memory in use after: 137.9 MB.

Unloading 9 unused Assets to reduce memory usage. Loaded Objects now: 3730.
Total: 18.767700 ms (FindLiveObjects: 0.464400 ms CreateObjectMapping: 4.749500 ms MarkObjects: 13.519600 ms  DeleteObjects: 0.031900 ms)

========================================================================
Received Prepare
Registering precompiled user dll's ...
Registered in 0.001677 seconds.
Begin MonoManager ReloadAssembly
Native extension for WindowsStandalone target not found
Native extension for WebGL target not found
Refreshing native plugins compatible for Editor in 0.73 ms, found 1 plugins.
Preloading 0 native plugins for Editor in 0.00 ms.
Invoked RoslynAnalysisRunner static constructor.
RoslynAnalysisRunner will not be running.
RoslynAnalysisRunner has terminated.
Mono: successfully reloaded assembly
- Completed reload, in  1.044 seconds
Platform modules already initialized, skipping
Shader 'Universal Render Pipeline/Particles/Lit': fallback shader 'Universal Render Pipeline/Particles/SimpleLit' not found
Refreshing native plugins compatible for Editor in 0.78 ms, found 1 plugins.
Preloading 0 native plugins for Editor in 0.00 ms.
Unloading 3019 Unused Serialized files (Serialized files now loaded: 0)
System memory in use before: 137.6 MB.
System memory in use after: 137.9 MB.

Unloading 9 unused Assets to reduce memory usage. Loaded Objects now: 3734.
Total: 3.131200 ms (FindLiveObjects: 0.384600 ms CreateObjectMapping: 0.276600 ms MarkObjects: 2.448200 ms  DeleteObjects: 0.021000 ms)

========================================================================
Received Import Request.
  Time since last request: 233.837653 seconds.
  path: Assets/Scripts/Healthbar.cs
  artifactKey: Guid(9b8d0b324c0577a4fac445d9e3b480a1) Importer(815301076,1909f56bfc062723c751e8b465ee728b)
Start importing Assets/Scripts/Healthbar.cs using Guid(9b8d0b324c0577a4fac445d9e3b480a1) Importer(815301076,1909f56bfc062723c751e8b465ee728b)  -> (artifact id: 'd20d3bb92f1c8a790b2bb34588095978') in 0.006711 seconds
  Import took 0.053377 seconds .

========================================================================
Received Import Request.
  Time since last request: 4.520426 seconds.
  path: Assets/Prefabs/EnemyTest.prefab
  artifactKey: Guid(b460a3d9319d19847a82050069735c78) Importer(815301076,1909f56bfc062723c751e8b465ee728b)
Start importing Assets/Prefabs/EnemyTest.prefab using Guid(b460a3d9319d19847a82050069735c78) Importer(815301076,1909f56bfc062723c751e8b465ee728b)  -> (artifact id: '059a8cc0a72477c0379a076b6e2bf3f8') in 0.183264 seconds
  Import took 0.212389 seconds .

========================================================================
Received Import Request.
  Time since last request: 0.007610 seconds.
  path: Assets/Prefabs/EnemyTest.prefab
  artifactKey: Guid(b460a3d9319d19847a82050069735c78) Importer(815301076,1909f56bfc062723c751e8b465ee728b)
Start importing Assets/Prefabs/EnemyTest.prefab using Guid(b460a3d9319d19847a82050069735c78) Importer(815301076,1909f56bfc062723c751e8b465ee728b)  -> (artifact id: '059a8cc0a72477c0379a076b6e2bf3f8') in 0.036263 seconds
  Import took 0.043932 seconds .

========================================================================
Received Prepare
Registering precompiled user dll's ...
Registered in 0.001639 seconds.
Begin MonoManager ReloadAssembly
Native extension for WindowsStandalone target not found
Native extension for WebGL target not found
Refreshing native plugins compatible for Editor in 0.68 ms, found 1 plugins.
Preloading 0 native plugins for Editor in 0.00 ms.
Invoked RoslynAnalysisRunner static constructor.
RoslynAnalysisRunner will not be running.
RoslynAnalysisRunner has terminated.
Mono: successfully reloaded assembly
- Completed reload, in  1.078 seconds
Platform modules already initialized, skipping
Shader 'Universal Render Pipeline/Particles/Lit': fallback shader 'Universal Render Pipeline/Particles/SimpleLit' not found
Refreshing native plugins compatible for Editor in 0.87 ms, found 1 plugins.
Preloading 0 native plugins for Editor in 0.00 ms.
Unloading 3019 Unused Serialized files (Serialized files now loaded: 0)
System memory in use before: 137.8 MB.
System memory in use after: 138.0 MB.

Unloading 11 unused Assets to reduce memory usage. Loaded Objects now: 3774.
Total: 3.510600 ms (FindLiveObjects: 0.439900 ms CreateObjectMapping: 0.305800 ms MarkObjects: 2.734000 ms  DeleteObjects: 0.029400 ms)

========================================================================
Received Import Request.
  Time since last request: 119.976573 seconds.
  path: Assets/Prefabs/EnemyTest.prefab
  artifactKey: Guid(b460a3d9319d19847a82050069735c78) Importer(815301076,1909f56bfc062723c751e8b465ee728b)
Start importing Assets/Prefabs/EnemyTest.prefab using Guid(b460a3d9319d19847a82050069735c78) Importer(815301076,1909f56bfc062723c751e8b465ee728b)  -> (artifact id: '0151cc019fd5b1258065cf8143ee0fde') in 0.202646 seconds
  Import took 0.211143 seconds .

========================================================================
Received Prepare
Registering precompiled user dll's ...
Registered in 0.001831 seconds.
Begin MonoManager ReloadAssembly
Native extension for WindowsStandalone target not found
Native extension for WebGL target not found
Refreshing native plugins compatible for Editor in 0.80 ms, found 1 plugins.
Preloading 0 native plugins for Editor in 0.00 ms.
Invoked RoslynAnalysisRunner static constructor.
RoslynAnalysisRunner will not be running.
RoslynAnalysisRunner has terminated.
Mono: successfully reloaded assembly
- Completed reload, in  1.063 seconds
Platform modules already initialized, skipping
Shader 'Universal Render Pipeline/Particles/Lit': fallback shader 'Universal Render Pipeline/Particles/SimpleLit' not found
Refreshing native plugins compatible for Editor in 0.64 ms, found 1 plugins.
Preloading 0 native plugins for Editor in 0.00 ms.
Unloading 3019 Unused Serialized files (Serialized files now loaded: 0)
System memory in use before: 137.9 MB.
System memory in use after: 138.1 MB.

Unloading 11 unused Assets to reduce memory usage. Loaded Objects now: 3814.
Total: 3.644600 ms (FindLiveObjects: 0.526600 ms CreateObjectMapping: 0.343100 ms MarkObjects: 2.744500 ms  DeleteObjects: 0.028800 ms)

========================================================================
Received Prepare
Registering precompiled user dll's ...
Registered in 0.001723 seconds.
Begin MonoManager ReloadAssembly
Native extension for WindowsStandalone target not found
Native extension for WebGL target not found
Refreshing native plugins compatible for Editor in 0.63 ms, found 1 plugins.
Preloading 0 native plugins for Editor in 0.00 ms.
Invoked RoslynAnalysisRunner static constructor.
RoslynAnalysisRunner will not be running.
RoslynAnalysisRunner has terminated.
Mono: successfully reloaded assembly
- Completed reload, in  1.014 seconds
Platform modules already initialized, skipping
Shader 'Universal Render Pipeline/Particles/Lit': fallback shader 'Universal Render Pipeline/Particles/SimpleLit' not found
Refreshing native plugins compatible for Editor in 0.70 ms, found 1 plugins.
Preloading 0 native plugins for Editor in 0.00 ms.
Unloading 3019 Unused Serialized files (Serialized files now loaded: 0)
System memory in use before: 137.9 MB.
System memory in use after: 138.1 MB.

Unloading 9 unused Assets to reduce memory usage. Loaded Objects now: 3818.
Total: 4.151300 ms (FindLiveObjects: 0.479700 ms CreateObjectMapping: 0.423800 ms MarkObjects: 3.222000 ms  DeleteObjects: 0.023900 ms)

========================================================================
Received Prepare
Registering precompiled user dll's ...
Registered in 0.001618 seconds.
Begin MonoManager ReloadAssembly
Native extension for WindowsStandalone target not found
Native extension for WebGL target not found
Refreshing native plugins compatible for Editor in 0.77 ms, found 1 plugins.
Preloading 0 native plugins for Editor in 0.00 ms.
Invoked RoslynAnalysisRunner static constructor.
RoslynAnalysisRunner will not be running.
RoslynAnalysisRunner has terminated.
Mono: successfully reloaded assembly
- Completed reload, in  1.023 seconds
Platform modules already initialized, skipping
Shader 'Universal Render Pipeline/Particles/Lit': fallback shader 'Universal Render Pipeline/Particles/SimpleLit' not found
Refreshing native plugins compatible for Editor in 0.69 ms, found 1 plugins.
Preloading 0 native plugins for Editor in 0.00 ms.
Unloading 3019 Unused Serialized files (Serialized files now loaded: 0)
System memory in use before: 137.9 MB.
System memory in use after: 138.1 MB.

Unloading 9 unused Assets to reduce memory usage. Loaded Objects now: 3822.
Total: 3.650200 ms (FindLiveObjects: 0.474800 ms CreateObjectMapping: 0.320900 ms MarkObjects: 2.832000 ms  DeleteObjects: 0.021100 ms)

========================================================================
Received Prepare
Registering precompiled user dll's ...
Registered in 0.001671 seconds.
Begin MonoManager ReloadAssembly
Native extension for WindowsStandalone target not found
Native extension for WebGL target not found
Refreshing native plugins compatible for Editor in 0.64 ms, found 1 plugins.
Preloading 0 native plugins for Editor in 0.00 ms.
Invoked RoslynAnalysisRunner static constructor.
RoslynAnalysisRunner will not be running.
RoslynAnalysisRunner has terminated.
Mono: successfully reloaded assembly
- Completed reload, in  1.083 seconds
Platform modules already initialized, skipping
Shader 'Universal Render Pipeline/Particles/Lit': fallback shader 'Universal Render Pipeline/Particles/SimpleLit' not found
Refreshing native plugins compatible for Editor in 0.67 ms, found 1 plugins.
Preloading 0 native plugins for Editor in 0.00 ms.
Unloading 3019 Unused Serialized files (Serialized files now loaded: 0)
System memory in use before: 137.9 MB.
System memory in use after: 138.1 MB.

Unloading 9 unused Assets to reduce memory usage. Loaded Objects now: 3826.
Total: 3.335200 ms (FindLiveObjects: 0.470600 ms CreateObjectMapping: 0.318400 ms MarkObjects: 2.526900 ms  DeleteObjects: 0.018700 ms)

========================================================================
Received Prepare
Registering precompiled user dll's ...
Registered in 0.001715 seconds.
Begin MonoManager ReloadAssembly
Native extension for WindowsStandalone target not found
Native extension for WebGL target not found
Refreshing native plugins compatible for Editor in 0.86 ms, found 1 plugins.
Preloading 0 native plugins for Editor in 0.00 ms.
Invoked RoslynAnalysisRunner static constructor.
RoslynAnalysisRunner will not be running.
RoslynAnalysisRunner has terminated.
Mono: successfully reloaded assembly
- Completed reload, in  1.039 seconds
Platform modules already initialized, skipping
Shader 'Universal Render Pipeline/Particles/Lit': fallback shader 'Universal Render Pipeline/Particles/SimpleLit' not found
Refreshing native plugins compatible for Editor in 0.66 ms, found 1 plugins.
Preloading 0 native plugins for Editor in 0.00 ms.
Unloading 3019 Unused Serialized files (Serialized files now loaded: 0)
System memory in use before: 137.9 MB.
System memory in use after: 138.1 MB.

Unloading 9 unused Assets to reduce memory usage. Loaded Objects now: 3830.
Total: 3.263300 ms (FindLiveObjects: 0.449300 ms CreateObjectMapping: 0.267700 ms MarkObjects: 2.527800 ms  DeleteObjects: 0.017600 ms)

========================================================================
Received Prepare
Registering precompiled user dll's ...
Registered in 0.001742 seconds.
Begin MonoManager ReloadAssembly
Native extension for WindowsStandalone target not found
Native extension for WebGL target not found
Refreshing native plugins compatible for Editor in 0.62 ms, found 1 plugins.
Preloading 0 native plugins for Editor in 0.00 ms.
Invoked RoslynAnalysisRunner static constructor.
RoslynAnalysisRunner will not be running.
RoslynAnalysisRunner has terminated.
Mono: successfully reloaded assembly
- Completed reload, in  1.057 seconds
Platform modules already initialized, skipping
Shader 'Universal Render Pipeline/Particles/Lit': fallback shader 'Universal Render Pipeline/Particles/SimpleLit' not found
Refreshing native plugins compatible for Editor in 0.64 ms, found 1 plugins.
Preloading 0 native plugins for Editor in 0.00 ms.
Unloading 3019 Unused Serialized files (Serialized files now loaded: 0)
System memory in use before: 137.9 MB.
System memory in use after: 138.1 MB.

Unloading 9 unused Assets to reduce memory usage. Loaded Objects now: 3834.
Total: 3.987700 ms (FindLiveObjects: 0.438300 ms CreateObjectMapping: 0.280100 ms MarkObjects: 3.246000 ms  DeleteObjects: 0.021800 ms)

========================================================================
Received Import Request.
  Time since last request: 879.903765 seconds.
  path: Assets/Scripts/Enemy/EnemyMeleeAttack.cs
  artifactKey: Guid(cb67c68442249fb40be1e64f4cec0d61) Importer(815301076,1909f56bfc062723c751e8b465ee728b)
Start importing Assets/Scripts/Enemy/EnemyMeleeAttack.cs using Guid(cb67c68442249fb40be1e64f4cec0d61) Importer(815301076,1909f56bfc062723c751e8b465ee728b)  -> (artifact id: 'b20c10791627a17fdcb156cf5772239a') in 0.027232 seconds
  Import took 0.034389 seconds .

========================================================================
Received Import Request.
  Time since last request: 0.019705 seconds.
  path: Assets/Scripts/Enemy/EnemyMeleeAttack.cs
  artifactKey: Guid(cb67c68442249fb40be1e64f4cec0d61) Importer(815301076,1909f56bfc062723c751e8b465ee728b)
Start importing Assets/Scripts/Enemy/EnemyMeleeAttack.cs using Guid(cb67c68442249fb40be1e64f4cec0d61) Importer(815301076,1909f56bfc062723c751e8b465ee728b)  -> (artifact id: 'b20c10791627a17fdcb156cf5772239a') in 0.007641 seconds
  Import took 0.036523 seconds .

========================================================================
Received Prepare
Registering precompiled user dll's ...
Registered in 0.001736 seconds.
Begin MonoManager ReloadAssembly
Native extension for WindowsStandalone target not found
Native extension for WebGL target not found
Refreshing native plugins compatible for Editor in 0.62 ms, found 1 plugins.
Preloading 0 native plugins for Editor in 0.00 ms.
Invoked RoslynAnalysisRunner static constructor.
RoslynAnalysisRunner will not be running.
RoslynAnalysisRunner has terminated.
Mono: successfully reloaded assembly
- Completed reload, in  1.060 seconds
Platform modules already initialized, skipping
Shader 'Universal Render Pipeline/Particles/Lit': fallback shader 'Universal Render Pipeline/Particles/SimpleLit' not found
Refreshing native plugins compatible for Editor in 0.63 ms, found 1 plugins.
Preloading 0 native plugins for Editor in 0.00 ms.
Unloading 3019 Unused Serialized files (Serialized files now loaded: 0)
System memory in use before: 137.9 MB.
System memory in use after: 138.1 MB.

Unloading 9 unused Assets to reduce memory usage. Loaded Objects now: 3838.
Total: 3.727900 ms (FindLiveObjects: 0.627100 ms CreateObjectMapping: 0.314600 ms MarkObjects: 2.758800 ms  DeleteObjects: 0.026300 ms)

========================================================================
Received Import Request.
  Time since last request: 118.271423 seconds.
  path: Assets/Scripts/Enemy/EnemyMeleeAttack.cs
  artifactKey: Guid(cb67c68442249fb40be1e64f4cec0d61) Importer(815301076,1909f56bfc062723c751e8b465ee728b)
Start importing Assets/Scripts/Enemy/EnemyMeleeAttack.cs using Guid(cb67c68442249fb40be1e64f4cec0d61) Importer(815301076,1909f56bfc062723c751e8b465ee728b)  -> (artifact id: '4fb245311b77365a44f6e67afd03ab90') in 0.007711 seconds
  Import took 0.021784 seconds .

========================================================================
Received Import Request.
  Time since last request: 0.023253 seconds.
  path: Assets/Scripts/Enemy/EnemyMeleeAttack.cs
  artifactKey: Guid(cb67c68442249fb40be1e64f4cec0d61) Importer(815301076,1909f56bfc062723c751e8b465ee728b)
Start importing Assets/Scripts/Enemy/EnemyMeleeAttack.cs using Guid(cb67c68442249fb40be1e64f4cec0d61) Importer(815301076,1909f56bfc062723c751e8b465ee728b)  -> (artifact id: '4fb245311b77365a44f6e67afd03ab90') in 0.003263 seconds
  Import took 0.009899 seconds .

========================================================================
Received Prepare
Registering precompiled user dll's ...
Registered in 0.001727 seconds.
Begin MonoManager ReloadAssembly
Native extension for WindowsStandalone target not found
Native extension for WebGL target not found
Refreshing native plugins compatible for Editor in 0.70 ms, found 1 plugins.
Preloading 0 native plugins for Editor in 0.00 ms.
Invoked RoslynAnalysisRunner static constructor.
RoslynAnalysisRunner will not be running.
RoslynAnalysisRunner has terminated.
Mono: successfully reloaded assembly
- Completed reload, in  1.074 seconds
Platform modules already initialized, skipping
Shader 'Universal Render Pipeline/Particles/Lit': fallback shader 'Universal Render Pipeline/Particles/SimpleLit' not found
Refreshing native plugins compatible for Editor in 0.66 ms, found 1 plugins.
Preloading 0 native plugins for Editor in 0.00 ms.
Unloading 3019 Unused Serialized files (Serialized files now loaded: 0)
System memory in use before: 137.9 MB.
System memory in use after: 138.1 MB.

Unloading 9 unused Assets to reduce memory usage. Loaded Objects now: 3842.
Total: 3.072800 ms (FindLiveObjects: 0.361300 ms CreateObjectMapping: 0.258300 ms MarkObjects: 2.436100 ms  DeleteObjects: 0.016400 ms)

========================================================================
Received Prepare
Registering precompiled user dll's ...
Registered in 0.001756 seconds.
Begin MonoManager ReloadAssembly
Native extension for WindowsStandalone target not found
Native extension for WebGL target not found
Refreshing native plugins compatible for Editor in 0.62 ms, found 1 plugins.
Preloading 0 native plugins for Editor in 0.00 ms.
Invoked RoslynAnalysisRunner static constructor.
RoslynAnalysisRunner will not be running.
RoslynAnalysisRunner has terminated.
Mono: successfully reloaded assembly
- Completed reload, in  1.038 seconds
Platform modules already initialized, skipping
Shader 'Universal Render Pipeline/Particles/Lit': fallback shader 'Universal Render Pipeline/Particles/SimpleLit' not found
Refreshing native plugins compatible for Editor in 0.63 ms, found 1 plugins.
Preloading 0 native plugins for Editor in 0.00 ms.
Unloading 3019 Unused Serialized files (Serialized files now loaded: 0)
System memory in use before: 137.9 MB.
System memory in use after: 138.2 MB.

Unloading 9 unused Assets to reduce memory usage. Loaded Objects now: 3846.
Total: 3.680600 ms (FindLiveObjects: 0.476800 ms CreateObjectMapping: 0.397500 ms MarkObjects: 2.763700 ms  DeleteObjects: 0.041200 ms)

AssetImportWorkerClient::OnTransportError - code=2 error=End of file
