Using pre-set license
Built from '2020.3/staging' branch; Version is '2020.3.0f1 (c7b5465681fb) revision 13088070'; Using compiler version '192528614'; Build Type 'Release'
OS: 'Windows 10 Home; OS build 19042.1165; Version 2009; 64bit' Language: 'sv' Physical Memory: 8132 MB
BatchMode: 1, IsHumanControllingUs: 0, StartBugReporterOnCrash: 0, Is64bit: 1, IsPro: 0

 COMMAND LINE ARGUMENTS:
D:\Unity\Unity Engine\2020.3.0f1\Editor\Unity.exe
-adb2
-batchMode
-noUpm
-name
AssetImportWorker3
-projectPath
D:/GitHub/INCANTATION_GAME/INCANTATION
-logFile
Logs/AssetImportWorker3.log
-srvPort
51740
Successfully changed project path to: D:/GitHub/INCANTATION_GAME/INCANTATION
D:/GitHub/INCANTATION_GAME/INCANTATION
Using Asset Import Pipeline V2.
Refreshing native plugins compatible for Editor in 50.32 ms, found 1 plugins.
Preloading 0 native plugins for Editor in 0.00 ms.
Initialize engine version: 2020.3.0f1 (c7b5465681fb)
[Subsystems] Discovering subsystems at path D:/Unity/Unity Engine/2020.3.0f1/Editor/Data/Resources/UnitySubsystems
[Subsystems] Discovering subsystems at path D:/GitHub/INCANTATION_GAME/INCANTATION/Assets
GfxDevice: creating device client; threaded=0
Direct3D:
    Version:  Direct3D 11.0 [level 11.1]
    Renderer: NVIDIA GeForce GTX 970 (ID=0x13c2)
    Vendor:   
    VRAM:     4043 MB
    Driver:   27.21.14.6611
Initialize mono
Mono path[0] = 'D:/Unity/Unity Engine/2020.3.0f1/Editor/Data/Managed'
Mono path[1] = 'D:/Unity/Unity Engine/2020.3.0f1/Editor/Data/MonoBleedingEdge/lib/mono/unityjit'
Mono config path = 'D:/Unity/Unity Engine/2020.3.0f1/Editor/Data/MonoBleedingEdge/etc'
Using monoOptions --debugger-agent=transport=dt_socket,embedding=1,server=y,suspend=n,address=127.0.0.1:56140
Begin MonoManager ReloadAssembly
Registering precompiled unity dll's ...
Register platform support module: D:/Unity/Unity Engine/2020.3.0f1/Editor/Data/PlaybackEngines/WebGLSupport/UnityEditor.WebGL.Extensions.dll
Register platform support module: D:/Unity/Unity Engine/2020.3.0f1/Editor/Data/PlaybackEngines/WindowsStandaloneSupport/UnityEditor.WindowsStandalone.Extensions.dll
Registered in 0.040107 seconds.
Native extension for WindowsStandalone target not found
Native extension for WebGL target not found
Refreshing native plugins compatible for Editor in 37.30 ms, found 1 plugins.
Preloading 0 native plugins for Editor in 0.00 ms.
Invoked RoslynAnalysisRunner static constructor.
RoslynAnalysisRunner will not be running.
RoslynAnalysisRunner has terminated.
Mono: successfully reloaded assembly
- Completed reload, in 14.556 seconds
Platform modules already initialized, skipping
Registering precompiled user dll's ...
Registered in 0.006404 seconds.
Begin MonoManager ReloadAssembly
Native extension for WindowsStandalone target not found
Native extension for WebGL target not found
Refreshing native plugins compatible for Editor in 34.25 ms, found 1 plugins.
Preloading 0 native plugins for Editor in 0.00 ms.
Invoked RoslynAnalysisRunner static constructor.
RoslynAnalysisRunner will not be running.
RoslynAnalysisRunner has terminated.
Mono: successfully reloaded assembly
- Completed reload, in  1.422 seconds
Platform modules already initialized, skipping
========================================================================
Worker process is ready to serve import requests
Launched and connected shader compiler UnityShaderCompiler.exe after 0.14 seconds
Refreshing native plugins compatible for Editor in 0.52 ms, found 1 plugins.
Preloading 0 native plugins for Editor in 0.00 ms.
Unloading 1837 Unused Serialized files (Serialized files now loaded: 0)
System memory in use before: 85.5 MB.
System memory in use after: 85.5 MB.

Unloading 24 unused Assets to reduce memory usage. Loaded Objects now: 2281.
Total: 2.693700 ms (FindLiveObjects: 0.291200 ms CreateObjectMapping: 0.205300 ms MarkObjects: 2.036000 ms  DeleteObjects: 0.160200 ms)

========================================================================
Received Import Request.
  path: Assets/Animation/WeaponCharge.anim
  artifactKey: Guid(65b12a8f4be38cd42a4766c0f89c12e6) Importer(815301076,1909f56bfc062723c751e8b465ee728b)
Start importing Assets/Animation/WeaponCharge.anim using Guid(65b12a8f4be38cd42a4766c0f89c12e6) Importer(815301076,1909f56bfc062723c751e8b465ee728b)  -> (artifact id: 'b4abadb9569577fee621c6ad67742b49') in 0.074493 seconds
  Import took 0.078178 seconds .

========================================================================
Received Prepare
Registering precompiled user dll's ...
Registered in 0.000919 seconds.
Begin MonoManager ReloadAssembly
Native extension for WindowsStandalone target not found
Native extension for WebGL target not found
Refreshing native plugins compatible for Editor in 0.44 ms, found 1 plugins.
Preloading 0 native plugins for Editor in 0.00 ms.
Invoked RoslynAnalysisRunner static constructor.
RoslynAnalysisRunner will not be running.
RoslynAnalysisRunner has terminated.
Mono: successfully reloaded assembly
- Completed reload, in  0.859 seconds
Platform modules already initialized, skipping
Refreshing native plugins compatible for Editor in 0.42 ms, found 1 plugins.
Preloading 0 native plugins for Editor in 0.00 ms.
Unloading 1832 Unused Serialized files (Serialized files now loaded: 0)
System memory in use before: 85.5 MB.
System memory in use after: 85.5 MB.

Unloading 12 unused Assets to reduce memory usage. Loaded Objects now: 2285.
Total: 2.005000 ms (FindLiveObjects: 0.197200 ms CreateObjectMapping: 0.069200 ms MarkObjects: 1.595100 ms  DeleteObjects: 0.142600 ms)

========================================================================
Received Prepare
Registering precompiled user dll's ...
Registered in 0.001032 seconds.
Begin MonoManager ReloadAssembly
Native extension for WindowsStandalone target not found
Native extension for WebGL target not found
Refreshing native plugins compatible for Editor in 0.48 ms, found 1 plugins.
Preloading 0 native plugins for Editor in 0.00 ms.
Invoked RoslynAnalysisRunner static constructor.
RoslynAnalysisRunner will not be running.
RoslynAnalysisRunner has terminated.
Mono: successfully reloaded assembly
- Completed reload, in  1.013 seconds
Platform modules already initialized, skipping
Refreshing native plugins compatible for Editor in 0.43 ms, found 1 plugins.
Preloading 0 native plugins for Editor in 0.00 ms.
Unloading 1832 Unused Serialized files (Serialized files now loaded: 0)
System memory in use before: 85.5 MB.
System memory in use after: 85.5 MB.

Unloading 12 unused Assets to reduce memory usage. Loaded Objects now: 2289.
Total: 2.581000 ms (FindLiveObjects: 0.266500 ms CreateObjectMapping: 0.151500 ms MarkObjects: 2.034800 ms  DeleteObjects: 0.126400 ms)

========================================================================
Received Prepare
Registering precompiled user dll's ...
Registered in 0.017697 seconds.
Begin MonoManager ReloadAssembly
Native extension for WindowsStandalone target not found
Native extension for WebGL target not found
Refreshing native plugins compatible for Editor in 0.38 ms, found 1 plugins.
Preloading 0 native plugins for Editor in 0.00 ms.
Invoked RoslynAnalysisRunner static constructor.
RoslynAnalysisRunner will not be running.
RoslynAnalysisRunner has terminated.
Mono: successfully reloaded assembly
- Completed reload, in  0.830 seconds
Platform modules already initialized, skipping
Refreshing native plugins compatible for Editor in 0.46 ms, found 1 plugins.
Preloading 0 native plugins for Editor in 0.00 ms.
Unloading 1832 Unused Serialized files (Serialized files now loaded: 0)
System memory in use before: 85.5 MB.
System memory in use after: 85.5 MB.

Unloading 12 unused Assets to reduce memory usage. Loaded Objects now: 2293.
Total: 2.621300 ms (FindLiveObjects: 0.238000 ms CreateObjectMapping: 0.127400 ms MarkObjects: 2.105500 ms  DeleteObjects: 0.149500 ms)

========================================================================
Received Prepare
Registering precompiled user dll's ...
Registered in 0.000852 seconds.
Begin MonoManager ReloadAssembly
Native extension for WindowsStandalone target not found
Native extension for WebGL target not found
Refreshing native plugins compatible for Editor in 0.39 ms, found 1 plugins.
Preloading 0 native plugins for Editor in 0.00 ms.
Invoked RoslynAnalysisRunner static constructor.
RoslynAnalysisRunner will not be running.
RoslynAnalysisRunner has terminated.
Mono: successfully reloaded assembly
- Completed reload, in  0.816 seconds
Platform modules already initialized, skipping
Refreshing native plugins compatible for Editor in 0.44 ms, found 1 plugins.
Preloading 0 native plugins for Editor in 0.00 ms.
Unloading 1832 Unused Serialized files (Serialized files now loaded: 0)
System memory in use before: 85.6 MB.
System memory in use after: 85.5 MB.

Unloading 12 unused Assets to reduce memory usage. Loaded Objects now: 2297.
Total: 2.595300 ms (FindLiveObjects: 0.237100 ms CreateObjectMapping: 0.144700 ms MarkObjects: 2.059900 ms  DeleteObjects: 0.152300 ms)

========================================================================
Received Import Request.
  Time since last request: 870.398042 seconds.
  path: Assets/Animation/Overrides/Weapon Overrides/BasicStaffOverride.overrideController
  artifactKey: Guid(8ce8b16a5bd86c842b995db50081f7a7) Importer(815301076,1909f56bfc062723c751e8b465ee728b)
Start importing Assets/Animation/Overrides/Weapon Overrides/BasicStaffOverride.overrideController using Guid(8ce8b16a5bd86c842b995db50081f7a7) Importer(815301076,1909f56bfc062723c751e8b465ee728b)  -> (artifact id: '214c8ac52844313679d356c449e4d4fc') in 0.019327 seconds
  Import took 0.022990 seconds .

========================================================================
Received Prepare
Registering precompiled user dll's ...
Registered in 0.001123 seconds.
Begin MonoManager ReloadAssembly
Native extension for WindowsStandalone target not found
Native extension for WebGL target not found
Refreshing native plugins compatible for Editor in 0.52 ms, found 1 plugins.
Preloading 0 native plugins for Editor in 0.00 ms.
Invoked RoslynAnalysisRunner static constructor.
RoslynAnalysisRunner will not be running.
RoslynAnalysisRunner has terminated.
Mono: successfully reloaded assembly
- Completed reload, in  0.884 seconds
Platform modules already initialized, skipping
Refreshing native plugins compatible for Editor in 0.39 ms, found 1 plugins.
Preloading 0 native plugins for Editor in 0.00 ms.
Unloading 1832 Unused Serialized files (Serialized files now loaded: 0)
System memory in use before: 85.6 MB.
System memory in use after: 85.6 MB.

Unloading 12 unused Assets to reduce memory usage. Loaded Objects now: 2301.
Total: 2.162900 ms (FindLiveObjects: 0.191500 ms CreateObjectMapping: 0.066600 ms MarkObjects: 1.771500 ms  DeleteObjects: 0.132600 ms)

========================================================================
Received Import Request.
  Time since last request: 491.043759 seconds.
  path: Assets/Items/BasicStaff.asset
  artifactKey: Guid(79fd56ea4b846044fa4240d507bec516) Importer(815301076,1909f56bfc062723c751e8b465ee728b)
Start importing Assets/Items/BasicStaff.asset using Guid(79fd56ea4b846044fa4240d507bec516) Importer(815301076,1909f56bfc062723c751e8b465ee728b)  -> (artifact id: '6b182dec0053c52231befad4cc209364') in 0.023420 seconds
  Import took 0.027139 seconds .

========================================================================
Received Import Request.
  Time since last request: 14.131158 seconds.
  path: Assets/Sprites/Test Sprites/Own/basic-staff.png
  artifactKey: Guid(f059c378f7a49a1428c37ff70cd7790d) Importer(815301076,1909f56bfc062723c751e8b465ee728b)
Start importing Assets/Sprites/Test Sprites/Own/basic-staff.png using Guid(f059c378f7a49a1428c37ff70cd7790d) Importer(815301076,1909f56bfc062723c751e8b465ee728b)  -> (artifact id: '275cb6858ddcc025bc2b691d135c1805') in 0.266710 seconds
  Import took 0.270743 seconds .

========================================================================
Received Import Request.
  Time since last request: 0.000244 seconds.
  path: Assets/Sprites/Test Sprites/Own/basic-staff-attack-2.png
  artifactKey: Guid(39b6cafd079335441bfbe11f8fe26552) Importer(815301076,1909f56bfc062723c751e8b465ee728b)
Start importing Assets/Sprites/Test Sprites/Own/basic-staff-attack-2.png using Guid(39b6cafd079335441bfbe11f8fe26552) Importer(815301076,1909f56bfc062723c751e8b465ee728b)  -> (artifact id: 'e20f7963e4e2cae0d15843bd9f5e96ac') in 0.023335 seconds
  Import took 0.027464 seconds .

========================================================================
Received Import Request.
  Time since last request: 0.000166 seconds.
  path: Assets/Sprites/Test Sprites/Own/basic-staff.png
  artifactKey: Guid(f059c378f7a49a1428c37ff70cd7790d) Importer(815301076,1909f56bfc062723c751e8b465ee728b)
Start importing Assets/Sprites/Test Sprites/Own/basic-staff.png using Guid(f059c378f7a49a1428c37ff70cd7790d) Importer(815301076,1909f56bfc062723c751e8b465ee728b)  -> (artifact id: '275cb6858ddcc025bc2b691d135c1805') in 0.012802 seconds
  Import took 0.016815 seconds .

========================================================================
Received Import Request.
  Time since last request: 0.000122 seconds.
  path: Assets/Sprites/Test Sprites/Own/basic-staff-attack-3.png
  artifactKey: Guid(52d10a453a2056f478bea56089166f04) Importer(815301076,1909f56bfc062723c751e8b465ee728b)
Start importing Assets/Sprites/Test Sprites/Own/basic-staff-attack-3.png using Guid(52d10a453a2056f478bea56089166f04) Importer(815301076,1909f56bfc062723c751e8b465ee728b)  -> (artifact id: 'e4147d4461b7920f36a30c94378a70de') in 0.023463 seconds
  Import took 0.029602 seconds .

========================================================================
Received Import Request.
  Time since last request: 0.000188 seconds.
  path: Assets/Sprites/Test Sprites/Own/basic-staff-attack-1.png
  artifactKey: Guid(74e274ad09ca511418e898551791ed17) Importer(815301076,1909f56bfc062723c751e8b465ee728b)
Start importing Assets/Sprites/Test Sprites/Own/basic-staff-attack-1.png using Guid(74e274ad09ca511418e898551791ed17) Importer(815301076,1909f56bfc062723c751e8b465ee728b)  -> (artifact id: 'd874dc49bb8b4e023b02b90feafb5614') in 0.020191 seconds
  Import took 0.023846 seconds .

========================================================================
Received Import Request.
  Time since last request: 19.347760 seconds.
  path: Assets/Sprites/Test Sprites/Own/basic-staff-attack-1.png
  artifactKey: Guid(74e274ad09ca511418e898551791ed17) Importer(815301076,1909f56bfc062723c751e8b465ee728b)
Start importing Assets/Sprites/Test Sprites/Own/basic-staff-attack-1.png using Guid(74e274ad09ca511418e898551791ed17) Importer(815301076,1909f56bfc062723c751e8b465ee728b)  -> (artifact id: '37659a4ffc2f73a378183a2fc74c15f1') in 0.012715 seconds
  Import took 0.016151 seconds .

========================================================================
Received Import Request.
  Time since last request: 102.591426 seconds.
  path: Assets/Sprites/Test Sprites/Own/basic-staff-attack-2.png
  artifactKey: Guid(39b6cafd079335441bfbe11f8fe26552) Importer(815301076,1909f56bfc062723c751e8b465ee728b)
Start importing Assets/Sprites/Test Sprites/Own/basic-staff-attack-2.png using Guid(39b6cafd079335441bfbe11f8fe26552) Importer(815301076,1909f56bfc062723c751e8b465ee728b)  -> (artifact id: '87cc56ae0583199ddc0e31d97d8171ba') in 0.037231 seconds
  Import took 0.050855 seconds .

========================================================================
Received Import Request.
  Time since last request: 0.000183 seconds.
  path: Assets/Sprites/Test Sprites/Own/basic-staff-attack-3.png
  artifactKey: Guid(52d10a453a2056f478bea56089166f04) Importer(815301076,1909f56bfc062723c751e8b465ee728b)
Start importing Assets/Sprites/Test Sprites/Own/basic-staff-attack-3.png using Guid(52d10a453a2056f478bea56089166f04) Importer(815301076,1909f56bfc062723c751e8b465ee728b)  -> (artifact id: '2497e1d27e335b083bd968bda4b91df1') in 0.038610 seconds
  Import took 0.045434 seconds .

========================================================================
Received Import Request.
  Time since last request: 0.000209 seconds.
  path: Assets/Sprites/Test Sprites/Own/basic-staff-attack-2.png
  artifactKey: Guid(39b6cafd079335441bfbe11f8fe26552) Importer(815301076,1909f56bfc062723c751e8b465ee728b)
Start importing Assets/Sprites/Test Sprites/Own/basic-staff-attack-2.png using Guid(39b6cafd079335441bfbe11f8fe26552) Importer(815301076,1909f56bfc062723c751e8b465ee728b)  -> (artifact id: '87cc56ae0583199ddc0e31d97d8171ba') in 0.015948 seconds
  Import took 0.020946 seconds .

========================================================================
Received Import Request.
  Time since last request: 0.000205 seconds.
  path: Assets/Sprites/Test Sprites/Own/basic-staff-attack-3.png
  artifactKey: Guid(52d10a453a2056f478bea56089166f04) Importer(815301076,1909f56bfc062723c751e8b465ee728b)
Start importing Assets/Sprites/Test Sprites/Own/basic-staff-attack-3.png using Guid(52d10a453a2056f478bea56089166f04) Importer(815301076,1909f56bfc062723c751e8b465ee728b)  -> (artifact id: '2497e1d27e335b083bd968bda4b91df1') in 0.013299 seconds
  Import took 0.016924 seconds .

========================================================================
Received Import Request.
  Time since last request: 247.872433 seconds.
  path: Assets/Animation/Animations/Weapon Animations/BasicStaffIdle.anim
  artifactKey: Guid(8ac275c524966154a86179307ffa9b40) Importer(815301076,1909f56bfc062723c751e8b465ee728b)
Start importing Assets/Animation/Animations/Weapon Animations/BasicStaffIdle.anim using Guid(8ac275c524966154a86179307ffa9b40) Importer(815301076,1909f56bfc062723c751e8b465ee728b)  -> (artifact id: '21c9f9ea493fa921df64d596f378d099') in 0.009912 seconds
  Import took 0.013847 seconds .

========================================================================
Received Import Request.
  Time since last request: 0.217740 seconds.
  path: Assets/Animation/Animations/Weapon Animations/BasicStaffIdle.anim
  artifactKey: Guid(8ac275c524966154a86179307ffa9b40) Importer(815301076,1909f56bfc062723c751e8b465ee728b)
Start importing Assets/Animation/Animations/Weapon Animations/BasicStaffIdle.anim using Guid(8ac275c524966154a86179307ffa9b40) Importer(815301076,1909f56bfc062723c751e8b465ee728b)  -> (artifact id: '21c9f9ea493fa921df64d596f378d099') in 0.006645 seconds
  Import took 0.010269 seconds .

========================================================================
Received Import Request.
  Time since last request: 1.940888 seconds.
  path: Assets/Sprites/Test Sprites/Own/basic-staff.png
  artifactKey: Guid(f059c378f7a49a1428c37ff70cd7790d) Importer(815301076,1909f56bfc062723c751e8b465ee728b)
Start importing Assets/Sprites/Test Sprites/Own/basic-staff.png using Guid(f059c378f7a49a1428c37ff70cd7790d) Importer(815301076,1909f56bfc062723c751e8b465ee728b)  -> (artifact id: '32fc3255213357a615a7dbc55299ea9a') in 0.013965 seconds
  Import took 0.019394 seconds .

========================================================================
Received Import Request.
  Time since last request: 0.000749 seconds.
  path: Assets/Sprites/Test Sprites/Own/basic-staff.png
  artifactKey: Guid(f059c378f7a49a1428c37ff70cd7790d) Importer(815301076,1909f56bfc062723c751e8b465ee728b)
Start importing Assets/Sprites/Test Sprites/Own/basic-staff.png using Guid(f059c378f7a49a1428c37ff70cd7790d) Importer(815301076,1909f56bfc062723c751e8b465ee728b)  -> (artifact id: '32fc3255213357a615a7dbc55299ea9a') in 0.010769 seconds
  Import took 0.014902 seconds .

========================================================================
Received Prepare
Registering precompiled user dll's ...
Registered in 0.000817 seconds.
Begin MonoManager ReloadAssembly
Native extension for WindowsStandalone target not found
Native extension for WebGL target not found
Refreshing native plugins compatible for Editor in 0.45 ms, found 1 plugins.
Preloading 0 native plugins for Editor in 0.00 ms.
Invoked RoslynAnalysisRunner static constructor.
RoslynAnalysisRunner will not be running.
RoslynAnalysisRunner has terminated.
Mono: successfully reloaded assembly
- Completed reload, in  0.842 seconds
Platform modules already initialized, skipping
Refreshing native plugins compatible for Editor in 0.41 ms, found 1 plugins.
Preloading 0 native plugins for Editor in 0.00 ms.
Unloading 1832 Unused Serialized files (Serialized files now loaded: 0)
System memory in use before: 88.7 MB.
System memory in use after: 88.7 MB.

Unloading 12 unused Assets to reduce memory usage. Loaded Objects now: 2311.
Total: 2.531100 ms (FindLiveObjects: 0.299800 ms CreateObjectMapping: 0.151000 ms MarkObjects: 1.962900 ms  DeleteObjects: 0.115700 ms)

========================================================================
Received Prepare
Registering precompiled user dll's ...
Registered in 0.002081 seconds.
Begin MonoManager ReloadAssembly
Native extension for WindowsStandalone target not found
Native extension for WebGL target not found
Refreshing native plugins compatible for Editor in 0.44 ms, found 1 plugins.
Preloading 0 native plugins for Editor in 0.00 ms.
Invoked RoslynAnalysisRunner static constructor.
RoslynAnalysisRunner will not be running.
RoslynAnalysisRunner has terminated.
Mono: successfully reloaded assembly
- Completed reload, in  0.870 seconds
Platform modules already initialized, skipping
Refreshing native plugins compatible for Editor in 0.46 ms, found 1 plugins.
Preloading 0 native plugins for Editor in 0.00 ms.
Unloading 1832 Unused Serialized files (Serialized files now loaded: 0)
System memory in use before: 88.7 MB.
System memory in use after: 88.7 MB.

Unloading 12 unused Assets to reduce memory usage. Loaded Objects now: 2315.
Total: 2.753900 ms (FindLiveObjects: 0.481800 ms CreateObjectMapping: 0.188500 ms MarkObjects: 1.962900 ms  DeleteObjects: 0.119600 ms)

========================================================================
Received Prepare
Registering precompiled user dll's ...
Registered in 0.000982 seconds.
Begin MonoManager ReloadAssembly
Native extension for WindowsStandalone target not found
Native extension for WebGL target not found
Refreshing native plugins compatible for Editor in 0.41 ms, found 1 plugins.
Preloading 0 native plugins for Editor in 0.00 ms.
Invoked RoslynAnalysisRunner static constructor.
RoslynAnalysisRunner will not be running.
RoslynAnalysisRunner has terminated.
Mono: successfully reloaded assembly
- Completed reload, in  0.858 seconds
Platform modules already initialized, skipping
Refreshing native plugins compatible for Editor in 0.42 ms, found 1 plugins.
Preloading 0 native plugins for Editor in 0.00 ms.
Unloading 1832 Unused Serialized files (Serialized files now loaded: 0)
System memory in use before: 88.7 MB.
System memory in use after: 88.7 MB.

Unloading 12 unused Assets to reduce memory usage. Loaded Objects now: 2319.
Total: 2.650800 ms (FindLiveObjects: 0.256600 ms CreateObjectMapping: 0.147700 ms MarkObjects: 2.094900 ms  DeleteObjects: 0.150500 ms)

========================================================================
Received Prepare
Registering precompiled user dll's ...
Registered in 0.000914 seconds.
Begin MonoManager ReloadAssembly
Native extension for WindowsStandalone target not found
Native extension for WebGL target not found
Refreshing native plugins compatible for Editor in 0.40 ms, found 1 plugins.
Preloading 0 native plugins for Editor in 0.00 ms.
Invoked RoslynAnalysisRunner static constructor.
RoslynAnalysisRunner will not be running.
RoslynAnalysisRunner has terminated.
Mono: successfully reloaded assembly
- Completed reload, in  0.878 seconds
Platform modules already initialized, skipping
Refreshing native plugins compatible for Editor in 0.44 ms, found 1 plugins.
Preloading 0 native plugins for Editor in 0.00 ms.
Unloading 1832 Unused Serialized files (Serialized files now loaded: 0)
System memory in use before: 88.7 MB.
System memory in use after: 88.7 MB.

Unloading 12 unused Assets to reduce memory usage. Loaded Objects now: 2323.
Total: 2.228500 ms (FindLiveObjects: 0.289800 ms CreateObjectMapping: 0.136800 ms MarkObjects: 1.670000 ms  DeleteObjects: 0.130300 ms)

========================================================================
Received Prepare
Registering precompiled user dll's ...
Registered in 0.000817 seconds.
Begin MonoManager ReloadAssembly
Native extension for WindowsStandalone target not found
Native extension for WebGL target not found
Refreshing native plugins compatible for Editor in 0.61 ms, found 1 plugins.
Preloading 0 native plugins for Editor in 0.00 ms.
Invoked RoslynAnalysisRunner static constructor.
RoslynAnalysisRunner will not be running.
RoslynAnalysisRunner has terminated.
Mono: successfully reloaded assembly
- Completed reload, in  0.836 seconds
Platform modules already initialized, skipping
Refreshing native plugins compatible for Editor in 0.42 ms, found 1 plugins.
Preloading 0 native plugins for Editor in 0.00 ms.
Unloading 1832 Unused Serialized files (Serialized files now loaded: 0)
System memory in use before: 88.7 MB.
System memory in use after: 88.7 MB.

Unloading 12 unused Assets to reduce memory usage. Loaded Objects now: 2327.
Total: 2.164700 ms (FindLiveObjects: 0.187800 ms CreateObjectMapping: 0.068700 ms MarkObjects: 1.785100 ms  DeleteObjects: 0.122100 ms)

========================================================================
Received Import Request.
  Time since last request: 214.013462 seconds.
  path: Assets/Animation/Animations/Weapon Animations/BasicStaffCharge.anim
  artifactKey: Guid(2c176066943cc5442b4f97556331bf75) Importer(815301076,1909f56bfc062723c751e8b465ee728b)
Start importing Assets/Animation/Animations/Weapon Animations/BasicStaffCharge.anim using Guid(2c176066943cc5442b4f97556331bf75) Importer(815301076,1909f56bfc062723c751e8b465ee728b)  -> (artifact id: 'ae1b227245d0edc9a36afae8b7bf7fd4') in 0.022059 seconds
  Import took 0.028214 seconds .

========================================================================
Received Import Request.
  Time since last request: 0.008019 seconds.
  path: Assets/Animation/Animations/Weapon Animations/BasicStaffCharge.anim
  artifactKey: Guid(2c176066943cc5442b4f97556331bf75) Importer(815301076,1909f56bfc062723c751e8b465ee728b)
Start importing Assets/Animation/Animations/Weapon Animations/BasicStaffCharge.anim using Guid(2c176066943cc5442b4f97556331bf75) Importer(815301076,1909f56bfc062723c751e8b465ee728b)  -> (artifact id: 'ae1b227245d0edc9a36afae8b7bf7fd4') in 0.008254 seconds
  Import took 0.016824 seconds .

========================================================================
Received Import Request.
  Time since last request: 5.050277 seconds.
  path: Assets/Animation/Animations/Weapon Animations/BasicSwordAttack.anim
  artifactKey: Guid(72d20ca7ce27d4c47ade5a5bce1affad) Importer(815301076,1909f56bfc062723c751e8b465ee728b)
Start importing Assets/Animation/Animations/Weapon Animations/BasicSwordAttack.anim using Guid(72d20ca7ce27d4c47ade5a5bce1affad) Importer(815301076,1909f56bfc062723c751e8b465ee728b)  -> (artifact id: '4c8d11c7124aedef54da21e1f134254a') in 0.024663 seconds
  Import took 0.028052 seconds .

========================================================================
Received Import Request.
  Time since last request: 11.730067 seconds.
  path: Assets/Animation/WeaponAttack.anim
  artifactKey: Guid(e0feddab57044474daa6f2ceb3340dff) Importer(815301076,1909f56bfc062723c751e8b465ee728b)
Start importing Assets/Animation/WeaponAttack.anim using Guid(e0feddab57044474daa6f2ceb3340dff) Importer(815301076,1909f56bfc062723c751e8b465ee728b)  -> (artifact id: 'e6b5777c749a6ae3a97abc79ede28af8') in 0.036302 seconds
  Import took 0.040212 seconds .

========================================================================
Received Import Request.
  Time since last request: 0.572201 seconds.
  path: Assets/Animation/WeaponIdle.anim
  artifactKey: Guid(20eb0f96dd5caab419363089edaf91ac) Importer(815301076,1909f56bfc062723c751e8b465ee728b)
Start importing Assets/Animation/WeaponIdle.anim using Guid(20eb0f96dd5caab419363089edaf91ac) Importer(815301076,1909f56bfc062723c751e8b465ee728b)  -> (artifact id: '59421121be4058005fcdb973605d4f6e') in 0.069916 seconds
  Import took 0.073367 seconds .

========================================================================
Received Prepare
Registering precompiled user dll's ...
Registered in 0.000779 seconds.
Begin MonoManager ReloadAssembly
Native extension for WindowsStandalone target not found
Native extension for WebGL target not found
Refreshing native plugins compatible for Editor in 0.44 ms, found 1 plugins.
Preloading 0 native plugins for Editor in 0.00 ms.
Invoked RoslynAnalysisRunner static constructor.
RoslynAnalysisRunner will not be running.
RoslynAnalysisRunner has terminated.
Mono: successfully reloaded assembly
- Completed reload, in  0.843 seconds
Platform modules already initialized, skipping
Refreshing native plugins compatible for Editor in 0.42 ms, found 1 plugins.
Preloading 0 native plugins for Editor in 0.00 ms.
Unloading 1832 Unused Serialized files (Serialized files now loaded: 0)
System memory in use before: 88.7 MB.
System memory in use after: 88.7 MB.

Unloading 12 unused Assets to reduce memory usage. Loaded Objects now: 2331.
Total: 2.544500 ms (FindLiveObjects: 0.242000 ms CreateObjectMapping: 0.148600 ms MarkObjects: 2.014400 ms  DeleteObjects: 0.137900 ms)

========================================================================
Received Prepare
Registering precompiled user dll's ...
Registered in 0.000790 seconds.
Begin MonoManager ReloadAssembly
Native extension for WindowsStandalone target not found
Native extension for WebGL target not found
Refreshing native plugins compatible for Editor in 0.45 ms, found 1 plugins.
Preloading 0 native plugins for Editor in 0.00 ms.
Invoked RoslynAnalysisRunner static constructor.
RoslynAnalysisRunner will not be running.
RoslynAnalysisRunner has terminated.
Mono: successfully reloaded assembly
- Completed reload, in  0.877 seconds
Platform modules already initialized, skipping
Refreshing native plugins compatible for Editor in 0.41 ms, found 1 plugins.
Preloading 0 native plugins for Editor in 0.00 ms.
Unloading 1832 Unused Serialized files (Serialized files now loaded: 0)
System memory in use before: 88.7 MB.
System memory in use after: 88.7 MB.

Unloading 12 unused Assets to reduce memory usage. Loaded Objects now: 2335.
Total: 2.490800 ms (FindLiveObjects: 0.258300 ms CreateObjectMapping: 0.148300 ms MarkObjects: 1.963300 ms  DeleteObjects: 0.120100 ms)

========================================================================
Received Prepare
Registering precompiled user dll's ...
Registered in 0.000777 seconds.
Begin MonoManager ReloadAssembly
Native extension for WindowsStandalone target not found
Native extension for WebGL target not found
Refreshing native plugins compatible for Editor in 0.41 ms, found 1 plugins.
Preloading 0 native plugins for Editor in 0.00 ms.
Invoked RoslynAnalysisRunner static constructor.
RoslynAnalysisRunner will not be running.
RoslynAnalysisRunner has terminated.
Mono: successfully reloaded assembly
- Completed reload, in  0.834 seconds
Platform modules already initialized, skipping
Refreshing native plugins compatible for Editor in 0.43 ms, found 1 plugins.
Preloading 0 native plugins for Editor in 0.00 ms.
Unloading 1832 Unused Serialized files (Serialized files now loaded: 0)
System memory in use before: 88.7 MB.
System memory in use after: 88.7 MB.

Unloading 12 unused Assets to reduce memory usage. Loaded Objects now: 2339.
Total: 6.791200 ms (FindLiveObjects: 0.332800 ms CreateObjectMapping: 0.164200 ms MarkObjects: 6.159900 ms  DeleteObjects: 0.132000 ms)

========================================================================
Received Prepare
Registering precompiled user dll's ...
Registered in 0.000873 seconds.
Begin MonoManager ReloadAssembly
Native extension for WindowsStandalone target not found
Native extension for WebGL target not found
Refreshing native plugins compatible for Editor in 0.80 ms, found 1 plugins.
Preloading 0 native plugins for Editor in 0.00 ms.
Invoked RoslynAnalysisRunner static constructor.
RoslynAnalysisRunner will not be running.
RoslynAnalysisRunner has terminated.
Mono: successfully reloaded assembly
- Completed reload, in  0.909 seconds
Platform modules already initialized, skipping
Refreshing native plugins compatible for Editor in 0.47 ms, found 1 plugins.
Preloading 0 native plugins for Editor in 0.00 ms.
Unloading 1832 Unused Serialized files (Serialized files now loaded: 0)
System memory in use before: 88.7 MB.
System memory in use after: 88.7 MB.

Unloading 12 unused Assets to reduce memory usage. Loaded Objects now: 2343.
Total: 2.431400 ms (FindLiveObjects: 0.237400 ms CreateObjectMapping: 0.136400 ms MarkObjects: 1.908900 ms  DeleteObjects: 0.147500 ms)

========================================================================
Received Import Request.
  Time since last request: 441.910083 seconds.
  path: Assets/Items/BasicStaff.asset
  artifactKey: Guid(79fd56ea4b846044fa4240d507bec516) Importer(815301076,1909f56bfc062723c751e8b465ee728b)
Start importing Assets/Items/BasicStaff.asset using Guid(79fd56ea4b846044fa4240d507bec516) Importer(815301076,1909f56bfc062723c751e8b465ee728b)  -> (artifact id: '79f2cc234a2a39e09e64d66aea7b4df9') in 0.283443 seconds
  Import took 0.287229 seconds .

========================================================================
Received Import Request.
  Time since last request: 4.522364 seconds.
  path: Assets/Animation/Animations/Weapon Animations/BasicStaffCharge.anim
  artifactKey: Guid(2c176066943cc5442b4f97556331bf75) Importer(815301076,1909f56bfc062723c751e8b465ee728b)
Start importing Assets/Animation/Animations/Weapon Animations/BasicStaffCharge.anim using Guid(2c176066943cc5442b4f97556331bf75) Importer(815301076,1909f56bfc062723c751e8b465ee728b)  -> (artifact id: '9da27401c31427204e8e8a2e328ffa17') in 0.011888 seconds
  Import took 0.019820 seconds .

========================================================================
Received Import Request.
  Time since last request: 0.001890 seconds.
  path: Assets/Animation/Animations/Weapon Animations/BasicStaffCharge.anim
  artifactKey: Guid(2c176066943cc5442b4f97556331bf75) Importer(815301076,1909f56bfc062723c751e8b465ee728b)
Start importing Assets/Animation/Animations/Weapon Animations/BasicStaffCharge.anim using Guid(2c176066943cc5442b4f97556331bf75) Importer(815301076,1909f56bfc062723c751e8b465ee728b)  -> (artifact id: '9da27401c31427204e8e8a2e328ffa17') in 0.009134 seconds
  Import took 0.016337 seconds .

========================================================================
Received Import Request.
  Time since last request: 14.936296 seconds.
  path: Assets/Animation/Overrides/Weapon Overrides/BasicStaffOverride.overrideController
  artifactKey: Guid(8ce8b16a5bd86c842b995db50081f7a7) Importer(815301076,1909f56bfc062723c751e8b465ee728b)
Start importing Assets/Animation/Overrides/Weapon Overrides/BasicStaffOverride.overrideController using Guid(8ce8b16a5bd86c842b995db50081f7a7) Importer(815301076,1909f56bfc062723c751e8b465ee728b)  -> (artifact id: '1677c85a24aa37ebe69bc1cf7b851066') in 0.020854 seconds
  Import took 0.026242 seconds .

========================================================================
Received Prepare
Registering precompiled user dll's ...
Registered in 0.000834 seconds.
Begin MonoManager ReloadAssembly
Native extension for WindowsStandalone target not found
Native extension for WebGL target not found
Refreshing native plugins compatible for Editor in 0.40 ms, found 1 plugins.
Preloading 0 native plugins for Editor in 0.00 ms.
Invoked RoslynAnalysisRunner static constructor.
RoslynAnalysisRunner will not be running.
RoslynAnalysisRunner has terminated.
Mono: successfully reloaded assembly
- Completed reload, in  0.859 seconds
Platform modules already initialized, skipping
Refreshing native plugins compatible for Editor in 0.54 ms, found 1 plugins.
Preloading 0 native plugins for Editor in 0.00 ms.
Unloading 1832 Unused Serialized files (Serialized files now loaded: 0)
System memory in use before: 88.8 MB.
System memory in use after: 88.8 MB.

Unloading 12 unused Assets to reduce memory usage. Loaded Objects now: 2347.
Total: 2.720600 ms (FindLiveObjects: 0.315100 ms CreateObjectMapping: 0.170400 ms MarkObjects: 2.083700 ms  DeleteObjects: 0.150500 ms)

========================================================================
Received Prepare
Registering precompiled user dll's ...
Registered in 0.000777 seconds.
Begin MonoManager ReloadAssembly
Native extension for WindowsStandalone target not found
Native extension for WebGL target not found
Refreshing native plugins compatible for Editor in 0.41 ms, found 1 plugins.
Preloading 0 native plugins for Editor in 0.00 ms.
Invoked RoslynAnalysisRunner static constructor.
RoslynAnalysisRunner will not be running.
RoslynAnalysisRunner has terminated.
Mono: successfully reloaded assembly
- Completed reload, in  0.913 seconds
Platform modules already initialized, skipping
Refreshing native plugins compatible for Editor in 0.40 ms, found 1 plugins.
Preloading 0 native plugins for Editor in 0.00 ms.
Unloading 1832 Unused Serialized files (Serialized files now loaded: 0)
System memory in use before: 88.8 MB.
System memory in use after: 88.8 MB.

Unloading 12 unused Assets to reduce memory usage. Loaded Objects now: 2351.
Total: 2.696600 ms (FindLiveObjects: 0.294400 ms CreateObjectMapping: 0.154700 ms MarkObjects: 2.094500 ms  DeleteObjects: 0.152300 ms)

========================================================================
Received Import Request.
  Time since last request: 248.415886 seconds.
  path: Assets/Animation/DefaultControllers/WeaponController.controller
  artifactKey: Guid(bd558cf65b5e1a644b6712b8638b6e26) Importer(815301076,1909f56bfc062723c751e8b465ee728b)
Start importing Assets/Animation/DefaultControllers/WeaponController.controller using Guid(bd558cf65b5e1a644b6712b8638b6e26) Importer(815301076,1909f56bfc062723c751e8b465ee728b)  -> (artifact id: '1b7063c17fc34a7e82def65669c433a3') in 0.037396 seconds
  Import took 0.041364 seconds .

========================================================================
Received Prepare
Registering precompiled user dll's ...
Registered in 0.000979 seconds.
Begin MonoManager ReloadAssembly
Native extension for WindowsStandalone target not found
Native extension for WebGL target not found
Refreshing native plugins compatible for Editor in 0.42 ms, found 1 plugins.
Preloading 0 native plugins for Editor in 0.00 ms.
Invoked RoslynAnalysisRunner static constructor.
RoslynAnalysisRunner will not be running.
RoslynAnalysisRunner has terminated.
Mono: successfully reloaded assembly
- Completed reload, in  0.846 seconds
Platform modules already initialized, skipping
Refreshing native plugins compatible for Editor in 0.43 ms, found 1 plugins.
Preloading 0 native plugins for Editor in 0.00 ms.
Unloading 1832 Unused Serialized files (Serialized files now loaded: 0)
System memory in use before: 88.8 MB.
System memory in use after: 88.8 MB.

Unloading 12 unused Assets to reduce memory usage. Loaded Objects now: 2355.
Total: 2.533600 ms (FindLiveObjects: 0.302100 ms CreateObjectMapping: 0.171800 ms MarkObjects: 1.931500 ms  DeleteObjects: 0.127000 ms)

========================================================================
Received Prepare
Registering precompiled user dll's ...
Registered in 0.000816 seconds.
Begin MonoManager ReloadAssembly
Native extension for WindowsStandalone target not found
Native extension for WebGL target not found
Refreshing native plugins compatible for Editor in 0.43 ms, found 1 plugins.
Preloading 0 native plugins for Editor in 0.00 ms.
Invoked RoslynAnalysisRunner static constructor.
RoslynAnalysisRunner will not be running.
RoslynAnalysisRunner has terminated.
Mono: successfully reloaded assembly
- Completed reload, in  0.892 seconds
Platform modules already initialized, skipping
Refreshing native plugins compatible for Editor in 0.42 ms, found 1 plugins.
Preloading 0 native plugins for Editor in 0.00 ms.
Unloading 1832 Unused Serialized files (Serialized files now loaded: 0)
System memory in use before: 88.8 MB.
System memory in use after: 88.8 MB.

Unloading 12 unused Assets to reduce memory usage. Loaded Objects now: 2359.
Total: 2.088500 ms (FindLiveObjects: 0.185900 ms CreateObjectMapping: 0.067500 ms MarkObjects: 1.682900 ms  DeleteObjects: 0.151500 ms)

========================================================================
Received Prepare
Registering precompiled user dll's ...
Registered in 0.000868 seconds.
Begin MonoManager ReloadAssembly
Native extension for WindowsStandalone target not found
Native extension for WebGL target not found
Refreshing native plugins compatible for Editor in 0.40 ms, found 1 plugins.
Preloading 0 native plugins for Editor in 0.00 ms.
Invoked RoslynAnalysisRunner static constructor.
RoslynAnalysisRunner will not be running.
RoslynAnalysisRunner has terminated.
Mono: successfully reloaded assembly
- Completed reload, in  0.840 seconds
Platform modules already initialized, skipping
Refreshing native plugins compatible for Editor in 0.41 ms, found 1 plugins.
Preloading 0 native plugins for Editor in 0.00 ms.
Unloading 1832 Unused Serialized files (Serialized files now loaded: 0)
System memory in use before: 88.8 MB.
System memory in use after: 88.8 MB.

Unloading 12 unused Assets to reduce memory usage. Loaded Objects now: 2363.
Total: 2.821800 ms (FindLiveObjects: 0.246300 ms CreateObjectMapping: 0.165100 ms MarkObjects: 2.212500 ms  DeleteObjects: 0.196700 ms)

========================================================================
Received Prepare
Registering precompiled user dll's ...
Registered in 0.000786 seconds.
Begin MonoManager ReloadAssembly
Native extension for WindowsStandalone target not found
Native extension for WebGL target not found
Refreshing native plugins compatible for Editor in 0.43 ms, found 1 plugins.
Preloading 0 native plugins for Editor in 0.00 ms.
Invoked RoslynAnalysisRunner static constructor.
RoslynAnalysisRunner will not be running.
RoslynAnalysisRunner has terminated.
Mono: successfully reloaded assembly
- Completed reload, in  0.837 seconds
Platform modules already initialized, skipping
Refreshing native plugins compatible for Editor in 0.41 ms, found 1 plugins.
Preloading 0 native plugins for Editor in 0.00 ms.
Unloading 1832 Unused Serialized files (Serialized files now loaded: 0)
System memory in use before: 88.8 MB.
System memory in use after: 88.8 MB.

Unloading 12 unused Assets to reduce memory usage. Loaded Objects now: 2367.
Total: 1.984400 ms (FindLiveObjects: 0.190800 ms CreateObjectMapping: 0.069400 ms MarkObjects: 1.603100 ms  DeleteObjects: 0.119700 ms)

========================================================================
Received Prepare
Registering precompiled user dll's ...
Registered in 0.000795 seconds.
Begin MonoManager ReloadAssembly
Native extension for WindowsStandalone target not found
Native extension for WebGL target not found
Refreshing native plugins compatible for Editor in 0.43 ms, found 1 plugins.
Preloading 0 native plugins for Editor in 0.00 ms.
Invoked RoslynAnalysisRunner static constructor.
RoslynAnalysisRunner will not be running.
RoslynAnalysisRunner has terminated.
Mono: successfully reloaded assembly
- Completed reload, in  0.837 seconds
Platform modules already initialized, skipping
Refreshing native plugins compatible for Editor in 0.41 ms, found 1 plugins.
Preloading 0 native plugins for Editor in 0.00 ms.
Unloading 1832 Unused Serialized files (Serialized files now loaded: 0)
System memory in use before: 88.8 MB.
System memory in use after: 88.8 MB.

Unloading 12 unused Assets to reduce memory usage. Loaded Objects now: 2371.
Total: 2.638500 ms (FindLiveObjects: 0.291300 ms CreateObjectMapping: 0.139900 ms MarkObjects: 2.081400 ms  DeleteObjects: 0.124800 ms)

========================================================================
Received Prepare
Registering precompiled user dll's ...
Registered in 0.000839 seconds.
Begin MonoManager ReloadAssembly
Native extension for WindowsStandalone target not found
Native extension for WebGL target not found
Refreshing native plugins compatible for Editor in 0.43 ms, found 1 plugins.
Preloading 0 native plugins for Editor in 0.00 ms.
Invoked RoslynAnalysisRunner static constructor.
RoslynAnalysisRunner will not be running.
RoslynAnalysisRunner has terminated.
Mono: successfully reloaded assembly
- Completed reload, in  0.853 seconds
Platform modules already initialized, skipping
Refreshing native plugins compatible for Editor in 0.46 ms, found 1 plugins.
Preloading 0 native plugins for Editor in 0.00 ms.
Unloading 1832 Unused Serialized files (Serialized files now loaded: 0)
System memory in use before: 88.8 MB.
System memory in use after: 88.8 MB.

Unloading 12 unused Assets to reduce memory usage. Loaded Objects now: 2375.
Total: 2.652500 ms (FindLiveObjects: 0.273000 ms CreateObjectMapping: 0.161900 ms MarkObjects: 2.061200 ms  DeleteObjects: 0.155200 ms)

========================================================================
Received Prepare
Registering precompiled user dll's ...
Registered in 0.000807 seconds.
Begin MonoManager ReloadAssembly
Native extension for WindowsStandalone target not found
Native extension for WebGL target not found
Refreshing native plugins compatible for Editor in 0.43 ms, found 1 plugins.
Preloading 0 native plugins for Editor in 0.00 ms.
Invoked RoslynAnalysisRunner static constructor.
RoslynAnalysisRunner will not be running.
RoslynAnalysisRunner has terminated.
Mono: successfully reloaded assembly
- Completed reload, in  0.831 seconds
Platform modules already initialized, skipping
Refreshing native plugins compatible for Editor in 0.43 ms, found 1 plugins.
Preloading 0 native plugins for Editor in 0.00 ms.
Unloading 1832 Unused Serialized files (Serialized files now loaded: 0)
System memory in use before: 88.8 MB.
System memory in use after: 88.8 MB.

Unloading 12 unused Assets to reduce memory usage. Loaded Objects now: 2379.
Total: 2.760500 ms (FindLiveObjects: 0.259200 ms CreateObjectMapping: 0.228000 ms MarkObjects: 2.138400 ms  DeleteObjects: 0.133600 ms)

========================================================================
Received Prepare
Registering precompiled user dll's ...
Registered in 0.000839 seconds.
Begin MonoManager ReloadAssembly
Native extension for WindowsStandalone target not found
Native extension for WebGL target not found
Refreshing native plugins compatible for Editor in 0.52 ms, found 1 plugins.
Preloading 0 native plugins for Editor in 0.00 ms.
Invoked RoslynAnalysisRunner static constructor.
RoslynAnalysisRunner will not be running.
RoslynAnalysisRunner has terminated.
Mono: successfully reloaded assembly
- Completed reload, in  0.951 seconds
Platform modules already initialized, skipping
Refreshing native plugins compatible for Editor in 0.42 ms, found 1 plugins.
Preloading 0 native plugins for Editor in 0.00 ms.
Unloading 1832 Unused Serialized files (Serialized files now loaded: 0)
System memory in use before: 88.9 MB.
System memory in use after: 88.8 MB.

Unloading 12 unused Assets to reduce memory usage. Loaded Objects now: 2383.
Total: 3.030900 ms (FindLiveObjects: 0.296600 ms CreateObjectMapping: 0.158100 ms MarkObjects: 2.414600 ms  DeleteObjects: 0.160700 ms)

========================================================================
Received Import Request.
  Time since last request: 936.177867 seconds.
  path: Assets/Animation/WeaponCharge.anim
  artifactKey: Guid(65b12a8f4be38cd42a4766c0f89c12e6) Importer(815301076,1909f56bfc062723c751e8b465ee728b)
Start importing Assets/Animation/WeaponCharge.anim using Guid(65b12a8f4be38cd42a4766c0f89c12e6) Importer(815301076,1909f56bfc062723c751e8b465ee728b)  -> (artifact id: '586315cb8f4f4d959b82291b61579a7e') in 0.026566 seconds
  Import took 0.030308 seconds .

========================================================================
Received Prepare
Registering precompiled user dll's ...
Registered in 0.001061 seconds.
Begin MonoManager ReloadAssembly
Native extension for WindowsStandalone target not found
Native extension for WebGL target not found
Refreshing native plugins compatible for Editor in 0.41 ms, found 1 plugins.
Preloading 0 native plugins for Editor in 0.00 ms.
Invoked RoslynAnalysisRunner static constructor.
RoslynAnalysisRunner will not be running.
RoslynAnalysisRunner has terminated.
Mono: successfully reloaded assembly
- Completed reload, in  1.082 seconds
Platform modules already initialized, skipping
Refreshing native plugins compatible for Editor in 0.48 ms, found 1 plugins.
Preloading 0 native plugins for Editor in 0.00 ms.
Unloading 1832 Unused Serialized files (Serialized files now loaded: 0)
System memory in use before: 88.9 MB.
System memory in use after: 88.9 MB.

Unloading 12 unused Assets to reduce memory usage. Loaded Objects now: 2387.
Total: 2.694100 ms (FindLiveObjects: 0.192000 ms CreateObjectMapping: 0.067500 ms MarkObjects: 2.314400 ms  DeleteObjects: 0.118900 ms)

========================================================================
Received Prepare
Registering precompiled user dll's ...
Registered in 0.000991 seconds.
Begin MonoManager ReloadAssembly
Native extension for WindowsStandalone target not found
Native extension for WebGL target not found
Refreshing native plugins compatible for Editor in 0.43 ms, found 1 plugins.
Preloading 0 native plugins for Editor in 0.00 ms.
Invoked RoslynAnalysisRunner static constructor.
RoslynAnalysisRunner will not be running.
RoslynAnalysisRunner has terminated.
Mono: successfully reloaded assembly
- Completed reload, in  0.841 seconds
Platform modules already initialized, skipping
Refreshing native plugins compatible for Editor in 0.49 ms, found 1 plugins.
Preloading 0 native plugins for Editor in 0.00 ms.
Unloading 1832 Unused Serialized files (Serialized files now loaded: 0)
System memory in use before: 88.9 MB.
System memory in use after: 88.9 MB.

Unloading 12 unused Assets to reduce memory usage. Loaded Objects now: 2391.
Total: 2.712600 ms (FindLiveObjects: 0.283100 ms CreateObjectMapping: 0.168400 ms MarkObjects: 2.134300 ms  DeleteObjects: 0.125300 ms)

========================================================================
Received Prepare
Registering precompiled user dll's ...
Registered in 0.000815 seconds.
Begin MonoManager ReloadAssembly
Native extension for WindowsStandalone target not found
Native extension for WebGL target not found
Refreshing native plugins compatible for Editor in 0.45 ms, found 1 plugins.
Preloading 0 native plugins for Editor in 0.00 ms.
Invoked RoslynAnalysisRunner static constructor.
RoslynAnalysisRunner will not be running.
RoslynAnalysisRunner has terminated.
Mono: successfully reloaded assembly
- Completed reload, in  0.829 seconds
Platform modules already initialized, skipping
Refreshing native plugins compatible for Editor in 0.43 ms, found 1 plugins.
Preloading 0 native plugins for Editor in 0.00 ms.
Unloading 1832 Unused Serialized files (Serialized files now loaded: 0)
System memory in use before: 88.9 MB.
System memory in use after: 88.9 MB.

Unloading 12 unused Assets to reduce memory usage. Loaded Objects now: 2395.
Total: 2.104800 ms (FindLiveObjects: 0.243500 ms CreateObjectMapping: 0.067700 ms MarkObjects: 1.671300 ms  DeleteObjects: 0.121100 ms)

========================================================================
Received Prepare
Registering precompiled user dll's ...
Registered in 0.017790 seconds.
Begin MonoManager ReloadAssembly
Native extension for WindowsStandalone target not found
Native extension for WebGL target not found
Refreshing native plugins compatible for Editor in 0.39 ms, found 1 plugins.
Preloading 0 native plugins for Editor in 0.00 ms.
Invoked RoslynAnalysisRunner static constructor.
RoslynAnalysisRunner will not be running.
RoslynAnalysisRunner has terminated.
Mono: successfully reloaded assembly
- Completed reload, in  0.839 seconds
Platform modules already initialized, skipping
Refreshing native plugins compatible for Editor in 0.40 ms, found 1 plugins.
Preloading 0 native plugins for Editor in 0.00 ms.
Unloading 1832 Unused Serialized files (Serialized files now loaded: 0)
System memory in use before: 88.9 MB.
System memory in use after: 88.9 MB.

Unloading 12 unused Assets to reduce memory usage. Loaded Objects now: 2399.
Total: 2.091500 ms (FindLiveObjects: 0.192400 ms CreateObjectMapping: 0.067700 ms MarkObjects: 1.712200 ms  DeleteObjects: 0.118100 ms)

========================================================================
Received Prepare
Registering precompiled user dll's ...
Registered in 0.001022 seconds.
Begin MonoManager ReloadAssembly
Native extension for WindowsStandalone target not found
Native extension for WebGL target not found
Refreshing native plugins compatible for Editor in 0.39 ms, found 1 plugins.
Preloading 0 native plugins for Editor in 0.00 ms.
Invoked RoslynAnalysisRunner static constructor.
RoslynAnalysisRunner will not be running.
RoslynAnalysisRunner has terminated.
Mono: successfully reloaded assembly
- Completed reload, in  0.876 seconds
Platform modules already initialized, skipping
Refreshing native plugins compatible for Editor in 0.42 ms, found 1 plugins.
Preloading 0 native plugins for Editor in 0.00 ms.
Unloading 1832 Unused Serialized files (Serialized files now loaded: 0)
System memory in use before: 88.9 MB.
System memory in use after: 88.9 MB.

Unloading 12 unused Assets to reduce memory usage. Loaded Objects now: 2403.
Total: 2.669400 ms (FindLiveObjects: 0.343000 ms CreateObjectMapping: 0.095900 ms MarkObjects: 2.030600 ms  DeleteObjects: 0.199000 ms)

========================================================================
Received Prepare
Registering precompiled user dll's ...
Registered in 0.000835 seconds.
Begin MonoManager ReloadAssembly
Native extension for WindowsStandalone target not found
Native extension for WebGL target not found
Refreshing native plugins compatible for Editor in 0.43 ms, found 1 plugins.
Preloading 0 native plugins for Editor in 0.00 ms.
Invoked RoslynAnalysisRunner static constructor.
RoslynAnalysisRunner will not be running.
RoslynAnalysisRunner has terminated.
Mono: successfully reloaded assembly
- Completed reload, in  0.851 seconds
Platform modules already initialized, skipping
Refreshing native plugins compatible for Editor in 0.42 ms, found 1 plugins.
Preloading 0 native plugins for Editor in 0.00 ms.
Unloading 1832 Unused Serialized files (Serialized files now loaded: 0)
System memory in use before: 88.9 MB.
System memory in use after: 88.9 MB.

Unloading 12 unused Assets to reduce memory usage. Loaded Objects now: 2407.
Total: 2.686900 ms (FindLiveObjects: 0.278700 ms CreateObjectMapping: 0.193600 ms MarkObjects: 2.078800 ms  DeleteObjects: 0.134400 ms)

========================================================================
Received Prepare
Registering precompiled user dll's ...
Registered in 0.000818 seconds.
Begin MonoManager ReloadAssembly
Native extension for WindowsStandalone target not found
Native extension for WebGL target not found
Refreshing native plugins compatible for Editor in 0.46 ms, found 1 plugins.
Preloading 0 native plugins for Editor in 0.00 ms.
Invoked RoslynAnalysisRunner static constructor.
RoslynAnalysisRunner will not be running.
RoslynAnalysisRunner has terminated.
Mono: successfully reloaded assembly
- Completed reload, in  0.886 seconds
Platform modules already initialized, skipping
Refreshing native plugins compatible for Editor in 0.40 ms, found 1 plugins.
Preloading 0 native plugins for Editor in 0.00 ms.
Unloading 1832 Unused Serialized files (Serialized files now loaded: 0)
System memory in use before: 88.9 MB.
System memory in use after: 88.9 MB.

Unloading 12 unused Assets to reduce memory usage. Loaded Objects now: 2411.
Total: 2.384300 ms (FindLiveObjects: 0.258200 ms CreateObjectMapping: 0.138800 ms MarkObjects: 1.843800 ms  DeleteObjects: 0.142600 ms)

========================================================================
Received Prepare
Registering precompiled user dll's ...
Registered in 0.000856 seconds.
Begin MonoManager ReloadAssembly
Native extension for WindowsStandalone target not found
Native extension for WebGL target not found
Refreshing native plugins compatible for Editor in 0.38 ms, found 1 plugins.
Preloading 0 native plugins for Editor in 0.00 ms.
Invoked RoslynAnalysisRunner static constructor.
RoslynAnalysisRunner will not be running.
RoslynAnalysisRunner has terminated.
Mono: successfully reloaded assembly
- Completed reload, in  0.907 seconds
Platform modules already initialized, skipping
Refreshing native plugins compatible for Editor in 0.41 ms, found 1 plugins.
Preloading 0 native plugins for Editor in 0.00 ms.
Unloading 1832 Unused Serialized files (Serialized files now loaded: 0)
System memory in use before: 88.9 MB.
System memory in use after: 88.9 MB.

Unloading 12 unused Assets to reduce memory usage. Loaded Objects now: 2415.
Total: 2.377400 ms (FindLiveObjects: 0.234800 ms CreateObjectMapping: 0.064900 ms MarkObjects: 1.923300 ms  DeleteObjects: 0.153500 ms)

========================================================================
Received Prepare
Registering precompiled user dll's ...
Registered in 0.000887 seconds.
Begin MonoManager ReloadAssembly
Native extension for WindowsStandalone target not found
Native extension for WebGL target not found
Refreshing native plugins compatible for Editor in 0.39 ms, found 1 plugins.
Preloading 0 native plugins for Editor in 0.00 ms.
Invoked RoslynAnalysisRunner static constructor.
RoslynAnalysisRunner will not be running.
RoslynAnalysisRunner has terminated.
Mono: successfully reloaded assembly
- Completed reload, in  0.903 seconds
Platform modules already initialized, skipping
Refreshing native plugins compatible for Editor in 0.40 ms, found 1 plugins.
Preloading 0 native plugins for Editor in 0.00 ms.
Unloading 1832 Unused Serialized files (Serialized files now loaded: 0)
System memory in use before: 88.9 MB.
System memory in use after: 88.9 MB.

Unloading 12 unused Assets to reduce memory usage. Loaded Objects now: 2419.
Total: 2.490000 ms (FindLiveObjects: 0.200400 ms CreateObjectMapping: 0.070800 ms MarkObjects: 2.061400 ms  DeleteObjects: 0.156400 ms)

========================================================================
Received Prepare
Registering precompiled user dll's ...
Registered in 0.000811 seconds.
Begin MonoManager ReloadAssembly
Native extension for WindowsStandalone target not found
Native extension for WebGL target not found
Refreshing native plugins compatible for Editor in 0.44 ms, found 1 plugins.
Preloading 0 native plugins for Editor in 0.00 ms.
Invoked RoslynAnalysisRunner static constructor.
RoslynAnalysisRunner will not be running.
RoslynAnalysisRunner has terminated.
Mono: successfully reloaded assembly
- Completed reload, in  0.819 seconds
Platform modules already initialized, skipping
Refreshing native plugins compatible for Editor in 0.43 ms, found 1 plugins.
Preloading 0 native plugins for Editor in 0.00 ms.
Unloading 1832 Unused Serialized files (Serialized files now loaded: 0)
System memory in use before: 88.9 MB.
System memory in use after: 88.9 MB.

Unloading 12 unused Assets to reduce memory usage. Loaded Objects now: 2423.
Total: 2.537900 ms (FindLiveObjects: 0.248900 ms CreateObjectMapping: 0.136800 ms MarkObjects: 2.026800 ms  DeleteObjects: 0.124000 ms)

========================================================================
Received Prepare
Registering precompiled user dll's ...
Registered in 0.000872 seconds.
Begin MonoManager ReloadAssembly
Native extension for WindowsStandalone target not found
Native extension for WebGL target not found
Refreshing native plugins compatible for Editor in 0.42 ms, found 1 plugins.
Preloading 0 native plugins for Editor in 0.00 ms.
Invoked RoslynAnalysisRunner static constructor.
RoslynAnalysisRunner will not be running.
RoslynAnalysisRunner has terminated.
Mono: successfully reloaded assembly
- Completed reload, in  0.888 seconds
Platform modules already initialized, skipping
Refreshing native plugins compatible for Editor in 0.40 ms, found 1 plugins.
Preloading 0 native plugins for Editor in 0.00 ms.
Unloading 1832 Unused Serialized files (Serialized files now loaded: 0)
System memory in use before: 89.0 MB.
System memory in use after: 88.9 MB.

Unloading 12 unused Assets to reduce memory usage. Loaded Objects now: 2427.
Total: 2.281100 ms (FindLiveObjects: 0.187700 ms CreateObjectMapping: 0.067100 ms MarkObjects: 1.873400 ms  DeleteObjects: 0.152300 ms)

========================================================================
Received Prepare
Registering precompiled user dll's ...
Registered in 0.000813 seconds.
Begin MonoManager ReloadAssembly
Native extension for WindowsStandalone target not found
Native extension for WebGL target not found
Refreshing native plugins compatible for Editor in 0.39 ms, found 1 plugins.
Preloading 0 native plugins for Editor in 0.00 ms.
Invoked RoslynAnalysisRunner static constructor.
RoslynAnalysisRunner will not be running.
RoslynAnalysisRunner has terminated.
Mono: successfully reloaded assembly
- Completed reload, in  0.842 seconds
Platform modules already initialized, skipping
Refreshing native plugins compatible for Editor in 0.43 ms, found 1 plugins.
Preloading 0 native plugins for Editor in 0.00 ms.
Unloading 1832 Unused Serialized files (Serialized files now loaded: 0)
System memory in use before: 89.0 MB.
System memory in use after: 89.0 MB.

Unloading 12 unused Assets to reduce memory usage. Loaded Objects now: 2431.
Total: 3.047900 ms (FindLiveObjects: 0.654900 ms CreateObjectMapping: 0.166700 ms MarkObjects: 2.090300 ms  DeleteObjects: 0.134300 ms)

========================================================================
Received Prepare
Registering precompiled user dll's ...
Registered in 0.001118 seconds.
Begin MonoManager ReloadAssembly
Native extension for WindowsStandalone target not found
Native extension for WebGL target not found
Refreshing native plugins compatible for Editor in 0.43 ms, found 1 plugins.
Preloading 0 native plugins for Editor in 0.00 ms.
Invoked RoslynAnalysisRunner static constructor.
RoslynAnalysisRunner will not be running.
RoslynAnalysisRunner has terminated.
Mono: successfully reloaded assembly
- Completed reload, in  0.837 seconds
Platform modules already initialized, skipping
Refreshing native plugins compatible for Editor in 0.41 ms, found 1 plugins.
Preloading 0 native plugins for Editor in 0.00 ms.
Unloading 1832 Unused Serialized files (Serialized files now loaded: 0)
System memory in use before: 89.0 MB.
System memory in use after: 89.0 MB.

Unloading 12 unused Assets to reduce memory usage. Loaded Objects now: 2435.
Total: 2.517100 ms (FindLiveObjects: 0.364200 ms CreateObjectMapping: 0.121800 ms MarkObjects: 1.910200 ms  DeleteObjects: 0.119900 ms)

========================================================================
Received Import Request.
  Time since last request: 1176.159644 seconds.
  path: Assets/Animation/WeaponCharge1.anim
  artifactKey: Guid(9689092a443aeb44fa3b9ea818f2e502) Importer(815301076,1909f56bfc062723c751e8b465ee728b)
Start importing Assets/Animation/WeaponCharge1.anim using Guid(9689092a443aeb44fa3b9ea818f2e502) Importer(815301076,1909f56bfc062723c751e8b465ee728b)  -> (artifact id: 'd0b852ec61f42713662e025c34b1b0b4') in 0.031858 seconds
  Import took 0.036057 seconds .

========================================================================
Received Import Request.
  Time since last request: 0.316185 seconds.
  path: Assets/Animation/WeaponCharge3.anim
  artifactKey: Guid(c24ff73b6f277cb439ce1ec4f3d9540b) Importer(815301076,1909f56bfc062723c751e8b465ee728b)
Start importing Assets/Animation/WeaponCharge3.anim using Guid(c24ff73b6f277cb439ce1ec4f3d9540b) Importer(815301076,1909f56bfc062723c751e8b465ee728b)  -> (artifact id: 'fb29bb3fca88f8fdce3c0dba21d3d1ff') in 0.007838 seconds
  Import took 0.011241 seconds .

========================================================================
Received Prepare
Registering precompiled user dll's ...
Registered in 0.000852 seconds.
Begin MonoManager ReloadAssembly
Native extension for WindowsStandalone target not found
Native extension for WebGL target not found
Refreshing native plugins compatible for Editor in 0.42 ms, found 1 plugins.
Preloading 0 native plugins for Editor in 0.00 ms.
Invoked RoslynAnalysisRunner static constructor.
RoslynAnalysisRunner will not be running.
RoslynAnalysisRunner has terminated.
Mono: successfully reloaded assembly
- Completed reload, in  0.913 seconds
Platform modules already initialized, skipping
Refreshing native plugins compatible for Editor in 0.43 ms, found 1 plugins.
Preloading 0 native plugins for Editor in 0.00 ms.
Unloading 1832 Unused Serialized files (Serialized files now loaded: 0)
System memory in use before: 89.0 MB.
System memory in use after: 89.0 MB.

Unloading 12 unused Assets to reduce memory usage. Loaded Objects now: 2439.
Total: 2.255000 ms (FindLiveObjects: 0.185400 ms CreateObjectMapping: 0.065700 ms MarkObjects: 1.854100 ms  DeleteObjects: 0.149000 ms)

========================================================================
Received Import Request.
  Time since last request: 285.641184 seconds.
  path: Assets/Animation/Animations/Weapon Animations/BasicStaffCharge1.anim
  artifactKey: Guid(e03d756b34da3434ebaa98f0d8bdb105) Importer(815301076,1909f56bfc062723c751e8b465ee728b)
Start importing Assets/Animation/Animations/Weapon Animations/BasicStaffCharge1.anim using Guid(e03d756b34da3434ebaa98f0d8bdb105) Importer(815301076,1909f56bfc062723c751e8b465ee728b)  -> (artifact id: '6d6dbaa51673e5cacfc15fc324e4a45d') in 0.028865 seconds
  Import took 0.032910 seconds .

========================================================================
Received Prepare
Registering precompiled user dll's ...
Registered in 0.000738 seconds.
Begin MonoManager ReloadAssembly
Native extension for WindowsStandalone target not found
Native extension for WebGL target not found
Refreshing native plugins compatible for Editor in 0.41 ms, found 1 plugins.
Preloading 0 native plugins for Editor in 0.00 ms.
Invoked RoslynAnalysisRunner static constructor.
RoslynAnalysisRunner will not be running.
RoslynAnalysisRunner has terminated.
Mono: successfully reloaded assembly
- Completed reload, in  0.829 seconds
Platform modules already initialized, skipping
Refreshing native plugins compatible for Editor in 0.41 ms, found 1 plugins.
Preloading 0 native plugins for Editor in 0.00 ms.
Unloading 1832 Unused Serialized files (Serialized files now loaded: 0)
System memory in use before: 89.0 MB.
System memory in use after: 89.0 MB.

Unloading 12 unused Assets to reduce memory usage. Loaded Objects now: 2443.
Total: 2.744000 ms (FindLiveObjects: 0.258700 ms CreateObjectMapping: 0.152300 ms MarkObjects: 2.207100 ms  DeleteObjects: 0.124800 ms)

========================================================================
Received Prepare
Registering precompiled user dll's ...
Registered in 0.000819 seconds.
Begin MonoManager ReloadAssembly
Native extension for WindowsStandalone target not found
Native extension for WebGL target not found
Refreshing native plugins compatible for Editor in 0.41 ms, found 1 plugins.
Preloading 0 native plugins for Editor in 0.00 ms.
Invoked RoslynAnalysisRunner static constructor.
RoslynAnalysisRunner will not be running.
RoslynAnalysisRunner has terminated.
Mono: successfully reloaded assembly
- Completed reload, in  0.850 seconds
Platform modules already initialized, skipping
Refreshing native plugins compatible for Editor in 0.45 ms, found 1 plugins.
Preloading 0 native plugins for Editor in 0.00 ms.
Unloading 1832 Unused Serialized files (Serialized files now loaded: 0)
System memory in use before: 89.0 MB.
System memory in use after: 89.0 MB.

Unloading 12 unused Assets to reduce memory usage. Loaded Objects now: 2447.
Total: 2.384600 ms (FindLiveObjects: 0.187700 ms CreateObjectMapping: 0.066400 ms MarkObjects: 1.972100 ms  DeleteObjects: 0.157800 ms)

========================================================================
Received Prepare
Registering precompiled user dll's ...
Registered in 0.000792 seconds.
Begin MonoManager ReloadAssembly
Native extension for WindowsStandalone target not found
Native extension for WebGL target not found
Refreshing native plugins compatible for Editor in 0.40 ms, found 1 plugins.
Preloading 0 native plugins for Editor in 0.00 ms.
Invoked RoslynAnalysisRunner static constructor.
RoslynAnalysisRunner will not be running.
RoslynAnalysisRunner has terminated.
Mono: successfully reloaded assembly
- Completed reload, in  0.861 seconds
Platform modules already initialized, skipping
Refreshing native plugins compatible for Editor in 0.41 ms, found 1 plugins.
Preloading 0 native plugins for Editor in 0.00 ms.
Unloading 1832 Unused Serialized files (Serialized files now loaded: 0)
System memory in use before: 89.0 MB.
System memory in use after: 89.0 MB.

Unloading 12 unused Assets to reduce memory usage. Loaded Objects now: 2451.
Total: 2.664300 ms (FindLiveObjects: 0.271600 ms CreateObjectMapping: 0.151500 ms MarkObjects: 2.082400 ms  DeleteObjects: 0.157400 ms)

