Using pre-set license
Built from '2020.3/staging' branch; Version is '2020.3.0f1 (c7b5465681fb) revision 13088070'; Using compiler version '192528614'; Build Type 'Release'
OS: 'Windows 10 Home; OS build 19042.1165; Version 2009; 64bit' Language: 'sv' Physical Memory: 8132 MB
BatchMode: 1, IsHumanControllingUs: 0, StartBugReporterOnCrash: 0, Is64bit: 1, IsPro: 0

 COMMAND LINE ARGUMENTS:
D:\Unity\Unity Engine\2020.3.0f1\Editor\Unity.exe
-adb2
-batchMode
-noUpm
-name
AssetImportWorker5
-projectPath
D:/GitHub/INCANTATION_GAME/INCANTATION
-logFile
Logs/AssetImportWorker5.log
-srvPort
50022
Successfully changed project path to: D:/GitHub/INCANTATION_GAME/INCANTATION
D:/GitHub/INCANTATION_GAME/INCANTATION
Using Asset Import Pipeline V2.
Refreshing native plugins compatible for Editor in 66.43 ms, found 1 plugins.
Preloading 0 native plugins for Editor in 0.00 ms.
Initialize engine version: 2020.3.0f1 (c7b5465681fb)
[Subsystems] Discovering subsystems at path D:/Unity/Unity Engine/2020.3.0f1/Editor/Data/Resources/UnitySubsystems
[Subsystems] Discovering subsystems at path D:/GitHub/INCANTATION_GAME/INCANTATION/Assets
GfxDevice: creating device client; threaded=0
Direct3D:
    Version:  Direct3D 11.0 [level 11.1]
    Renderer: NVIDIA GeForce GTX 970 (ID=0x13c2)
    Vendor:   
    VRAM:     4043 MB
    Driver:   27.21.14.6611
Shader 'Universal Render Pipeline/Particles/Lit': fallback shader 'Universal Render Pipeline/Particles/SimpleLit' not found
Initialize mono
Mono path[0] = 'D:/Unity/Unity Engine/2020.3.0f1/Editor/Data/Managed'
Mono path[1] = 'D:/Unity/Unity Engine/2020.3.0f1/Editor/Data/MonoBleedingEdge/lib/mono/unityjit'
Mono config path = 'D:/Unity/Unity Engine/2020.3.0f1/Editor/Data/MonoBleedingEdge/etc'
Using monoOptions --debugger-agent=transport=dt_socket,embedding=1,server=y,suspend=n,address=127.0.0.1:56748
Begin MonoManager ReloadAssembly
Registering precompiled unity dll's ...
Register platform support module: D:/Unity/Unity Engine/2020.3.0f1/Editor/Data/PlaybackEngines/WebGLSupport/UnityEditor.WebGL.Extensions.dll
Register platform support module: D:/Unity/Unity Engine/2020.3.0f1/Editor/Data/PlaybackEngines/WindowsStandaloneSupport/UnityEditor.WindowsStandalone.Extensions.dll
Registered in 0.001202 seconds.
Native extension for WindowsStandalone target not found
Native extension for WebGL target not found
Refreshing native plugins compatible for Editor in 58.67 ms, found 1 plugins.
Preloading 0 native plugins for Editor in 0.00 ms.
Invoked RoslynAnalysisRunner static constructor.
RoslynAnalysisRunner will not be running.
RoslynAnalysisRunner has terminated.
Mono: successfully reloaded assembly
- Completed reload, in 18.264 seconds
Platform modules already initialized, skipping
Registering precompiled user dll's ...
Registered in 0.001560 seconds.
Begin MonoManager ReloadAssembly
Native extension for WindowsStandalone target not found
Native extension for WebGL target not found
Refreshing native plugins compatible for Editor in 61.90 ms, found 1 plugins.
Preloading 0 native plugins for Editor in 0.00 ms.
Invoked RoslynAnalysisRunner static constructor.
RoslynAnalysisRunner will not be running.
RoslynAnalysisRunner has terminated.
Mono: successfully reloaded assembly
- Completed reload, in  1.041 seconds
Platform modules already initialized, skipping
========================================================================
Worker process is ready to serve import requests
Shader 'Universal Render Pipeline/Particles/Lit': fallback shader 'Universal Render Pipeline/Particles/SimpleLit' not found
Launched and connected shader compiler UnityShaderCompiler.exe after 0.14 seconds
Refreshing native plugins compatible for Editor in 0.63 ms, found 1 plugins.
Preloading 0 native plugins for Editor in 0.00 ms.
Unloading 3153 Unused Serialized files (Serialized files now loaded: 0)
System memory in use before: 139.5 MB.
System memory in use after: 139.7 MB.

Unloading 20 unused Assets to reduce memory usage. Loaded Objects now: 3606.
Total: 2.657000 ms (FindLiveObjects: 0.318900 ms CreateObjectMapping: 0.142000 ms MarkObjects: 2.166900 ms  DeleteObjects: 0.028200 ms)

========================================================================
Received Import Request.
  path: Assets/Prefabs/Hook.prefab
  artifactKey: Guid(b381201dfe139bf45bfd931441c6ad21) Importer(815301076,1909f56bfc062723c751e8b465ee728b)
Start importing Assets/Prefabs/Hook.prefab using Guid(b381201dfe139bf45bfd931441c6ad21) Importer(815301076,1909f56bfc062723c751e8b465ee728b)  -> (artifact id: 'f481a2bba12103522530720aa4b04a02') in 0.294628 seconds
  Import took 0.319544 seconds .

========================================================================
Received Import Request.
  Time since last request: 10.661333 seconds.
  path: Assets/Scripts/WeaponAttacks/SubAttacks/Hook.cs
  artifactKey: Guid(59f5ba3d15fd3cd4785eca3afbe08f1e) Importer(815301076,1909f56bfc062723c751e8b465ee728b)
Start importing Assets/Scripts/WeaponAttacks/SubAttacks/Hook.cs using Guid(59f5ba3d15fd3cd4785eca3afbe08f1e) Importer(815301076,1909f56bfc062723c751e8b465ee728b)  -> (artifact id: '07e8be76fd9225e69884fb61bf1195c3') in 0.009204 seconds
  Import took 0.018978 seconds .

========================================================================
Received Import Request.
  Time since last request: 12.843394 seconds.
  path: Assets/Scripts/WeaponAttacks/SubAttacks/Hook.cs
  artifactKey: Guid(59f5ba3d15fd3cd4785eca3afbe08f1e) Importer(815301076,1909f56bfc062723c751e8b465ee728b)
Start importing Assets/Scripts/WeaponAttacks/SubAttacks/Hook.cs using Guid(59f5ba3d15fd3cd4785eca3afbe08f1e) Importer(815301076,1909f56bfc062723c751e8b465ee728b)  -> (artifact id: '9a274300f19eb66a85e5551bf3cd421b') in 0.005318 seconds
  Import took 0.013111 seconds .

========================================================================
Received Import Request.
  Time since last request: 10.832830 seconds.
  path: Assets/Scripts/WeaponAttacks/SubAttacks/Hook.cs
  artifactKey: Guid(59f5ba3d15fd3cd4785eca3afbe08f1e) Importer(815301076,1909f56bfc062723c751e8b465ee728b)
Start importing Assets/Scripts/WeaponAttacks/SubAttacks/Hook.cs using Guid(59f5ba3d15fd3cd4785eca3afbe08f1e) Importer(815301076,1909f56bfc062723c751e8b465ee728b)  -> (artifact id: '591c0ed58c882f9bd6adfd70121bf030') in 0.003622 seconds
  Import took 0.033915 seconds .

========================================================================
Received Import Request.
  Time since last request: 78.128499 seconds.
  path: Assets/Scripts/WeaponAttacks/SubAttacks/Hook.cs
  artifactKey: Guid(59f5ba3d15fd3cd4785eca3afbe08f1e) Importer(815301076,1909f56bfc062723c751e8b465ee728b)
Start importing Assets/Scripts/WeaponAttacks/SubAttacks/Hook.cs using Guid(59f5ba3d15fd3cd4785eca3afbe08f1e) Importer(815301076,1909f56bfc062723c751e8b465ee728b)  -> (artifact id: 'f91301a8828a4b9337b0a8d52458a112') in 0.002778 seconds
  Import took 0.112060 seconds .

========================================================================
Received Prepare
Registering precompiled user dll's ...
Registered in 0.001792 seconds.
Begin MonoManager ReloadAssembly
Native extension for WindowsStandalone target not found
Native extension for WebGL target not found
Refreshing native plugins compatible for Editor in 0.71 ms, found 1 plugins.
Preloading 0 native plugins for Editor in 0.00 ms.
Invoked RoslynAnalysisRunner static constructor.
RoslynAnalysisRunner will not be running.
RoslynAnalysisRunner has terminated.
Mono: successfully reloaded assembly
- Completed reload, in  1.118 seconds
Platform modules already initialized, skipping
Shader 'Universal Render Pipeline/Particles/Lit': fallback shader 'Universal Render Pipeline/Particles/SimpleLit' not found
Refreshing native plugins compatible for Editor in 0.71 ms, found 1 plugins.
Preloading 0 native plugins for Editor in 0.00 ms.
Unloading 3032 Unused Serialized files (Serialized files now loaded: 0)
System memory in use before: 137.8 MB.
System memory in use after: 138.1 MB.

Unloading 9 unused Assets to reduce memory usage. Loaded Objects now: 3655.
Total: 3.301700 ms (FindLiveObjects: 0.411000 ms CreateObjectMapping: 0.362400 ms MarkObjects: 2.508200 ms  DeleteObjects: 0.018700 ms)

========================================================================
Received Import Request.
  Time since last request: 24.231511 seconds.
  path: Assets/Prefabs/Hook.prefab
  artifactKey: Guid(b381201dfe139bf45bfd931441c6ad21) Importer(815301076,1909f56bfc062723c751e8b465ee728b)
Start importing Assets/Prefabs/Hook.prefab using Guid(b381201dfe139bf45bfd931441c6ad21) Importer(815301076,1909f56bfc062723c751e8b465ee728b)  -> (artifact id: '982f6a991a2c0986c7a542c2310c5c74') in 0.174284 seconds
  Import took 0.181564 seconds .

========================================================================
Received Import Request.
  Time since last request: 8.537926 seconds.
  path: Assets/Prefabs/Hook.prefab
  artifactKey: Guid(b381201dfe139bf45bfd931441c6ad21) Importer(815301076,1909f56bfc062723c751e8b465ee728b)
Start importing Assets/Prefabs/Hook.prefab using Guid(b381201dfe139bf45bfd931441c6ad21) Importer(815301076,1909f56bfc062723c751e8b465ee728b)  -> (artifact id: 'ce0345750dbbda86bffd0b032fec2d54') in 0.016424 seconds
  Import took 0.034157 seconds .

========================================================================
Received Import Request.
  Time since last request: 3.298413 seconds.
  path: Assets/Prefabs/Hook.prefab
  artifactKey: Guid(b381201dfe139bf45bfd931441c6ad21) Importer(815301076,1909f56bfc062723c751e8b465ee728b)
Start importing Assets/Prefabs/Hook.prefab using Guid(b381201dfe139bf45bfd931441c6ad21) Importer(815301076,1909f56bfc062723c751e8b465ee728b)  -> (artifact id: '391d34032b2d95a04b1b8f192290139d') in 0.018458 seconds
  Import took 0.025811 seconds .

========================================================================
Received Prepare
Registering precompiled user dll's ...
Registered in 0.002531 seconds.
Begin MonoManager ReloadAssembly
Native extension for WindowsStandalone target not found
Native extension for WebGL target not found
Refreshing native plugins compatible for Editor in 0.75 ms, found 1 plugins.
Preloading 0 native plugins for Editor in 0.00 ms.
Invoked RoslynAnalysisRunner static constructor.
RoslynAnalysisRunner will not be running.
RoslynAnalysisRunner has terminated.
Mono: successfully reloaded assembly
- Completed reload, in  1.250 seconds
Platform modules already initialized, skipping
Shader 'Universal Render Pipeline/Particles/Lit': fallback shader 'Universal Render Pipeline/Particles/SimpleLit' not found
Refreshing native plugins compatible for Editor in 0.77 ms, found 1 plugins.
Preloading 0 native plugins for Editor in 0.00 ms.
Unloading 3032 Unused Serialized files (Serialized files now loaded: 0)
System memory in use before: 138.0 MB.
System memory in use after: 138.2 MB.

Unloading 9 unused Assets to reduce memory usage. Loaded Objects now: 3695.
Total: 5.261100 ms (FindLiveObjects: 0.465400 ms CreateObjectMapping: 0.331100 ms MarkObjects: 4.438700 ms  DeleteObjects: 0.024300 ms)

========================================================================
Received Import Request.
  Time since last request: 42.998584 seconds.
  path: Assets/Prefabs/Hook.prefab
  artifactKey: Guid(b381201dfe139bf45bfd931441c6ad21) Importer(815301076,1909f56bfc062723c751e8b465ee728b)
Start importing Assets/Prefabs/Hook.prefab using Guid(b381201dfe139bf45bfd931441c6ad21) Importer(815301076,1909f56bfc062723c751e8b465ee728b)  -> (artifact id: 'fd856f4a89b79fd46f81eec530bf34c2') in 0.191335 seconds
  Import took 0.210770 seconds .

========================================================================
Received Import Request.
  Time since last request: 0.002366 seconds.
  path: Assets/Prefabs/Hook.prefab
  artifactKey: Guid(b381201dfe139bf45bfd931441c6ad21) Importer(815301076,1909f56bfc062723c751e8b465ee728b)
Start importing Assets/Prefabs/Hook.prefab using Guid(b381201dfe139bf45bfd931441c6ad21) Importer(815301076,1909f56bfc062723c751e8b465ee728b)  -> (artifact id: 'fd856f4a89b79fd46f81eec530bf34c2') in 0.011910 seconds
  Import took 0.018291 seconds .

========================================================================
Received Import Request.
  Time since last request: 2.340061 seconds.
  path: Assets/Prefabs/Hook.prefab
  artifactKey: Guid(b381201dfe139bf45bfd931441c6ad21) Importer(815301076,1909f56bfc062723c751e8b465ee728b)
Start importing Assets/Prefabs/Hook.prefab using Guid(b381201dfe139bf45bfd931441c6ad21) Importer(815301076,1909f56bfc062723c751e8b465ee728b)  -> (artifact id: 'd5c3db187cabe1ed43cfdebf34076a73') in 0.009805 seconds
  Import took 0.016837 seconds .

AssetImportWorkerClient::OnTransportError - code=2 error=End of file
