Using pre-set license
Built from '2020.3/staging' branch; Version is '2020.3.0f1 (c7b5465681fb) revision 13088070'; Using compiler version '192528614'; Build Type 'Release'
OS: 'Windows 10 Home; OS build 19042.1237; Version 2009; 64bit' Language: 'sv' Physical Memory: 8132 MB
BatchMode: 1, IsHumanControllingUs: 0, StartBugReporterOnCrash: 0, Is64bit: 1, IsPro: 0

 COMMAND LINE ARGUMENTS:
D:\Unity\Unity Engine\2020.3.0f1\Editor\Unity.exe
-adb2
-batchMode
-noUpm
-name
AssetImportWorker0
-projectPath
D:/GitHub/INCANTATION_GAME/INCANTATION
-logFile
Logs/AssetImportWorker0.log
-srvPort
49897
Successfully changed project path to: D:/GitHub/INCANTATION_GAME/INCANTATION
D:/GitHub/INCANTATION_GAME/INCANTATION
Using Asset Import Pipeline V2.
Refreshing native plugins compatible for Editor in 78.49 ms, found 1 plugins.
Preloading 0 native plugins for Editor in 0.00 ms.
Initialize engine version: 2020.3.0f1 (c7b5465681fb)
[Subsystems] Discovering subsystems at path D:/Unity/Unity Engine/2020.3.0f1/Editor/Data/Resources/UnitySubsystems
[Subsystems] Discovering subsystems at path D:/GitHub/INCANTATION_GAME/INCANTATION/Assets
GfxDevice: creating device client; threaded=0
Direct3D:
    Version:  Direct3D 11.0 [level 11.1]
    Renderer: NVIDIA GeForce GTX 970 (ID=0x13c2)
    Vendor:   
    VRAM:     4043 MB
    Driver:   27.21.14.6611
Shader 'Universal Render Pipeline/Particles/Lit': fallback shader 'Universal Render Pipeline/Particles/SimpleLit' not found
Initialize mono
Mono path[0] = 'D:/Unity/Unity Engine/2020.3.0f1/Editor/Data/Managed'
Mono path[1] = 'D:/Unity/Unity Engine/2020.3.0f1/Editor/Data/MonoBleedingEdge/lib/mono/unityjit'
Mono config path = 'D:/Unity/Unity Engine/2020.3.0f1/Editor/Data/MonoBleedingEdge/etc'
Using monoOptions --debugger-agent=transport=dt_socket,embedding=1,server=y,suspend=n,address=127.0.0.1:56260
Begin MonoManager ReloadAssembly
Registering precompiled unity dll's ...
Register platform support module: D:/Unity/Unity Engine/2020.3.0f1/Editor/Data/PlaybackEngines/WebGLSupport/UnityEditor.WebGL.Extensions.dll
Register platform support module: D:/Unity/Unity Engine/2020.3.0f1/Editor/Data/PlaybackEngines/WindowsStandaloneSupport/UnityEditor.WindowsStandalone.Extensions.dll
Registered in 0.001220 seconds.
Native extension for WindowsStandalone target not found
Native extension for WebGL target not found
Refreshing native plugins compatible for Editor in 73.14 ms, found 1 plugins.
Preloading 0 native plugins for Editor in 0.00 ms.
Invoked RoslynAnalysisRunner static constructor.
RoslynAnalysisRunner will not be running.
RoslynAnalysisRunner has terminated.
Mono: successfully reloaded assembly
- Completed reload, in  1.633 seconds
Platform modules already initialized, skipping
Registering precompiled user dll's ...
Registered in 0.002987 seconds.
Begin MonoManager ReloadAssembly
Native extension for WindowsStandalone target not found
Native extension for WebGL target not found
Refreshing native plugins compatible for Editor in 76.22 ms, found 1 plugins.
Preloading 0 native plugins for Editor in 0.00 ms.
Invoked RoslynAnalysisRunner static constructor.
RoslynAnalysisRunner will not be running.
RoslynAnalysisRunner has terminated.
Mono: successfully reloaded assembly
- Completed reload, in  1.256 seconds
Platform modules already initialized, skipping
========================================================================
Worker process is ready to serve import requests
Shader 'Universal Render Pipeline/Particles/Lit': fallback shader 'Universal Render Pipeline/Particles/SimpleLit' not found
Launched and connected shader compiler UnityShaderCompiler.exe after 0.12 seconds
Refreshing native plugins compatible for Editor in 0.97 ms, found 1 plugins.
Preloading 0 native plugins for Editor in 0.00 ms.
Unloading 4095 Unused Serialized files (Serialized files now loaded: 0)
System memory in use before: 167.9 MB.
System memory in use after: 168.2 MB.

Unloading 41 unused Assets to reduce memory usage. Loaded Objects now: 4529.
Total: 3.940000 ms (FindLiveObjects: 0.361200 ms CreateObjectMapping: 0.183200 ms MarkObjects: 3.251800 ms  DeleteObjects: 0.142200 ms)

========================================================================
Received Import Request.
  path: Assets/Scripts/Utility
  artifactKey: Guid(6dfa6c009ddc8f547b3f51e5b8eadaf2) Importer(815301076,1909f56bfc062723c751e8b465ee728b)
Start importing Assets/Scripts/Utility using Guid(6dfa6c009ddc8f547b3f51e5b8eadaf2) Importer(815301076,1909f56bfc062723c751e8b465ee728b)  -> (artifact id: 'e90abaf7766cd8403ef196c38307a19f') in 0.031742 seconds
  Import took 0.050472 seconds .

========================================================================
Received Prepare
Registering precompiled user dll's ...
Registered in 0.003144 seconds.
Begin MonoManager ReloadAssembly
Native extension for WindowsStandalone target not found
Native extension for WebGL target not found
Refreshing native plugins compatible for Editor in 0.81 ms, found 1 plugins.
Preloading 0 native plugins for Editor in 0.00 ms.
Invoked RoslynAnalysisRunner static constructor.
RoslynAnalysisRunner will not be running.
RoslynAnalysisRunner has terminated.
Mono: successfully reloaded assembly
- Completed reload, in  1.086 seconds
Platform modules already initialized, skipping
Shader 'Universal Render Pipeline/Particles/Lit': fallback shader 'Universal Render Pipeline/Particles/SimpleLit' not found
Refreshing native plugins compatible for Editor in 0.90 ms, found 1 plugins.
Preloading 0 native plugins for Editor in 0.00 ms.
Unloading 3930 Unused Serialized files (Serialized files now loaded: 0)
System memory in use before: 159.9 MB.
System memory in use after: 160.2 MB.

Unloading 13 unused Assets to reduce memory usage. Loaded Objects now: 4534.
Total: 3.813000 ms (FindLiveObjects: 0.463600 ms CreateObjectMapping: 0.374400 ms MarkObjects: 2.942300 ms  DeleteObjects: 0.031400 ms)

========================================================================
Received Import Request.
  Time since last request: 19.122816 seconds.
  path: Assets/Scripts/Utility/Autocomplete.cs
  artifactKey: Guid(e4b77c79f2767f54bb0a732dcad88297) Importer(815301076,1909f56bfc062723c751e8b465ee728b)
Start importing Assets/Scripts/Utility/Autocomplete.cs using Guid(e4b77c79f2767f54bb0a732dcad88297) Importer(815301076,1909f56bfc062723c751e8b465ee728b)  -> (artifact id: '6f774dd9d4ffe15cfbf14199dd6e9137') in 0.100004 seconds
  Import took 0.136346 seconds .

========================================================================
Received Prepare
Registering precompiled user dll's ...
Registered in 0.106020 seconds.
Begin MonoManager ReloadAssembly
Native extension for WindowsStandalone target not found
Native extension for WebGL target not found
Refreshing native plugins compatible for Editor in 0.94 ms, found 1 plugins.
Preloading 0 native plugins for Editor in 0.00 ms.
Invoked RoslynAnalysisRunner static constructor.
RoslynAnalysisRunner will not be running.
RoslynAnalysisRunner has terminated.
Mono: successfully reloaded assembly
- Completed reload, in  1.459 seconds
Platform modules already initialized, skipping
Shader 'Universal Render Pipeline/Particles/Lit': fallback shader 'Universal Render Pipeline/Particles/SimpleLit' not found
Refreshing native plugins compatible for Editor in 0.95 ms, found 1 plugins.
Preloading 0 native plugins for Editor in 0.00 ms.
Unloading 3930 Unused Serialized files (Serialized files now loaded: 0)
System memory in use before: 160.0 MB.
System memory in use after: 160.3 MB.

Unloading 13 unused Assets to reduce memory usage. Loaded Objects now: 4538.
Total: 979.528300 ms (FindLiveObjects: 0.576600 ms CreateObjectMapping: 0.377300 ms MarkObjects: 978.533500 ms  DeleteObjects: 0.038900 ms)

========================================================================
Received Import Request.
  Time since last request: 5046.727878 seconds.
  path: Assets/Scripts/Utility/Autocomplete.cs
  artifactKey: Guid(e4b77c79f2767f54bb0a732dcad88297) Importer(815301076,1909f56bfc062723c751e8b465ee728b)
Start importing Assets/Scripts/Utility/Autocomplete.cs using Guid(e4b77c79f2767f54bb0a732dcad88297) Importer(815301076,1909f56bfc062723c751e8b465ee728b)  -> (artifact id: '7f67ab3ff22f407c213caf9479c84806') in 0.391911 seconds
  Import took 0.486084 seconds .

========================================================================
Received Import Request.
  Time since last request: 30.776549 seconds.
  path: Assets/Scripts/GameManagement/IncantationManager.cs
  artifactKey: Guid(32179cca6295b96418432c10da884c71) Importer(815301076,1909f56bfc062723c751e8b465ee728b)
Start importing Assets/Scripts/GameManagement/IncantationManager.cs using Guid(32179cca6295b96418432c10da884c71) Importer(815301076,1909f56bfc062723c751e8b465ee728b)  -> (artifact id: '9b1a18063fa29af31e55286cd8fcfae3') in 0.023435 seconds
  Import took 0.064371 seconds .

========================================================================
Received Prepare
Registering precompiled user dll's ...
Registered in 0.003321 seconds.
Begin MonoManager ReloadAssembly
Native extension for WindowsStandalone target not found
Native extension for WebGL target not found
Refreshing native plugins compatible for Editor in 0.87 ms, found 1 plugins.
Preloading 0 native plugins for Editor in 0.00 ms.
Invoked RoslynAnalysisRunner static constructor.
RoslynAnalysisRunner will not be running.
RoslynAnalysisRunner has terminated.
Mono: successfully reloaded assembly
- Completed reload, in  1.127 seconds
Platform modules already initialized, skipping
Shader 'Universal Render Pipeline/Particles/Lit': fallback shader 'Universal Render Pipeline/Particles/SimpleLit' not found
Refreshing native plugins compatible for Editor in 1.28 ms, found 1 plugins.
Preloading 0 native plugins for Editor in 0.00 ms.
Unloading 3930 Unused Serialized files (Serialized files now loaded: 0)
System memory in use before: 160.0 MB.
System memory in use after: 160.3 MB.

Unloading 13 unused Assets to reduce memory usage. Loaded Objects now: 4542.
Total: 3.377600 ms (FindLiveObjects: 0.359600 ms CreateObjectMapping: 0.180100 ms MarkObjects: 2.809200 ms  DeleteObjects: 0.027200 ms)

========================================================================
Received Import Request.
  Time since last request: 268.694989 seconds.
  path: Assets/Scripts/GameManagement/IncantationManager.cs
  artifactKey: Guid(32179cca6295b96418432c10da884c71) Importer(815301076,1909f56bfc062723c751e8b465ee728b)
Start importing Assets/Scripts/GameManagement/IncantationManager.cs using Guid(32179cca6295b96418432c10da884c71) Importer(815301076,1909f56bfc062723c751e8b465ee728b)  -> (artifact id: '726192de7702fae4aaecdcdadfc501cb') in 0.007118 seconds
  Import took 0.044975 seconds .

========================================================================
Received Prepare
Registering precompiled user dll's ...
Registered in 0.003348 seconds.
Begin MonoManager ReloadAssembly
Native extension for WindowsStandalone target not found
Native extension for WebGL target not found
Refreshing native plugins compatible for Editor in 0.94 ms, found 1 plugins.
Preloading 0 native plugins for Editor in 0.00 ms.
Invoked RoslynAnalysisRunner static constructor.
RoslynAnalysisRunner will not be running.
RoslynAnalysisRunner has terminated.
Mono: successfully reloaded assembly
- Completed reload, in  1.153 seconds
Platform modules already initialized, skipping
Shader 'Universal Render Pipeline/Particles/Lit': fallback shader 'Universal Render Pipeline/Particles/SimpleLit' not found
Refreshing native plugins compatible for Editor in 0.92 ms, found 1 plugins.
Preloading 0 native plugins for Editor in 0.00 ms.
Unloading 3930 Unused Serialized files (Serialized files now loaded: 0)
System memory in use before: 160.1 MB.
System memory in use after: 160.3 MB.

Unloading 13 unused Assets to reduce memory usage. Loaded Objects now: 4546.
Total: 4.323800 ms (FindLiveObjects: 0.479300 ms CreateObjectMapping: 0.382900 ms MarkObjects: 3.428600 ms  DeleteObjects: 0.031000 ms)

========================================================================
Received Prepare
Registering precompiled user dll's ...
Registered in 0.003157 seconds.
Begin MonoManager ReloadAssembly
Native extension for WindowsStandalone target not found
Native extension for WebGL target not found
Refreshing native plugins compatible for Editor in 0.86 ms, found 1 plugins.
Preloading 0 native plugins for Editor in 0.00 ms.
Invoked RoslynAnalysisRunner static constructor.
RoslynAnalysisRunner will not be running.
RoslynAnalysisRunner has terminated.
Mono: successfully reloaded assembly
- Completed reload, in  1.160 seconds
Platform modules already initialized, skipping
Shader 'Universal Render Pipeline/Particles/Lit': fallback shader 'Universal Render Pipeline/Particles/SimpleLit' not found
Refreshing native plugins compatible for Editor in 0.89 ms, found 1 plugins.
Preloading 0 native plugins for Editor in 0.00 ms.
Unloading 3930 Unused Serialized files (Serialized files now loaded: 0)
System memory in use before: 160.1 MB.
System memory in use after: 160.3 MB.

Unloading 13 unused Assets to reduce memory usage. Loaded Objects now: 4550.
Total: 3.105300 ms (FindLiveObjects: 0.355200 ms CreateObjectMapping: 0.172000 ms MarkObjects: 2.549200 ms  DeleteObjects: 0.028000 ms)

========================================================================
Received Prepare
Registering precompiled user dll's ...
Registered in 0.003455 seconds.
Begin MonoManager ReloadAssembly
Native extension for WindowsStandalone target not found
Native extension for WebGL target not found
Refreshing native plugins compatible for Editor in 0.83 ms, found 1 plugins.
Preloading 0 native plugins for Editor in 0.00 ms.
Invoked RoslynAnalysisRunner static constructor.
RoslynAnalysisRunner will not be running.
RoslynAnalysisRunner has terminated.
Mono: successfully reloaded assembly
- Completed reload, in  1.195 seconds
Platform modules already initialized, skipping
Shader 'Universal Render Pipeline/Particles/Lit': fallback shader 'Universal Render Pipeline/Particles/SimpleLit' not found
Refreshing native plugins compatible for Editor in 0.84 ms, found 1 plugins.
Preloading 0 native plugins for Editor in 0.00 ms.
Unloading 3930 Unused Serialized files (Serialized files now loaded: 0)
System memory in use before: 160.1 MB.
System memory in use after: 160.3 MB.

Unloading 13 unused Assets to reduce memory usage. Loaded Objects now: 4554.
Total: 3.360700 ms (FindLiveObjects: 0.395800 ms CreateObjectMapping: 0.176400 ms MarkObjects: 2.753700 ms  DeleteObjects: 0.032900 ms)

========================================================================
Received Prepare
Registering precompiled user dll's ...
Registered in 0.003563 seconds.
Begin MonoManager ReloadAssembly
Native extension for WindowsStandalone target not found
Native extension for WebGL target not found
Refreshing native plugins compatible for Editor in 0.86 ms, found 1 plugins.
Preloading 0 native plugins for Editor in 0.00 ms.
Invoked RoslynAnalysisRunner static constructor.
RoslynAnalysisRunner will not be running.
RoslynAnalysisRunner has terminated.
Mono: successfully reloaded assembly
- Completed reload, in  1.195 seconds
Platform modules already initialized, skipping
Shader 'Universal Render Pipeline/Particles/Lit': fallback shader 'Universal Render Pipeline/Particles/SimpleLit' not found
Refreshing native plugins compatible for Editor in 0.94 ms, found 1 plugins.
Preloading 0 native plugins for Editor in 0.00 ms.
Unloading 3930 Unused Serialized files (Serialized files now loaded: 0)
System memory in use before: 160.1 MB.
System memory in use after: 160.4 MB.

Unloading 13 unused Assets to reduce memory usage. Loaded Objects now: 4558.
Total: 3.564600 ms (FindLiveObjects: 0.387000 ms CreateObjectMapping: 0.178900 ms MarkObjects: 2.965600 ms  DeleteObjects: 0.031900 ms)

========================================================================
Received Prepare
Registering precompiled user dll's ...
Registered in 0.003172 seconds.
Begin MonoManager ReloadAssembly
Native extension for WindowsStandalone target not found
Native extension for WebGL target not found
Refreshing native plugins compatible for Editor in 0.86 ms, found 1 plugins.
Preloading 0 native plugins for Editor in 0.00 ms.
Invoked RoslynAnalysisRunner static constructor.
RoslynAnalysisRunner will not be running.
RoslynAnalysisRunner has terminated.
Mono: successfully reloaded assembly
- Completed reload, in  1.160 seconds
Platform modules already initialized, skipping
Shader 'Universal Render Pipeline/Particles/Lit': fallback shader 'Universal Render Pipeline/Particles/SimpleLit' not found
Refreshing native plugins compatible for Editor in 0.87 ms, found 1 plugins.
Preloading 0 native plugins for Editor in 0.00 ms.
Unloading 3930 Unused Serialized files (Serialized files now loaded: 0)
System memory in use before: 160.1 MB.
System memory in use after: 160.4 MB.

Unloading 13 unused Assets to reduce memory usage. Loaded Objects now: 4562.
Total: 3.416400 ms (FindLiveObjects: 0.413700 ms CreateObjectMapping: 0.271300 ms MarkObjects: 2.703600 ms  DeleteObjects: 0.026800 ms)

========================================================================
Received Import Request.
  Time since last request: 858.039339 seconds.
  path: Assets/Scripts/Utility/Autofill.cs
  artifactKey: Guid(8cd329efc8bc3a140adc648dc50370ea) Importer(815301076,1909f56bfc062723c751e8b465ee728b)
Start importing Assets/Scripts/Utility/Autofill.cs using Guid(8cd329efc8bc3a140adc648dc50370ea) Importer(815301076,1909f56bfc062723c751e8b465ee728b)  -> (artifact id: 'b81d6c9cbeea708d4d7c289f997fd471') in 0.016987 seconds
  Import took 0.164324 seconds .

========================================================================
Received Prepare
Registering precompiled user dll's ...
Registered in 0.003259 seconds.
Begin MonoManager ReloadAssembly
Native extension for WindowsStandalone target not found
Native extension for WebGL target not found
Refreshing native plugins compatible for Editor in 0.85 ms, found 1 plugins.
Preloading 0 native plugins for Editor in 0.00 ms.
Invoked RoslynAnalysisRunner static constructor.
RoslynAnalysisRunner will not be running.
RoslynAnalysisRunner has terminated.
Mono: successfully reloaded assembly
- Completed reload, in  1.252 seconds
Platform modules already initialized, skipping
Shader 'Universal Render Pipeline/Particles/Lit': fallback shader 'Universal Render Pipeline/Particles/SimpleLit' not found
Refreshing native plugins compatible for Editor in 0.89 ms, found 1 plugins.
Preloading 0 native plugins for Editor in 0.00 ms.
Unloading 3931 Unused Serialized files (Serialized files now loaded: 0)
System memory in use before: 160.1 MB.
System memory in use after: 160.4 MB.

Unloading 13 unused Assets to reduce memory usage. Loaded Objects now: 4567.
Total: 4.771600 ms (FindLiveObjects: 0.606700 ms CreateObjectMapping: 0.513900 ms MarkObjects: 3.623700 ms  DeleteObjects: 0.025300 ms)

========================================================================
Received Import Request.
  Time since last request: 5.217548 seconds.
  path: Assets/Scripts/Utility/Autocomplete.cs
  artifactKey: Guid(e4b77c79f2767f54bb0a732dcad88297) Importer(815301076,1909f56bfc062723c751e8b465ee728b)
Start importing Assets/Scripts/Utility/Autocomplete.cs using Guid(e4b77c79f2767f54bb0a732dcad88297) Importer(815301076,1909f56bfc062723c751e8b465ee728b)  -> (artifact id: '812d64fda99f3557e84eaa79f25165fd') in 0.013605 seconds
  Import took 0.181835 seconds .

========================================================================
Received Prepare
Registering precompiled user dll's ...
Registered in 0.003159 seconds.
Begin MonoManager ReloadAssembly
Native extension for WindowsStandalone target not found
Native extension for WebGL target not found
Refreshing native plugins compatible for Editor in 1.01 ms, found 1 plugins.
Preloading 0 native plugins for Editor in 0.00 ms.
Invoked RoslynAnalysisRunner static constructor.
RoslynAnalysisRunner will not be running.
RoslynAnalysisRunner has terminated.
Mono: successfully reloaded assembly
- Completed reload, in  1.157 seconds
Platform modules already initialized, skipping
Shader 'Universal Render Pipeline/Particles/Lit': fallback shader 'Universal Render Pipeline/Particles/SimpleLit' not found
Refreshing native plugins compatible for Editor in 1.63 ms, found 1 plugins.
Preloading 0 native plugins for Editor in 0.00 ms.
Unloading 3931 Unused Serialized files (Serialized files now loaded: 0)
System memory in use before: 160.2 MB.
System memory in use after: 160.4 MB.

Unloading 13 unused Assets to reduce memory usage. Loaded Objects now: 4571.
Total: 3.958700 ms (FindLiveObjects: 0.532400 ms CreateObjectMapping: 0.551600 ms MarkObjects: 2.849300 ms  DeleteObjects: 0.023400 ms)

========================================================================
Received Import Request.
  Time since last request: 202.443333 seconds.
  path: Assets/Scripts/Utility/Autofill.cs
  artifactKey: Guid(8cd329efc8bc3a140adc648dc50370ea) Importer(815301076,1909f56bfc062723c751e8b465ee728b)
Start importing Assets/Scripts/Utility/Autofill.cs using Guid(8cd329efc8bc3a140adc648dc50370ea) Importer(815301076,1909f56bfc062723c751e8b465ee728b)  -> (artifact id: 'c8512103d28ce8ab3dc126ee286333b6') in 0.006925 seconds
  Import took 0.046445 seconds .

========================================================================
Received Prepare
Registering precompiled user dll's ...
Registered in 0.003348 seconds.
Begin MonoManager ReloadAssembly
Native extension for WindowsStandalone target not found
Native extension for WebGL target not found
Refreshing native plugins compatible for Editor in 1.66 ms, found 1 plugins.
Preloading 0 native plugins for Editor in 0.00 ms.
Invoked RoslynAnalysisRunner static constructor.
RoslynAnalysisRunner will not be running.
RoslynAnalysisRunner has terminated.
Mono: successfully reloaded assembly
- Completed reload, in  1.175 seconds
Platform modules already initialized, skipping
Shader 'Universal Render Pipeline/Particles/Lit': fallback shader 'Universal Render Pipeline/Particles/SimpleLit' not found
Refreshing native plugins compatible for Editor in 0.88 ms, found 1 plugins.
Preloading 0 native plugins for Editor in 0.00 ms.
Unloading 3931 Unused Serialized files (Serialized files now loaded: 0)
System memory in use before: 160.2 MB.
System memory in use after: 160.4 MB.

Unloading 13 unused Assets to reduce memory usage. Loaded Objects now: 4575.
Total: 3.490400 ms (FindLiveObjects: 0.362000 ms CreateObjectMapping: 0.177300 ms MarkObjects: 2.924200 ms  DeleteObjects: 0.025400 ms)

========================================================================
Received Prepare
Registering precompiled user dll's ...
Registered in 0.003376 seconds.
Begin MonoManager ReloadAssembly
Native extension for WindowsStandalone target not found
Native extension for WebGL target not found
Refreshing native plugins compatible for Editor in 0.84 ms, found 1 plugins.
Preloading 0 native plugins for Editor in 0.00 ms.
Invoked RoslynAnalysisRunner static constructor.
RoslynAnalysisRunner will not be running.
RoslynAnalysisRunner has terminated.
Mono: successfully reloaded assembly
- Completed reload, in  1.155 seconds
Platform modules already initialized, skipping
Shader 'Universal Render Pipeline/Particles/Lit': fallback shader 'Universal Render Pipeline/Particles/SimpleLit' not found
Refreshing native plugins compatible for Editor in 0.85 ms, found 1 plugins.
Preloading 0 native plugins for Editor in 0.00 ms.
Unloading 3931 Unused Serialized files (Serialized files now loaded: 0)
System memory in use before: 160.2 MB.
System memory in use after: 160.4 MB.

Unloading 13 unused Assets to reduce memory usage. Loaded Objects now: 4579.
Total: 3.347900 ms (FindLiveObjects: 0.382000 ms CreateObjectMapping: 0.172400 ms MarkObjects: 2.763300 ms  DeleteObjects: 0.028600 ms)

========================================================================
Received Prepare
Registering precompiled user dll's ...
Registered in 0.004058 seconds.
Begin MonoManager ReloadAssembly
Native extension for WindowsStandalone target not found
Native extension for WebGL target not found
Refreshing native plugins compatible for Editor in 0.85 ms, found 1 plugins.
Preloading 0 native plugins for Editor in 0.00 ms.
Invoked RoslynAnalysisRunner static constructor.
RoslynAnalysisRunner will not be running.
RoslynAnalysisRunner has terminated.
Mono: successfully reloaded assembly
- Completed reload, in  1.456 seconds
Platform modules already initialized, skipping
Shader 'Universal Render Pipeline/Particles/Lit': fallback shader 'Universal Render Pipeline/Particles/SimpleLit' not found
Refreshing native plugins compatible for Editor in 1.22 ms, found 1 plugins.
Preloading 0 native plugins for Editor in 0.00 ms.
Unloading 3931 Unused Serialized files (Serialized files now loaded: 0)
System memory in use before: 160.2 MB.
System memory in use after: 160.4 MB.

Unloading 13 unused Assets to reduce memory usage. Loaded Objects now: 4583.
Total: 5.571000 ms (FindLiveObjects: 0.663600 ms CreateObjectMapping: 0.478600 ms MarkObjects: 4.390500 ms  DeleteObjects: 0.036500 ms)

========================================================================
Received Prepare
Registering precompiled user dll's ...
Registered in 0.003385 seconds.
Begin MonoManager ReloadAssembly
Native extension for WindowsStandalone target not found
Native extension for WebGL target not found
Refreshing native plugins compatible for Editor in 0.89 ms, found 1 plugins.
Preloading 0 native plugins for Editor in 0.00 ms.
Invoked RoslynAnalysisRunner static constructor.
RoslynAnalysisRunner will not be running.
RoslynAnalysisRunner has terminated.
Mono: successfully reloaded assembly
- Completed reload, in  1.190 seconds
Platform modules already initialized, skipping
Shader 'Universal Render Pipeline/Particles/Lit': fallback shader 'Universal Render Pipeline/Particles/SimpleLit' not found
Refreshing native plugins compatible for Editor in 0.86 ms, found 1 plugins.
Preloading 0 native plugins for Editor in 0.00 ms.
Unloading 3931 Unused Serialized files (Serialized files now loaded: 0)
System memory in use before: 160.2 MB.
System memory in use after: 160.4 MB.

Unloading 13 unused Assets to reduce memory usage. Loaded Objects now: 4587.
Total: 3.065600 ms (FindLiveObjects: 0.354300 ms CreateObjectMapping: 0.169300 ms MarkObjects: 2.517100 ms  DeleteObjects: 0.023300 ms)

========================================================================
Received Prepare
Registering precompiled user dll's ...
Registered in 0.003298 seconds.
Begin MonoManager ReloadAssembly
Native extension for WindowsStandalone target not found
Native extension for WebGL target not found
Refreshing native plugins compatible for Editor in 0.88 ms, found 1 plugins.
Preloading 0 native plugins for Editor in 0.00 ms.
Invoked RoslynAnalysisRunner static constructor.
RoslynAnalysisRunner will not be running.
RoslynAnalysisRunner has terminated.
Mono: successfully reloaded assembly
- Completed reload, in  1.214 seconds
Platform modules already initialized, skipping
Shader 'Universal Render Pipeline/Particles/Lit': fallback shader 'Universal Render Pipeline/Particles/SimpleLit' not found
Refreshing native plugins compatible for Editor in 0.84 ms, found 1 plugins.
Preloading 0 native plugins for Editor in 0.00 ms.
Unloading 3931 Unused Serialized files (Serialized files now loaded: 0)
System memory in use before: 160.2 MB.
System memory in use after: 160.5 MB.

Unloading 13 unused Assets to reduce memory usage. Loaded Objects now: 4591.
Total: 3.461300 ms (FindLiveObjects: 0.369000 ms CreateObjectMapping: 0.181600 ms MarkObjects: 2.881700 ms  DeleteObjects: 0.027700 ms)

========================================================================
Received Prepare
Registering precompiled user dll's ...
Registered in 0.003123 seconds.
Begin MonoManager ReloadAssembly
Native extension for WindowsStandalone target not found
Native extension for WebGL target not found
Refreshing native plugins compatible for Editor in 0.81 ms, found 1 plugins.
Preloading 0 native plugins for Editor in 0.00 ms.
Invoked RoslynAnalysisRunner static constructor.
RoslynAnalysisRunner will not be running.
RoslynAnalysisRunner has terminated.
Mono: successfully reloaded assembly
- Completed reload, in  1.127 seconds
Platform modules already initialized, skipping
Shader 'Universal Render Pipeline/Particles/Lit': fallback shader 'Universal Render Pipeline/Particles/SimpleLit' not found
Refreshing native plugins compatible for Editor in 0.86 ms, found 1 plugins.
Preloading 0 native plugins for Editor in 0.00 ms.
Unloading 3931 Unused Serialized files (Serialized files now loaded: 0)
System memory in use before: 160.2 MB.
System memory in use after: 160.5 MB.

Unloading 13 unused Assets to reduce memory usage. Loaded Objects now: 4595.
Total: 4.004400 ms (FindLiveObjects: 0.509100 ms CreateObjectMapping: 0.422700 ms MarkObjects: 3.033800 ms  DeleteObjects: 0.037200 ms)

========================================================================
Received Prepare
Registering precompiled user dll's ...
Registered in 0.003092 seconds.
Begin MonoManager ReloadAssembly
Native extension for WindowsStandalone target not found
Native extension for WebGL target not found
Refreshing native plugins compatible for Editor in 0.84 ms, found 1 plugins.
Preloading 0 native plugins for Editor in 0.00 ms.
Invoked RoslynAnalysisRunner static constructor.
RoslynAnalysisRunner will not be running.
RoslynAnalysisRunner has terminated.
Mono: successfully reloaded assembly
- Completed reload, in  1.162 seconds
Platform modules already initialized, skipping
Shader 'Universal Render Pipeline/Particles/Lit': fallback shader 'Universal Render Pipeline/Particles/SimpleLit' not found
Refreshing native plugins compatible for Editor in 0.85 ms, found 1 plugins.
Preloading 0 native plugins for Editor in 0.00 ms.
Unloading 3931 Unused Serialized files (Serialized files now loaded: 0)
System memory in use before: 160.2 MB.
System memory in use after: 160.5 MB.

Unloading 13 unused Assets to reduce memory usage. Loaded Objects now: 4599.
Total: 3.574300 ms (FindLiveObjects: 0.379800 ms CreateObjectMapping: 0.172700 ms MarkObjects: 2.995600 ms  DeleteObjects: 0.024700 ms)

========================================================================
Received Prepare
Registering precompiled user dll's ...
Registered in 0.003050 seconds.
Begin MonoManager ReloadAssembly
Native extension for WindowsStandalone target not found
Native extension for WebGL target not found
Refreshing native plugins compatible for Editor in 0.98 ms, found 1 plugins.
Preloading 0 native plugins for Editor in 0.00 ms.
Invoked RoslynAnalysisRunner static constructor.
RoslynAnalysisRunner will not be running.
RoslynAnalysisRunner has terminated.
Mono: successfully reloaded assembly
- Completed reload, in  1.127 seconds
Platform modules already initialized, skipping
Shader 'Universal Render Pipeline/Particles/Lit': fallback shader 'Universal Render Pipeline/Particles/SimpleLit' not found
Refreshing native plugins compatible for Editor in 0.85 ms, found 1 plugins.
Preloading 0 native plugins for Editor in 0.00 ms.
Unloading 3931 Unused Serialized files (Serialized files now loaded: 0)
System memory in use before: 160.2 MB.
System memory in use after: 160.5 MB.

Unloading 13 unused Assets to reduce memory usage. Loaded Objects now: 4603.
Total: 3.312800 ms (FindLiveObjects: 0.361700 ms CreateObjectMapping: 0.174100 ms MarkObjects: 2.751800 ms  DeleteObjects: 0.024000 ms)

========================================================================
Received Import Request.
  Time since last request: 1324.740458 seconds.
  path: Assets/Prefabs/IncantationSuggestion.prefab
  artifactKey: Guid(66719a5c4ea35d44cb92b12ddccb7e4d) Importer(815301076,1909f56bfc062723c751e8b465ee728b)
Start importing Assets/Prefabs/IncantationSuggestion.prefab using Guid(66719a5c4ea35d44cb92b12ddccb7e4d) Importer(815301076,1909f56bfc062723c751e8b465ee728b)  -> (artifact id: '87f5f860aba1bbef8a26a948d8adb338') in 0.112407 seconds
  Import took 1.939853 seconds .

========================================================================
Received Import Request.
  Time since last request: 0.181231 seconds.
  path: Assets/Prefabs/IncantationSuggestionText.prefab
  artifactKey: Guid(66719a5c4ea35d44cb92b12ddccb7e4d) Importer(815301076,1909f56bfc062723c751e8b465ee728b)
Start importing Assets/Prefabs/IncantationSuggestionText.prefab using Guid(66719a5c4ea35d44cb92b12ddccb7e4d) Importer(815301076,1909f56bfc062723c751e8b465ee728b)  -> (artifact id: '9f05eb908b3b6055abd35f5e2bf63684') in 0.011812 seconds
  Import took 0.124022 seconds .

========================================================================
Received Prepare
Registering precompiled user dll's ...
Registered in 0.003389 seconds.
Begin MonoManager ReloadAssembly
Native extension for WindowsStandalone target not found
Native extension for WebGL target not found
Refreshing native plugins compatible for Editor in 1.10 ms, found 1 plugins.
Preloading 0 native plugins for Editor in 0.00 ms.
Invoked RoslynAnalysisRunner static constructor.
RoslynAnalysisRunner will not be running.
RoslynAnalysisRunner has terminated.
Mono: successfully reloaded assembly
- Completed reload, in  1.078 seconds
Platform modules already initialized, skipping
Shader 'Universal Render Pipeline/Particles/Lit': fallback shader 'Universal Render Pipeline/Particles/SimpleLit' not found
Refreshing native plugins compatible for Editor in 0.99 ms, found 1 plugins.
Preloading 0 native plugins for Editor in 0.00 ms.
Unloading 3931 Unused Serialized files (Serialized files now loaded: 0)
System memory in use before: 160.3 MB.
System memory in use after: 160.5 MB.

Unloading 13 unused Assets to reduce memory usage. Loaded Objects now: 4607.
Total: 3.503700 ms (FindLiveObjects: 0.391700 ms CreateObjectMapping: 0.191500 ms MarkObjects: 2.895000 ms  DeleteObjects: 0.023800 ms)

========================================================================
Received Import Request.
  Time since last request: 55.219847 seconds.
  path: Assets/Prefabs/IncantationSuggestionText.prefab
  artifactKey: Guid(66719a5c4ea35d44cb92b12ddccb7e4d) Importer(815301076,1909f56bfc062723c751e8b465ee728b)
Start importing Assets/Prefabs/IncantationSuggestionText.prefab using Guid(66719a5c4ea35d44cb92b12ddccb7e4d) Importer(815301076,1909f56bfc062723c751e8b465ee728b)  -> (artifact id: '278d562f2a0587649fba692bf1308982') in 0.035936 seconds
  Import took 0.053916 seconds .

========================================================================
Received Import Request.
  Time since last request: 0.060990 seconds.
  path: Assets/Prefabs/IncantationSuggestionText.prefab
  artifactKey: Guid(66719a5c4ea35d44cb92b12ddccb7e4d) Importer(815301076,1909f56bfc062723c751e8b465ee728b)
Start importing Assets/Prefabs/IncantationSuggestionText.prefab using Guid(66719a5c4ea35d44cb92b12ddccb7e4d) Importer(815301076,1909f56bfc062723c751e8b465ee728b)  -> (artifact id: '278d562f2a0587649fba692bf1308982') in 0.005286 seconds
  Import took 0.025038 seconds .

========================================================================
Received Prepare
Registering precompiled user dll's ...
Registered in 0.003280 seconds.
Begin MonoManager ReloadAssembly
Native extension for WindowsStandalone target not found
Native extension for WebGL target not found
Refreshing native plugins compatible for Editor in 0.88 ms, found 1 plugins.
Preloading 0 native plugins for Editor in 0.00 ms.
Invoked RoslynAnalysisRunner static constructor.
RoslynAnalysisRunner will not be running.
RoslynAnalysisRunner has terminated.
Mono: successfully reloaded assembly
- Completed reload, in  1.137 seconds
Platform modules already initialized, skipping
Shader 'Universal Render Pipeline/Particles/Lit': fallback shader 'Universal Render Pipeline/Particles/SimpleLit' not found
Refreshing native plugins compatible for Editor in 0.87 ms, found 1 plugins.
Preloading 0 native plugins for Editor in 0.00 ms.
Unloading 3931 Unused Serialized files (Serialized files now loaded: 0)
System memory in use before: 160.3 MB.
System memory in use after: 160.5 MB.

Unloading 13 unused Assets to reduce memory usage. Loaded Objects now: 4611.
Total: 3.131500 ms (FindLiveObjects: 0.357700 ms CreateObjectMapping: 0.163700 ms MarkObjects: 2.579900 ms  DeleteObjects: 0.028900 ms)

========================================================================
Received Prepare
Registering precompiled user dll's ...
Registered in 0.003275 seconds.
Begin MonoManager ReloadAssembly
Native extension for WindowsStandalone target not found
Native extension for WebGL target not found
Refreshing native plugins compatible for Editor in 1.40 ms, found 1 plugins.
Preloading 0 native plugins for Editor in 0.00 ms.
Invoked RoslynAnalysisRunner static constructor.
RoslynAnalysisRunner will not be running.
RoslynAnalysisRunner has terminated.
Mono: successfully reloaded assembly
- Completed reload, in  1.505 seconds
Platform modules already initialized, skipping
Shader 'Universal Render Pipeline/Particles/Lit': fallback shader 'Universal Render Pipeline/Particles/SimpleLit' not found
Refreshing native plugins compatible for Editor in 1.06 ms, found 1 plugins.
Preloading 0 native plugins for Editor in 0.00 ms.
Unloading 3931 Unused Serialized files (Serialized files now loaded: 0)
System memory in use before: 160.3 MB.
System memory in use after: 160.5 MB.

Unloading 13 unused Assets to reduce memory usage. Loaded Objects now: 4615.
Total: 6.983000 ms (FindLiveObjects: 1.085700 ms CreateObjectMapping: 0.701300 ms MarkObjects: 5.173000 ms  DeleteObjects: 0.021400 ms)

========================================================================
Received Import Request.
  Time since last request: 23.524585 seconds.
  path: Assets/Prefabs/IncantationSuggestionText.prefab
  artifactKey: Guid(66719a5c4ea35d44cb92b12ddccb7e4d) Importer(815301076,1909f56bfc062723c751e8b465ee728b)
Start importing Assets/Prefabs/IncantationSuggestionText.prefab using Guid(66719a5c4ea35d44cb92b12ddccb7e4d) Importer(815301076,1909f56bfc062723c751e8b465ee728b)  -> (artifact id: 'd45af7eb8903fd73a46d4bf58f532c01') in 0.040015 seconds
  Import took 0.119892 seconds .

========================================================================
Received Prepare
Registering precompiled user dll's ...
Registered in 0.003126 seconds.
Begin MonoManager ReloadAssembly
Native extension for WindowsStandalone target not found
Native extension for WebGL target not found
Refreshing native plugins compatible for Editor in 0.85 ms, found 1 plugins.
Preloading 0 native plugins for Editor in 0.00 ms.
Invoked RoslynAnalysisRunner static constructor.
RoslynAnalysisRunner will not be running.
RoslynAnalysisRunner has terminated.
Mono: successfully reloaded assembly
- Completed reload, in  1.128 seconds
Platform modules already initialized, skipping
Shader 'Universal Render Pipeline/Particles/Lit': fallback shader 'Universal Render Pipeline/Particles/SimpleLit' not found
Refreshing native plugins compatible for Editor in 0.85 ms, found 1 plugins.
Preloading 0 native plugins for Editor in 0.00 ms.
Unloading 3931 Unused Serialized files (Serialized files now loaded: 0)
System memory in use before: 160.3 MB.
System memory in use after: 160.5 MB.

Unloading 13 unused Assets to reduce memory usage. Loaded Objects now: 4619.
Total: 3.532200 ms (FindLiveObjects: 0.375700 ms CreateObjectMapping: 0.323000 ms MarkObjects: 2.807500 ms  DeleteObjects: 0.024600 ms)

========================================================================
Received Prepare
Registering precompiled user dll's ...
Registered in 0.003689 seconds.
Begin MonoManager ReloadAssembly
Native extension for WindowsStandalone target not found
Native extension for WebGL target not found
Refreshing native plugins compatible for Editor in 1.20 ms, found 1 plugins.
Preloading 0 native plugins for Editor in 0.00 ms.
Invoked RoslynAnalysisRunner static constructor.
RoslynAnalysisRunner will not be running.
RoslynAnalysisRunner has terminated.
Mono: successfully reloaded assembly
- Completed reload, in  1.513 seconds
Platform modules already initialized, skipping
Shader 'Universal Render Pipeline/Particles/Lit': fallback shader 'Universal Render Pipeline/Particles/SimpleLit' not found
Refreshing native plugins compatible for Editor in 1.78 ms, found 1 plugins.
Preloading 0 native plugins for Editor in 0.00 ms.
Unloading 3931 Unused Serialized files (Serialized files now loaded: 0)
System memory in use before: 160.3 MB.
System memory in use after: 160.6 MB.

Unloading 13 unused Assets to reduce memory usage. Loaded Objects now: 4623.
Total: 5.999100 ms (FindLiveObjects: 0.620000 ms CreateObjectMapping: 0.801000 ms MarkObjects: 4.551500 ms  DeleteObjects: 0.024500 ms)

========================================================================
Received Import Request.
  Time since last request: 251.304948 seconds.
  path: Assets/Prefabs/IncantationSuggestionText.prefab
  artifactKey: Guid(66719a5c4ea35d44cb92b12ddccb7e4d) Importer(815301076,1909f56bfc062723c751e8b465ee728b)
Start importing Assets/Prefabs/IncantationSuggestionText.prefab using Guid(66719a5c4ea35d44cb92b12ddccb7e4d) Importer(815301076,1909f56bfc062723c751e8b465ee728b)  -> (artifact id: '710e51cd361e3b55b69ba8770f30922e') in 0.042041 seconds
  Import took 0.135153 seconds .

========================================================================
Received Import Request.
  Time since last request: 18.238108 seconds.
  path: Assets/Prefabs/IncantationSuggestionText.prefab
  artifactKey: Guid(66719a5c4ea35d44cb92b12ddccb7e4d) Importer(815301076,1909f56bfc062723c751e8b465ee728b)
Start importing Assets/Prefabs/IncantationSuggestionText.prefab using Guid(66719a5c4ea35d44cb92b12ddccb7e4d) Importer(815301076,1909f56bfc062723c751e8b465ee728b)  -> (artifact id: '14eb2ee534f097ad80a92b70841adf54') in 0.009973 seconds
  Import took 0.026524 seconds .

========================================================================
Received Import Request.
  Time since last request: 0.004170 seconds.
  path: Assets/Prefabs/IncantationSuggestionText.prefab
  artifactKey: Guid(66719a5c4ea35d44cb92b12ddccb7e4d) Importer(815301076,1909f56bfc062723c751e8b465ee728b)
Start importing Assets/Prefabs/IncantationSuggestionText.prefab using Guid(66719a5c4ea35d44cb92b12ddccb7e4d) Importer(815301076,1909f56bfc062723c751e8b465ee728b)  -> (artifact id: '14eb2ee534f097ad80a92b70841adf54') in 0.005567 seconds
  Import took 0.014402 seconds .

========================================================================
Received Import Request.
  Time since last request: 2.023796 seconds.
  path: Assets/Prefabs/IncantationSuggestionText.prefab
  artifactKey: Guid(66719a5c4ea35d44cb92b12ddccb7e4d) Importer(815301076,1909f56bfc062723c751e8b465ee728b)
Start importing Assets/Prefabs/IncantationSuggestionText.prefab using Guid(66719a5c4ea35d44cb92b12ddccb7e4d) Importer(815301076,1909f56bfc062723c751e8b465ee728b)  -> (artifact id: '4f835824f70236dae982adf03d4d95b2') in 0.005036 seconds
  Import took 0.013679 seconds .

========================================================================
Received Import Request.
  Time since last request: 140.955182 seconds.
  path: Assets/Prefabs/IncantationSuggestionText.prefab
  artifactKey: Guid(66719a5c4ea35d44cb92b12ddccb7e4d) Importer(815301076,1909f56bfc062723c751e8b465ee728b)
Start importing Assets/Prefabs/IncantationSuggestionText.prefab using Guid(66719a5c4ea35d44cb92b12ddccb7e4d) Importer(815301076,1909f56bfc062723c751e8b465ee728b)  -> (artifact id: '48a4a257d3aa50fbc41e650eff166ecc') in 0.006830 seconds
  Import took 0.030055 seconds .

========================================================================
Received Prepare
Registering precompiled user dll's ...
Registered in 0.003103 seconds.
Begin MonoManager ReloadAssembly
Native extension for WindowsStandalone target not found
Native extension for WebGL target not found
Refreshing native plugins compatible for Editor in 1.07 ms, found 1 plugins.
Preloading 0 native plugins for Editor in 0.00 ms.
Invoked RoslynAnalysisRunner static constructor.
RoslynAnalysisRunner will not be running.
RoslynAnalysisRunner has terminated.
Mono: successfully reloaded assembly
- Completed reload, in  1.421 seconds
Platform modules already initialized, skipping
Shader 'Universal Render Pipeline/Particles/Lit': fallback shader 'Universal Render Pipeline/Particles/SimpleLit' not found
Refreshing native plugins compatible for Editor in 1.41 ms, found 1 plugins.
Preloading 0 native plugins for Editor in 0.00 ms.
Unloading 3931 Unused Serialized files (Serialized files now loaded: 0)
System memory in use before: 160.3 MB.
System memory in use after: 160.6 MB.

Unloading 13 unused Assets to reduce memory usage. Loaded Objects now: 4627.
Total: 5.700100 ms (FindLiveObjects: 0.630800 ms CreateObjectMapping: 0.599200 ms MarkObjects: 4.445900 ms  DeleteObjects: 0.022400 ms)

========================================================================
Received Import Request.
  Time since last request: 11.990232 seconds.
  path: Assets/Prefabs/IncantationSuggestionText.prefab
  artifactKey: Guid(66719a5c4ea35d44cb92b12ddccb7e4d) Importer(815301076,1909f56bfc062723c751e8b465ee728b)
Start importing Assets/Prefabs/IncantationSuggestionText.prefab using Guid(66719a5c4ea35d44cb92b12ddccb7e4d) Importer(815301076,1909f56bfc062723c751e8b465ee728b)  -> (artifact id: '2dc161c842303d1a109d27a786eaf9cc') in 0.044311 seconds
  Import took 0.077166 seconds .

========================================================================
Received Import Request.
  Time since last request: 66.893607 seconds.
  path: Assets/Prefabs/IncantationSuggestionText.prefab
  artifactKey: Guid(66719a5c4ea35d44cb92b12ddccb7e4d) Importer(815301076,1909f56bfc062723c751e8b465ee728b)
Start importing Assets/Prefabs/IncantationSuggestionText.prefab using Guid(66719a5c4ea35d44cb92b12ddccb7e4d) Importer(815301076,1909f56bfc062723c751e8b465ee728b)  -> (artifact id: '403c809ec94997275299613d22b8c844') in 0.006392 seconds
  Import took 0.025153 seconds .

========================================================================
Received Import Request.
  Time since last request: 0.001538 seconds.
  path: Assets/Prefabs/IncantationSuggestionText.prefab
  artifactKey: Guid(66719a5c4ea35d44cb92b12ddccb7e4d) Importer(815301076,1909f56bfc062723c751e8b465ee728b)
Start importing Assets/Prefabs/IncantationSuggestionText.prefab using Guid(66719a5c4ea35d44cb92b12ddccb7e4d) Importer(815301076,1909f56bfc062723c751e8b465ee728b)  -> (artifact id: '403c809ec94997275299613d22b8c844') in 0.004248 seconds
  Import took 0.011731 seconds .

========================================================================
Received Prepare
Registering precompiled user dll's ...
Registered in 0.003049 seconds.
Begin MonoManager ReloadAssembly
Native extension for WindowsStandalone target not found
Native extension for WebGL target not found
Refreshing native plugins compatible for Editor in 1.01 ms, found 1 plugins.
Preloading 0 native plugins for Editor in 0.00 ms.
Invoked RoslynAnalysisRunner static constructor.
RoslynAnalysisRunner will not be running.
RoslynAnalysisRunner has terminated.
Mono: successfully reloaded assembly
- Completed reload, in  1.474 seconds
Platform modules already initialized, skipping
Shader 'Universal Render Pipeline/Particles/Lit': fallback shader 'Universal Render Pipeline/Particles/SimpleLit' not found
Refreshing native plugins compatible for Editor in 1.25 ms, found 1 plugins.
Preloading 0 native plugins for Editor in 0.00 ms.
Unloading 3931 Unused Serialized files (Serialized files now loaded: 0)
System memory in use before: 160.3 MB.
System memory in use after: 160.6 MB.

Unloading 13 unused Assets to reduce memory usage. Loaded Objects now: 4631.
Total: 4.339900 ms (FindLiveObjects: 0.555100 ms CreateObjectMapping: 0.433900 ms MarkObjects: 3.329000 ms  DeleteObjects: 0.019900 ms)

========================================================================
Received Import Request.
  Time since last request: 9.129334 seconds.
  path: Assets/Prefabs/IncantationSuggestionText.prefab
  artifactKey: Guid(66719a5c4ea35d44cb92b12ddccb7e4d) Importer(815301076,1909f56bfc062723c751e8b465ee728b)
Start importing Assets/Prefabs/IncantationSuggestionText.prefab using Guid(66719a5c4ea35d44cb92b12ddccb7e4d) Importer(815301076,1909f56bfc062723c751e8b465ee728b)  -> (artifact id: 'b6208e9fb5eb5674043487a100f44536') in 0.040125 seconds
  Import took 0.065494 seconds .

========================================================================
Received Prepare
Registering precompiled user dll's ...
Registered in 0.003250 seconds.
Begin MonoManager ReloadAssembly
Native extension for WindowsStandalone target not found
Native extension for WebGL target not found
Refreshing native plugins compatible for Editor in 0.87 ms, found 1 plugins.
Preloading 0 native plugins for Editor in 0.00 ms.
Invoked RoslynAnalysisRunner static constructor.
RoslynAnalysisRunner will not be running.
RoslynAnalysisRunner has terminated.
Mono: successfully reloaded assembly
- Completed reload, in  1.168 seconds
Platform modules already initialized, skipping
Shader 'Universal Render Pipeline/Particles/Lit': fallback shader 'Universal Render Pipeline/Particles/SimpleLit' not found
Refreshing native plugins compatible for Editor in 0.86 ms, found 1 plugins.
Preloading 0 native plugins for Editor in 0.00 ms.
Unloading 3931 Unused Serialized files (Serialized files now loaded: 0)
System memory in use before: 160.3 MB.
System memory in use after: 160.6 MB.

Unloading 13 unused Assets to reduce memory usage. Loaded Objects now: 4635.
Total: 3.133500 ms (FindLiveObjects: 0.373300 ms CreateObjectMapping: 0.159700 ms MarkObjects: 2.564500 ms  DeleteObjects: 0.035200 ms)

========================================================================
Received Import Request.
  Time since last request: 253.222569 seconds.
  path: Assets/Scripts/GameManagement/GameManager.cs
  artifactKey: Guid(579b7ca2ed116084d8e6af1b80b20177) Importer(815301076,1909f56bfc062723c751e8b465ee728b)
Start importing Assets/Scripts/GameManagement/GameManager.cs using Guid(579b7ca2ed116084d8e6af1b80b20177) Importer(815301076,1909f56bfc062723c751e8b465ee728b)  -> (artifact id: '0dff069f001ec33ae5fafb77a3819984') in 0.018282 seconds
  Import took 0.182586 seconds .

========================================================================
Received Prepare
Registering precompiled user dll's ...
Registered in 0.003273 seconds.
Begin MonoManager ReloadAssembly
Native extension for WindowsStandalone target not found
Native extension for WebGL target not found
Refreshing native plugins compatible for Editor in 0.83 ms, found 1 plugins.
Preloading 0 native plugins for Editor in 0.00 ms.
Invoked RoslynAnalysisRunner static constructor.
RoslynAnalysisRunner will not be running.
RoslynAnalysisRunner has terminated.
Mono: successfully reloaded assembly
- Completed reload, in  1.156 seconds
Platform modules already initialized, skipping
Shader 'Universal Render Pipeline/Particles/Lit': fallback shader 'Universal Render Pipeline/Particles/SimpleLit' not found
Refreshing native plugins compatible for Editor in 0.89 ms, found 1 plugins.
Preloading 0 native plugins for Editor in 0.00 ms.
Unloading 3931 Unused Serialized files (Serialized files now loaded: 0)
System memory in use before: 160.4 MB.
System memory in use after: 160.6 MB.

Unloading 13 unused Assets to reduce memory usage. Loaded Objects now: 4639.
Total: 4.208500 ms (FindLiveObjects: 0.543800 ms CreateObjectMapping: 0.406800 ms MarkObjects: 3.220400 ms  DeleteObjects: 0.033900 ms)

========================================================================
Received Import Request.
  Time since last request: 263.197633 seconds.
  path: Assets/Scripts/GameManagement/GameManager.cs
  artifactKey: Guid(579b7ca2ed116084d8e6af1b80b20177) Importer(815301076,1909f56bfc062723c751e8b465ee728b)
Start importing Assets/Scripts/GameManagement/GameManager.cs using Guid(579b7ca2ed116084d8e6af1b80b20177) Importer(815301076,1909f56bfc062723c751e8b465ee728b)  -> (artifact id: '14bea09051c9bcf0e3bedb8fc2df26d1') in 0.010132 seconds
  Import took 0.041455 seconds .

========================================================================
Received Import Request.
  Time since last request: 0.011084 seconds.
  path: Assets/Scripts/GameManagement/GameManager.cs
  artifactKey: Guid(579b7ca2ed116084d8e6af1b80b20177) Importer(815301076,1909f56bfc062723c751e8b465ee728b)
Start importing Assets/Scripts/GameManagement/GameManager.cs using Guid(579b7ca2ed116084d8e6af1b80b20177) Importer(815301076,1909f56bfc062723c751e8b465ee728b)  -> (artifact id: '14bea09051c9bcf0e3bedb8fc2df26d1') in 0.003549 seconds
  Import took 0.045574 seconds .

========================================================================
Received Prepare
Registering precompiled user dll's ...
Registered in 0.003993 seconds.
Begin MonoManager ReloadAssembly
Native extension for WindowsStandalone target not found
Native extension for WebGL target not found
Refreshing native plugins compatible for Editor in 1.07 ms, found 1 plugins.
Preloading 0 native plugins for Editor in 0.00 ms.
Invoked RoslynAnalysisRunner static constructor.
RoslynAnalysisRunner will not be running.
RoslynAnalysisRunner has terminated.
Mono: successfully reloaded assembly
- Completed reload, in  1.447 seconds
Platform modules already initialized, skipping
Shader 'Universal Render Pipeline/Particles/Lit': fallback shader 'Universal Render Pipeline/Particles/SimpleLit' not found
Refreshing native plugins compatible for Editor in 0.93 ms, found 1 plugins.
Preloading 0 native plugins for Editor in 0.00 ms.
Unloading 3931 Unused Serialized files (Serialized files now loaded: 0)
System memory in use before: 160.4 MB.
System memory in use after: 160.6 MB.

Unloading 13 unused Assets to reduce memory usage. Loaded Objects now: 4643.
Total: 4.100300 ms (FindLiveObjects: 0.396600 ms CreateObjectMapping: 0.184600 ms MarkObjects: 3.495600 ms  DeleteObjects: 0.022000 ms)

========================================================================
Received Prepare
Registering precompiled user dll's ...
Registered in 0.006660 seconds.
Begin MonoManager ReloadAssembly
Native extension for WindowsStandalone target not found
Native extension for WebGL target not found
Refreshing native plugins compatible for Editor in 0.86 ms, found 1 plugins.
Preloading 0 native plugins for Editor in 0.00 ms.
Invoked RoslynAnalysisRunner static constructor.
RoslynAnalysisRunner will not be running.
RoslynAnalysisRunner has terminated.
Mono: successfully reloaded assembly
- Completed reload, in  1.172 seconds
Platform modules already initialized, skipping
Shader 'Universal Render Pipeline/Particles/Lit': fallback shader 'Universal Render Pipeline/Particles/SimpleLit' not found
Refreshing native plugins compatible for Editor in 0.99 ms, found 1 plugins.
Preloading 0 native plugins for Editor in 0.00 ms.
Unloading 3931 Unused Serialized files (Serialized files now loaded: 0)
System memory in use before: 160.4 MB.
System memory in use after: 160.6 MB.

Unloading 13 unused Assets to reduce memory usage. Loaded Objects now: 4647.
Total: 4.262400 ms (FindLiveObjects: 0.500100 ms CreateObjectMapping: 0.414300 ms MarkObjects: 3.325100 ms  DeleteObjects: 0.021700 ms)

========================================================================
Received Prepare
Registering precompiled user dll's ...
Registered in 0.003138 seconds.
Begin MonoManager ReloadAssembly
Native extension for WindowsStandalone target not found
Native extension for WebGL target not found
Refreshing native plugins compatible for Editor in 0.89 ms, found 1 plugins.
Preloading 0 native plugins for Editor in 0.00 ms.
Invoked RoslynAnalysisRunner static constructor.
RoslynAnalysisRunner will not be running.
RoslynAnalysisRunner has terminated.
Mono: successfully reloaded assembly
- Completed reload, in  1.186 seconds
Platform modules already initialized, skipping
Shader 'Universal Render Pipeline/Particles/Lit': fallback shader 'Universal Render Pipeline/Particles/SimpleLit' not found
Refreshing native plugins compatible for Editor in 0.86 ms, found 1 plugins.
Preloading 0 native plugins for Editor in 0.00 ms.
Unloading 3931 Unused Serialized files (Serialized files now loaded: 0)
System memory in use before: 160.4 MB.
System memory in use after: 160.6 MB.

Unloading 13 unused Assets to reduce memory usage. Loaded Objects now: 4651.
Total: 3.546700 ms (FindLiveObjects: 0.571900 ms CreateObjectMapping: 0.167900 ms MarkObjects: 2.783600 ms  DeleteObjects: 0.022100 ms)

========================================================================
Received Prepare
Registering precompiled user dll's ...
Registered in 0.003242 seconds.
Begin MonoManager ReloadAssembly
Native extension for WindowsStandalone target not found
Native extension for WebGL target not found
Refreshing native plugins compatible for Editor in 1.20 ms, found 1 plugins.
Preloading 0 native plugins for Editor in 0.00 ms.
Invoked RoslynAnalysisRunner static constructor.
RoslynAnalysisRunner will not be running.
RoslynAnalysisRunner has terminated.
Mono: successfully reloaded assembly
- Completed reload, in  1.167 seconds
Platform modules already initialized, skipping
Shader 'Universal Render Pipeline/Particles/Lit': fallback shader 'Universal Render Pipeline/Particles/SimpleLit' not found
Refreshing native plugins compatible for Editor in 0.91 ms, found 1 plugins.
Preloading 0 native plugins for Editor in 0.00 ms.
Unloading 3931 Unused Serialized files (Serialized files now loaded: 0)
System memory in use before: 160.4 MB.
System memory in use after: 160.7 MB.

Unloading 13 unused Assets to reduce memory usage. Loaded Objects now: 4655.
Total: 3.546500 ms (FindLiveObjects: 0.481800 ms CreateObjectMapping: 0.283700 ms MarkObjects: 2.757000 ms  DeleteObjects: 0.022100 ms)

========================================================================
Received Prepare
Registering precompiled user dll's ...
Registered in 0.003458 seconds.
Begin MonoManager ReloadAssembly
Native extension for WindowsStandalone target not found
Native extension for WebGL target not found
Refreshing native plugins compatible for Editor in 0.85 ms, found 1 plugins.
Preloading 0 native plugins for Editor in 0.00 ms.
Invoked RoslynAnalysisRunner static constructor.
RoslynAnalysisRunner will not be running.
RoslynAnalysisRunner has terminated.
Mono: successfully reloaded assembly
- Completed reload, in  1.202 seconds
Platform modules already initialized, skipping
Shader 'Universal Render Pipeline/Particles/Lit': fallback shader 'Universal Render Pipeline/Particles/SimpleLit' not found
Refreshing native plugins compatible for Editor in 0.88 ms, found 1 plugins.
Preloading 0 native plugins for Editor in 0.00 ms.
Unloading 3931 Unused Serialized files (Serialized files now loaded: 0)
System memory in use before: 160.4 MB.
System memory in use after: 160.7 MB.

Unloading 13 unused Assets to reduce memory usage. Loaded Objects now: 4659.
Total: 4.309700 ms (FindLiveObjects: 0.517900 ms CreateObjectMapping: 0.545100 ms MarkObjects: 3.221600 ms  DeleteObjects: 0.023700 ms)

========================================================================
Received Prepare
Registering precompiled user dll's ...
Registered in 0.003064 seconds.
Begin MonoManager ReloadAssembly
Native extension for WindowsStandalone target not found
Native extension for WebGL target not found
Refreshing native plugins compatible for Editor in 1.00 ms, found 1 plugins.
Preloading 0 native plugins for Editor in 0.00 ms.
Invoked RoslynAnalysisRunner static constructor.
RoslynAnalysisRunner will not be running.
RoslynAnalysisRunner has terminated.
Mono: successfully reloaded assembly
- Completed reload, in  1.153 seconds
Platform modules already initialized, skipping
Shader 'Universal Render Pipeline/Particles/Lit': fallback shader 'Universal Render Pipeline/Particles/SimpleLit' not found
Refreshing native plugins compatible for Editor in 0.94 ms, found 1 plugins.
Preloading 0 native plugins for Editor in 0.00 ms.
Unloading 3931 Unused Serialized files (Serialized files now loaded: 0)
System memory in use before: 160.4 MB.
System memory in use after: 160.7 MB.

Unloading 13 unused Assets to reduce memory usage. Loaded Objects now: 4663.
Total: 3.546400 ms (FindLiveObjects: 0.363500 ms CreateObjectMapping: 0.172400 ms MarkObjects: 2.987400 ms  DeleteObjects: 0.021900 ms)

AssetImportWorkerClient::OnTransportError - code=2 error=End of file
