Using pre-set license
Built from '2020.3/staging' branch; Version is '2020.3.0f1 (c7b5465681fb) revision 13088070'; Using compiler version '192528614'; Build Type 'Release'
OS: 'Windows 10 Home; OS build 19042.1237; Version 2009; 64bit' Language: 'sv' Physical Memory: 8132 MB
BatchMode: 1, IsHumanControllingUs: 0, StartBugReporterOnCrash: 0, Is64bit: 1, IsPro: 0

 COMMAND LINE ARGUMENTS:
D:\Unity\Unity Engine\2020.3.0f1\Editor\Unity.exe
-adb2
-batchMode
-noUpm
-name
AssetImportWorker1
-projectPath
D:/GitHub/INCANTATION_GAME/INCANTATION
-logFile
Logs/AssetImportWorker1.log
-srvPort
56818
Successfully changed project path to: D:/GitHub/INCANTATION_GAME/INCANTATION
D:/GitHub/INCANTATION_GAME/INCANTATION
Using Asset Import Pipeline V2.
Refreshing native plugins compatible for Editor in 100.87 ms, found 1 plugins.
Preloading 0 native plugins for Editor in 0.00 ms.
Initialize engine version: 2020.3.0f1 (c7b5465681fb)
[Subsystems] Discovering subsystems at path D:/Unity/Unity Engine/2020.3.0f1/Editor/Data/Resources/UnitySubsystems
[Subsystems] Discovering subsystems at path D:/GitHub/INCANTATION_GAME/INCANTATION/Assets
GfxDevice: creating device client; threaded=0
Direct3D:
    Version:  Direct3D 11.0 [level 11.1]
    Renderer: NVIDIA GeForce GTX 970 (ID=0x13c2)
    Vendor:   
    VRAM:     4043 MB
    Driver:   27.21.14.6611
Shader 'Universal Render Pipeline/Particles/Lit': fallback shader 'Universal Render Pipeline/Particles/SimpleLit' not found
Initialize mono
Mono path[0] = 'D:/Unity/Unity Engine/2020.3.0f1/Editor/Data/Managed'
Mono path[1] = 'D:/Unity/Unity Engine/2020.3.0f1/Editor/Data/MonoBleedingEdge/lib/mono/unityjit'
Mono config path = 'D:/Unity/Unity Engine/2020.3.0f1/Editor/Data/MonoBleedingEdge/etc'
Using monoOptions --debugger-agent=transport=dt_socket,embedding=1,server=y,suspend=n,address=127.0.0.1:56824
Begin MonoManager ReloadAssembly
Registering precompiled unity dll's ...
Register platform support module: D:/Unity/Unity Engine/2020.3.0f1/Editor/Data/PlaybackEngines/WebGLSupport/UnityEditor.WebGL.Extensions.dll
Register platform support module: D:/Unity/Unity Engine/2020.3.0f1/Editor/Data/PlaybackEngines/WindowsStandaloneSupport/UnityEditor.WindowsStandalone.Extensions.dll
Registered in 0.001311 seconds.
Native extension for WindowsStandalone target not found
Native extension for WebGL target not found
Refreshing native plugins compatible for Editor in 109.49 ms, found 1 plugins.
Preloading 0 native plugins for Editor in 0.00 ms.
Invoked RoslynAnalysisRunner static constructor.
RoslynAnalysisRunner will not be running.
RoslynAnalysisRunner has terminated.
Mono: successfully reloaded assembly
- Completed reload, in  2.002 seconds
Platform modules already initialized, skipping
Registering precompiled user dll's ...
Registered in 0.003218 seconds.
Begin MonoManager ReloadAssembly
Native extension for WindowsStandalone target not found
Native extension for WebGL target not found
Refreshing native plugins compatible for Editor in 109.50 ms, found 1 plugins.
Preloading 0 native plugins for Editor in 0.00 ms.
Invoked RoslynAnalysisRunner static constructor.
RoslynAnalysisRunner will not be running.
RoslynAnalysisRunner has terminated.
Mono: successfully reloaded assembly
- Completed reload, in  1.601 seconds
Platform modules already initialized, skipping
========================================================================
Worker process is ready to serve import requests
Shader 'Universal Render Pipeline/Particles/Lit': fallback shader 'Universal Render Pipeline/Particles/SimpleLit' not found
Launched and connected shader compiler UnityShaderCompiler.exe after 0.10 seconds
Refreshing native plugins compatible for Editor in 0.90 ms, found 1 plugins.
Preloading 0 native plugins for Editor in 0.00 ms.
Unloading 4100 Unused Serialized files (Serialized files now loaded: 0)
System memory in use before: 168.2 MB.
System memory in use after: 168.4 MB.

Unloading 44 unused Assets to reduce memory usage. Loaded Objects now: 4531.
Total: 3.918200 ms (FindLiveObjects: 0.548100 ms CreateObjectMapping: 0.417800 ms MarkObjects: 2.893600 ms  DeleteObjects: 0.057000 ms)

========================================================================
Received Import Request.
  path: Assets/Scenes/SceneOne 1.unity
  artifactKey: Guid(c14ccb7e3d6541f4ca513be64470e803) Importer(815301076,1909f56bfc062723c751e8b465ee728b)
Start importing Assets/Scenes/SceneOne 1.unity using Guid(c14ccb7e3d6541f4ca513be64470e803) Importer(815301076,1909f56bfc062723c751e8b465ee728b)  -> (artifact id: 'd536db49946108c3036c26912938e1b4') in 0.044201 seconds
  Import took 0.082380 seconds .

========================================================================
Received Import Request.
  Time since last request: 0.001025 seconds.
  path: Assets/Scenes/SceneOne.unity
  artifactKey: Guid(12c8671d2290aa94db4f0a60a5fc27cf) Importer(815301076,1909f56bfc062723c751e8b465ee728b)
Start importing Assets/Scenes/SceneOne.unity using Guid(12c8671d2290aa94db4f0a60a5fc27cf) Importer(815301076,1909f56bfc062723c751e8b465ee728b)  -> (artifact id: '79d37103271a0d2f3432f1a3a8cfb1be') in 0.006718 seconds
  Import took 0.038010 seconds .

========================================================================
Received Prepare
Shader 'Universal Render Pipeline/Particles/Lit': fallback shader 'Universal Render Pipeline/Particles/SimpleLit' not found
Refreshing native plugins compatible for Editor in 3.06 ms, found 1 plugins.
Preloading 0 native plugins for Editor in 0.00 ms.
Unloading 11 Unused Serialized files (Serialized files now loaded: 0)
System memory in use before: 82.6 MB.
System memory in use after: 82.9 MB.

Unloading 11 unused Assets to reduce memory usage. Loaded Objects now: 4531.
Total: 4.036800 ms (FindLiveObjects: 0.463600 ms CreateObjectMapping: 0.316300 ms MarkObjects: 3.223300 ms  DeleteObjects: 0.031600 ms)

========================================================================
Received Prepare
Shader 'Universal Render Pipeline/Particles/Lit': fallback shader 'Universal Render Pipeline/Particles/SimpleLit' not found
Refreshing native plugins compatible for Editor in 2.68 ms, found 1 plugins.
Preloading 0 native plugins for Editor in 0.00 ms.
Unloading 11 Unused Serialized files (Serialized files now loaded: 0)
System memory in use before: 82.6 MB.
System memory in use after: 82.9 MB.

Unloading 11 unused Assets to reduce memory usage. Loaded Objects now: 4531.
Total: 5.120200 ms (FindLiveObjects: 0.555100 ms CreateObjectMapping: 0.443700 ms MarkObjects: 4.079400 ms  DeleteObjects: 0.040700 ms)

========================================================================
Received Import Request.
  Time since last request: 320.834760 seconds.
  path: Assets/Scenes/MainMenu.unity
  artifactKey: Guid(a83e0cdef32342148858395c93691e27) Importer(815301076,1909f56bfc062723c751e8b465ee728b)
Start importing Assets/Scenes/MainMenu.unity using Guid(a83e0cdef32342148858395c93691e27) Importer(815301076,1909f56bfc062723c751e8b465ee728b)  -> (artifact id: '474be7debc914380da5e77e5d4879ed2') in 0.009371 seconds
  Import took 0.054287 seconds .

========================================================================
Received Import Request.
  Time since last request: 323.720960 seconds.
  path: Assets/Scenes/SceneOne.unity
  artifactKey: Guid(12c8671d2290aa94db4f0a60a5fc27cf) Importer(815301076,1909f56bfc062723c751e8b465ee728b)
Start importing Assets/Scenes/SceneOne.unity using Guid(12c8671d2290aa94db4f0a60a5fc27cf) Importer(815301076,1909f56bfc062723c751e8b465ee728b)  -> (artifact id: 'fe612d42258e6c3d8bde97031d088464') in 0.003866 seconds
  Import took 0.026004 seconds .

========================================================================
Received Import Request.
  Time since last request: 21.604703 seconds.
  path: Assets/Prefabs/UI/SettingsMenu.prefab
  artifactKey: Guid(f242a6bea3f6f63468792abce5e877da) Importer(815301076,1909f56bfc062723c751e8b465ee728b)
Start importing Assets/Prefabs/UI/SettingsMenu.prefab using Guid(f242a6bea3f6f63468792abce5e877da) Importer(815301076,1909f56bfc062723c751e8b465ee728b)  -> (artifact id: 'c341284775ba375dad4069cebe710f94') in 0.193151 seconds
  Import took 0.227099 seconds .

========================================================================
Received Import Request.
  Time since last request: 7.196385 seconds.
  path: Assets/Scenes/MainMenu.unity
  artifactKey: Guid(a83e0cdef32342148858395c93691e27) Importer(815301076,1909f56bfc062723c751e8b465ee728b)
Start importing Assets/Scenes/MainMenu.unity using Guid(a83e0cdef32342148858395c93691e27) Importer(815301076,1909f56bfc062723c751e8b465ee728b)  -> (artifact id: '971329dbe4613a0ca30e5b60643b6332') in 0.002644 seconds
  Import took 0.027907 seconds .

========================================================================
Received Prepare
Registering precompiled user dll's ...
Registered in 0.003746 seconds.
Begin MonoManager ReloadAssembly
Native extension for WindowsStandalone target not found
Native extension for WebGL target not found
Refreshing native plugins compatible for Editor in 0.82 ms, found 1 plugins.
Preloading 0 native plugins for Editor in 0.00 ms.
Invoked RoslynAnalysisRunner static constructor.
RoslynAnalysisRunner will not be running.
RoslynAnalysisRunner has terminated.
Mono: successfully reloaded assembly
- Completed reload, in  1.120 seconds
Platform modules already initialized, skipping
Shader 'Universal Render Pipeline/Particles/Lit': fallback shader 'Universal Render Pipeline/Particles/SimpleLit' not found
Refreshing native plugins compatible for Editor in 1.03 ms, found 1 plugins.
Preloading 0 native plugins for Editor in 0.00 ms.
Unloading 3931 Unused Serialized files (Serialized files now loaded: 0)
System memory in use before: 160.2 MB.
System memory in use after: 160.5 MB.

Unloading 19 unused Assets to reduce memory usage. Loaded Objects now: 4537.
Total: 4.917600 ms (FindLiveObjects: 0.527700 ms CreateObjectMapping: 0.691100 ms MarkObjects: 3.652000 ms  DeleteObjects: 0.045000 ms)

========================================================================
Received Import Request.
  Time since last request: 1123.239010 seconds.
  path: Assets/Animation/UI/Dialog/DialogChoice_Close.anim
  artifactKey: Guid(6fafa4960f04cf3419db562281f188bc) Importer(815301076,1909f56bfc062723c751e8b465ee728b)
Start importing Assets/Animation/UI/Dialog/DialogChoice_Close.anim using Guid(6fafa4960f04cf3419db562281f188bc) Importer(815301076,1909f56bfc062723c751e8b465ee728b)  -> (artifact id: '8152cab744aebd133bf291c102600917') in 0.044227 seconds
  Import took 0.087136 seconds .

========================================================================
Received Prepare
Registering precompiled user dll's ...
Registered in 0.003061 seconds.
Begin MonoManager ReloadAssembly
Native extension for WindowsStandalone target not found
Native extension for WebGL target not found
Refreshing native plugins compatible for Editor in 0.89 ms, found 1 plugins.
Preloading 0 native plugins for Editor in 0.00 ms.
Invoked RoslynAnalysisRunner static constructor.
RoslynAnalysisRunner will not be running.
RoslynAnalysisRunner has terminated.
Mono: successfully reloaded assembly
- Completed reload, in  1.098 seconds
Platform modules already initialized, skipping
Shader 'Universal Render Pipeline/Particles/Lit': fallback shader 'Universal Render Pipeline/Particles/SimpleLit' not found
Refreshing native plugins compatible for Editor in 1.00 ms, found 1 plugins.
Preloading 0 native plugins for Editor in 0.00 ms.
Unloading 3931 Unused Serialized files (Serialized files now loaded: 0)
System memory in use before: 160.3 MB.
System memory in use after: 160.6 MB.

Unloading 13 unused Assets to reduce memory usage. Loaded Objects now: 4541.
Total: 4.562800 ms (FindLiveObjects: 0.585300 ms CreateObjectMapping: 0.526600 ms MarkObjects: 3.424300 ms  DeleteObjects: 0.024700 ms)

========================================================================
Received Prepare
Registering precompiled user dll's ...
Registered in 0.003043 seconds.
Begin MonoManager ReloadAssembly
Native extension for WindowsStandalone target not found
Native extension for WebGL target not found
Refreshing native plugins compatible for Editor in 0.80 ms, found 1 plugins.
Preloading 0 native plugins for Editor in 0.00 ms.
Invoked RoslynAnalysisRunner static constructor.
RoslynAnalysisRunner will not be running.
RoslynAnalysisRunner has terminated.
Mono: successfully reloaded assembly
- Completed reload, in  1.054 seconds
Platform modules already initialized, skipping
Shader 'Universal Render Pipeline/Particles/Lit': fallback shader 'Universal Render Pipeline/Particles/SimpleLit' not found
Refreshing native plugins compatible for Editor in 0.91 ms, found 1 plugins.
Preloading 0 native plugins for Editor in 0.00 ms.
Unloading 3931 Unused Serialized files (Serialized files now loaded: 0)
System memory in use before: 160.3 MB.
System memory in use after: 160.6 MB.

Unloading 13 unused Assets to reduce memory usage. Loaded Objects now: 4545.
Total: 4.423300 ms (FindLiveObjects: 0.534400 ms CreateObjectMapping: 0.461600 ms MarkObjects: 3.394100 ms  DeleteObjects: 0.032100 ms)

========================================================================
Received Import Request.
  Time since last request: 32.125311 seconds.
  path: Assets/Animation/UI/Dialog/DialogChoice_Close.anim
  artifactKey: Guid(6fafa4960f04cf3419db562281f188bc) Importer(815301076,1909f56bfc062723c751e8b465ee728b)
Start importing Assets/Animation/UI/Dialog/DialogChoice_Close.anim using Guid(6fafa4960f04cf3419db562281f188bc) Importer(815301076,1909f56bfc062723c751e8b465ee728b)  -> (artifact id: 'fb0e9f8089bf437839e376ea06e32fa9') in 0.014200 seconds
  Import took 0.042268 seconds .

========================================================================
Received Prepare
Registering precompiled user dll's ...
Registered in 0.003659 seconds.
Begin MonoManager ReloadAssembly
Native extension for WindowsStandalone target not found
Native extension for WebGL target not found
Refreshing native plugins compatible for Editor in 0.79 ms, found 1 plugins.
Preloading 0 native plugins for Editor in 0.00 ms.
Invoked RoslynAnalysisRunner static constructor.
RoslynAnalysisRunner will not be running.
RoslynAnalysisRunner has terminated.
Mono: successfully reloaded assembly
- Completed reload, in  1.157 seconds
Platform modules already initialized, skipping
Shader 'Universal Render Pipeline/Particles/Lit': fallback shader 'Universal Render Pipeline/Particles/SimpleLit' not found
Refreshing native plugins compatible for Editor in 1.29 ms, found 1 plugins.
Preloading 0 native plugins for Editor in 0.00 ms.
Unloading 3931 Unused Serialized files (Serialized files now loaded: 0)
System memory in use before: 160.4 MB.
System memory in use after: 160.6 MB.

Unloading 13 unused Assets to reduce memory usage. Loaded Objects now: 4549.
Total: 4.170500 ms (FindLiveObjects: 0.572400 ms CreateObjectMapping: 0.437400 ms MarkObjects: 3.138800 ms  DeleteObjects: 0.020600 ms)

========================================================================
Received Prepare
Registering precompiled user dll's ...
Registered in 0.003135 seconds.
Begin MonoManager ReloadAssembly
Native extension for WindowsStandalone target not found
Native extension for WebGL target not found
Refreshing native plugins compatible for Editor in 0.94 ms, found 1 plugins.
Preloading 0 native plugins for Editor in 0.00 ms.
Invoked RoslynAnalysisRunner static constructor.
RoslynAnalysisRunner will not be running.
RoslynAnalysisRunner has terminated.
Mono: successfully reloaded assembly
- Completed reload, in  1.093 seconds
Platform modules already initialized, skipping
Shader 'Universal Render Pipeline/Particles/Lit': fallback shader 'Universal Render Pipeline/Particles/SimpleLit' not found
Refreshing native plugins compatible for Editor in 0.92 ms, found 1 plugins.
Preloading 0 native plugins for Editor in 0.00 ms.
Unloading 3931 Unused Serialized files (Serialized files now loaded: 0)
System memory in use before: 160.4 MB.
System memory in use after: 160.6 MB.

Unloading 13 unused Assets to reduce memory usage. Loaded Objects now: 4553.
Total: 4.620500 ms (FindLiveObjects: 0.633000 ms CreateObjectMapping: 0.495200 ms MarkObjects: 3.465200 ms  DeleteObjects: 0.025500 ms)

========================================================================
Received Prepare
Registering precompiled user dll's ...
Registered in 0.003854 seconds.
Begin MonoManager ReloadAssembly
Native extension for WindowsStandalone target not found
Native extension for WebGL target not found
Refreshing native plugins compatible for Editor in 1.00 ms, found 1 plugins.
Preloading 0 native plugins for Editor in 0.00 ms.
Invoked RoslynAnalysisRunner static constructor.
RoslynAnalysisRunner will not be running.
RoslynAnalysisRunner has terminated.
Mono: successfully reloaded assembly
- Completed reload, in  1.188 seconds
Platform modules already initialized, skipping
Shader 'Universal Render Pipeline/Particles/Lit': fallback shader 'Universal Render Pipeline/Particles/SimpleLit' not found
Refreshing native plugins compatible for Editor in 0.91 ms, found 1 plugins.
Preloading 0 native plugins for Editor in 0.00 ms.
Unloading 3931 Unused Serialized files (Serialized files now loaded: 0)
System memory in use before: 160.4 MB.
System memory in use after: 160.7 MB.

Unloading 13 unused Assets to reduce memory usage. Loaded Objects now: 4557.
Total: 4.667500 ms (FindLiveObjects: 0.757100 ms CreateObjectMapping: 0.476600 ms MarkObjects: 3.407800 ms  DeleteObjects: 0.024100 ms)

========================================================================
Received Import Request.
  Time since last request: 1321.995314 seconds.
  path: Assets/Scenes/MainMenu.unity
  artifactKey: Guid(a83e0cdef32342148858395c93691e27) Importer(815301076,1909f56bfc062723c751e8b465ee728b)
Start importing Assets/Scenes/MainMenu.unity using Guid(a83e0cdef32342148858395c93691e27) Importer(815301076,1909f56bfc062723c751e8b465ee728b)  -> (artifact id: 'c3c35cab20d3bed9d44fcf1e9dfa8693') in 0.016167 seconds
  Import took 0.039876 seconds .

========================================================================
Received Import Request.
  Time since last request: 46.412284 seconds.
  path: Assets/Scenes/SceneOne.unity
  artifactKey: Guid(12c8671d2290aa94db4f0a60a5fc27cf) Importer(815301076,1909f56bfc062723c751e8b465ee728b)
Start importing Assets/Scenes/SceneOne.unity using Guid(12c8671d2290aa94db4f0a60a5fc27cf) Importer(815301076,1909f56bfc062723c751e8b465ee728b)  -> (artifact id: 'a2f8797e05d7655804820ada0da3842d') in 0.002068 seconds
  Import took 0.028764 seconds .

========================================================================
Received Import Request.
  Time since last request: 31.407648 seconds.
  path: Assets/Prefabs/UI/SettingsMenu.prefab
  artifactKey: Guid(f242a6bea3f6f63468792abce5e877da) Importer(815301076,1909f56bfc062723c751e8b465ee728b)
Start importing Assets/Prefabs/UI/SettingsMenu.prefab using Guid(f242a6bea3f6f63468792abce5e877da) Importer(815301076,1909f56bfc062723c751e8b465ee728b)  -> (artifact id: 'db07c3205e3b528ef293230d3bf11550') in 0.068957 seconds
  Import took 0.093189 seconds .

AssetImportWorkerClient::OnTransportError - code=2 error=End of file
